CeedVector length 40
  0.0101229
  0.0222381
  0.0313707
  0.0362684
  0.0362684
  0.0313707
  0.0222381
  0.0101229
  0.0101229
  0.0222381
  0.0313707
  0.0362684
  0.0362684
  0.0313707
  0.0222381
  0.0101229
  0.0101229
  0.0222381
  0.0313707
  0.0362684
  0.0362684
  0.0313707
  0.0222381
  0.0101229
  0.0101229
  0.0222381
  0.0313707
  0.0362684
  0.0362684
  0.0313707
  0.0222381
  0.0101229
  0.0101229
  0.0222381
  0.0313707
  0.0362684
  0.0362684
  0.0313707
  0.0222381
  0.0101229
