[viz003:02868] mca_base_component_repository_open: unable to open mca_btl_openib: librdmacm.so.1: cannot open shared object file: No such file or directory (ignored)
[0]PETSC ERROR: --------------------- Error Message --------------------------------------------------------------
[0]PETSC ERROR: Unable to open file
[0]PETSC ERROR: Unable to open YAML option file: gwgwNoper1.yaml
[0]PETSC ERROR: See https://petsc.org/release/faq/ for trouble shooting.
[0]PETSC ERROR: Petsc Development GIT revision: v3.20.4-1848-ge30157ff951  GIT Date: 2024-08-13 15:03:51 -0600
[0]PETSC ERROR: ../navierstokes with 1 MPI process(es) and PETSC_ARCH Viz003debug on viz003 by kjansen Tue Aug 27 08:38:11 2024
[0]PETSC ERROR: Configure options: --with-debugging=1 --with-64-bit-indices --with-cc=mpicc --with-cxx=mpicxx --with-fc=0 --COPTFLAGS="-O0 -g" --CXXOPTFLAGS="-O0 -g" --FOPTFLAGS="-O0 -g" --download-hdf5 --download-cgns --download-metis --download-parmetis --PETSC_ARCH=Viz003debug
[0]PETSC ERROR: #1 PetscOptionsInsertFileYAML() at /projects/tools/petsc/petsc_kjansenFork/petsc-kjansen-fork/src/sys/objects/optionsyaml.c:263
[0]PETSC ERROR: #2 PetscOptionsInsertFile() at /projects/tools/petsc/petsc_kjansenFork/petsc-kjansen-fork/src/sys/objects/options.c:637
[0]PETSC ERROR: #3 PetscOptionsInsertArgs() at /projects/tools/petsc/petsc_kjansenFork/petsc-kjansen-fork/src/sys/objects/options.c:678
[0]PETSC ERROR: #4 PetscOptionsInsert() at /projects/tools/petsc/petsc_kjansenFork/petsc-kjansen-fork/src/sys/objects/options.c:906
[0]PETSC ERROR: #5 PetscInitialize_Common() at /projects/tools/petsc/petsc_kjansenFork/petsc-kjansen-fork/src/sys/objects/pinit.c:982
[0]PETSC ERROR: #6 PetscInitialize() at /projects/tools/petsc/petsc_kjansenFork/petsc-kjansen-fork/src/sys/objects/pinit.c:1323
[0]PETSC ERROR: #7 main() at /projects/tools/libCEED/libCEED/examples/fluids/navierstokes.c:66
[0]PETSC ERROR: No PETSc Option Table entries
[0]PETSC ERROR: ----------------End of Error Message -------send entire error message to petsc-maint@mcs.anl.gov----------
--------------------------------------------------------------------------
MPI_ABORT was invoked on rank 0 in communicator MPI_COMM_SELF
with errorcode 65.

NOTE: invoking MPI_ABORT causes Open MPI to kill all MPI processes.
You may or may not see output from other processes, depending on
exactly when Open MPI kills them.
--------------------------------------------------------------------------
[viz003:02918] mca_base_component_repository_open: unable to open mca_btl_openib: librdmacm.so.1: cannot open shared object file: No such file or directory (ignored)
After Initialize navierstokes.c : 
Warning! -pmat_pbdiagonal no longer used. Pmat assembly determined from -pc_type setting
After Command Line Options navierstokes.c : 
[38;5;1m
---------- Registering Backends ----------
[m
Backend Register: /cpu/self/avx/blocked
Backend Register: /cpu/self/avx/serial
Weak Register   : /gpu/cuda/ref
Weak Register   : /gpu/cuda/gen
Weak Register   : /gpu/cuda/shared
Weak Register   : /gpu/hip/ref
Weak Register   : /gpu/hip/gen
Weak Register   : /gpu/hip/shared
Weak Register   : /gpu/sycl/ref
Weak Register   : /gpu/sycl/shared
Weak Register   : /gpu/sycl/gen
Weak Register   : /gpu/cuda/magma
Weak Register   : /gpu/hip/magma
Weak Register   : /gpu/cuda/magma/det
Weak Register   : /gpu/hip/magma/det
Backend Register: /cpu/self/memcheck/blocked
Backend Register: /cpu/self/memcheck/serial
Weak Register   : /cpu/self/occa
Weak Register   : /cpu/openmp/occa
Weak Register   : /gpu/dpcpp/occa
Weak Register   : /gpu/opencl/occa
Weak Register   : /gpu/hip/occa
Weak Register   : /gpu/cuda/occa
Backend Register: /cpu/self/opt/blocked
Backend Register: /cpu/self/opt/serial
Backend Register: /cpu/self/ref/serial
Backend Register: /cpu/self/ref/blocked
Weak Register   : /cpu/self/xsmm/blocked
Weak Register   : /cpu/self/xsmm/serial
Before CeedGetResource navierstokes.c : 
After CeedGetResource navierstokes.c : 
After DMSetFromOptions in CreateDM in setupdm.c : 
DM Object: zbox 1 MPI process
  type: plex
zbox in 3 dimensions:
Supports:
[0] Max support size: 3
[0]: 1 ----> 15
[0]: 1 ----> 18
[0]: 1 ----> 24
[0]: 2 ----> 19
[0]: 2 ----> 22
[0]: 2 ----> 24
[0]: 3 ----> 15
[0]: 3 ----> 16
[0]: 3 ----> 25
[0]: 4 ----> 21
[0]: 4 ----> 22
[0]: 4 ----> 25
[0]: 5 ----> 17
[0]: 5 ----> 18
[0]: 5 ----> 23
[0]: 6 ----> 19
[0]: 6 ----> 20
[0]: 6 ----> 23
[0]: 7 ----> 16
[0]: 7 ----> 17
[0]: 7 ----> 26
[0]: 8 ----> 20
[0]: 8 ----> 21
[0]: 8 ----> 26
[0]: 9 ----> 0
[0]: 10 ----> 0
[0]: 11 ----> 0
[0]: 12 ----> 0
[0]: 13 ----> 0
[0]: 14 ----> 0
[0]: 15 ----> 9
[0]: 15 ----> 14
[0]: 16 ----> 9
[0]: 16 ----> 12
[0]: 17 ----> 9
[0]: 17 ----> 13
[0]: 18 ----> 9
[0]: 18 ----> 11
[0]: 19 ----> 10
[0]: 19 ----> 11
[0]: 20 ----> 10
[0]: 20 ----> 13
[0]: 21 ----> 10
[0]: 21 ----> 12
[0]: 22 ----> 10
[0]: 22 ----> 14
[0]: 23 ----> 11
[0]: 23 ----> 13
[0]: 24 ----> 11
[0]: 24 ----> 14
[0]: 25 ----> 12
[0]: 25 ----> 14
[0]: 26 ----> 12
[0]: 26 ----> 13
Cones:
[0] Max cone size: 6
[0]: 0 <---- 9 (-2)
[0]: 0 <---- 10 (0)
[0]: 0 <---- 11 (-2)
[0]: 0 <---- 12 (3)
[0]: 0 <---- 13 (0)
[0]: 0 <---- 14 (-2)
[0]: 9 <---- 18 (0)
[0]: 9 <---- 17 (0)
[0]: 9 <---- 16 (-1)
[0]: 9 <---- 15 (-1)
[0]: 10 <---- 19 (0)
[0]: 10 <---- 20 (0)
[0]: 10 <---- 21 (-1)
[0]: 10 <---- 22 (-1)
[0]: 11 <---- 24 (0)
[0]: 11 <---- 19 (0)
[0]: 11 <---- 23 (-1)
[0]: 11 <---- 18 (-1)
[0]: 12 <---- 25 (0)
[0]: 12 <---- 21 (0)
[0]: 12 <---- 26 (-1)
[0]: 12 <---- 16 (-1)
[0]: 13 <---- 17 (0)
[0]: 13 <---- 26 (0)
[0]: 13 <---- 20 (-1)
[0]: 13 <---- 23 (-1)
[0]: 14 <---- 15 (0)
[0]: 14 <---- 25 (0)
[0]: 14 <---- 22 (-1)
[0]: 14 <---- 24 (-1)
[0]: 15 <---- 1 (0)
[0]: 15 <---- 3 (0)
[0]: 16 <---- 3 (0)
[0]: 16 <---- 7 (0)
[0]: 17 <---- 5 (0)
[0]: 17 <---- 7 (0)
[0]: 18 <---- 1 (0)
[0]: 18 <---- 5 (0)
[0]: 19 <---- 2 (0)
[0]: 19 <---- 6 (0)
[0]: 20 <---- 6 (0)
[0]: 20 <---- 8 (0)
[0]: 21 <---- 4 (0)
[0]: 21 <---- 8 (0)
[0]: 22 <---- 2 (0)
[0]: 22 <---- 4 (0)
[0]: 23 <---- 5 (0)
[0]: 23 <---- 6 (0)
[0]: 24 <---- 1 (0)
[0]: 24 <---- 2 (0)
[0]: 25 <---- 3 (0)
[0]: 25 <---- 4 (0)
[0]: 26 <---- 7 (0)
[0]: 26 <---- 8 (0)
coordinates with 1 fields
  field 0 with 3 components
Process 0:
  (   1) dim  3 offset   0 0. 0. 0.
  (   2) dim  3 offset   3 0. 0. 0.025
  (   3) dim  3 offset   6 0. 1. 0.
  (   4) dim  3 offset   9 0. 1. 0.025
  (   5) dim  3 offset  12 1. 0. 0.
  (   6) dim  3 offset  15 1. 0. 0.025
  (   7) dim  3 offset  18 1. 1. 0.
  (   8) dim  3 offset  21 1. 1. 0.025
Labels:
Label 'celltype':
[0]: 1 (0)
[0]: 2 (0)
[0]: 3 (0)
[0]: 4 (0)
[0]: 5 (0)
[0]: 6 (0)
[0]: 7 (0)
[0]: 8 (0)
[0]: 0 (7)
[0]: 9 (4)
[0]: 10 (4)
[0]: 11 (4)
[0]: 12 (4)
[0]: 13 (4)
[0]: 14 (4)
[0]: 15 (1)
[0]: 16 (1)
[0]: 17 (1)
[0]: 18 (1)
[0]: 19 (1)
[0]: 20 (1)
[0]: 21 (1)
[0]: 22 (1)
[0]: 23 (1)
[0]: 24 (1)
[0]: 25 (1)
[0]: 26 (1)
Label 'Face Sets':
[0]: 9 (1)
[0]: 10 (2)
[0]: 11 (3)
[0]: 12 (4)
[0]: 13 (5)
[0]: 14 (6)
After CreateDMnavierstokes.c : 
Before setupDM navierstokes.c : 
Just inside of SetUpDM in setupdm.c : 
DM Object: zbox 1 MPI process
  type: plex
zbox in 3 dimensions:
Supports:
[0] Max support size: 3
[0]: 1 ----> 15
[0]: 1 ----> 18
[0]: 1 ----> 24
[0]: 2 ----> 19
[0]: 2 ----> 22
[0]: 2 ----> 24
[0]: 3 ----> 15
[0]: 3 ----> 16
[0]: 3 ----> 25
[0]: 4 ----> 21
[0]: 4 ----> 22
[0]: 4 ----> 25
[0]: 5 ----> 17
[0]: 5 ----> 18
[0]: 5 ----> 23
[0]: 6 ----> 19
[0]: 6 ----> 20
[0]: 6 ----> 23
[0]: 7 ----> 16
[0]: 7 ----> 17
[0]: 7 ----> 26
[0]: 8 ----> 20
[0]: 8 ----> 21
[0]: 8 ----> 26
[0]: 9 ----> 0
[0]: 10 ----> 0
[0]: 11 ----> 0
[0]: 12 ----> 0
[0]: 13 ----> 0
[0]: 14 ----> 0
[0]: 15 ----> 9
[0]: 15 ----> 14
[0]: 16 ----> 9
[0]: 16 ----> 12
[0]: 17 ----> 9
[0]: 17 ----> 13
[0]: 18 ----> 9
[0]: 18 ----> 11
[0]: 19 ----> 10
[0]: 19 ----> 11
[0]: 20 ----> 10
[0]: 20 ----> 13
[0]: 21 ----> 10
[0]: 21 ----> 12
[0]: 22 ----> 10
[0]: 22 ----> 14
[0]: 23 ----> 11
[0]: 23 ----> 13
[0]: 24 ----> 11
[0]: 24 ----> 14
[0]: 25 ----> 12
[0]: 25 ----> 14
[0]: 26 ----> 12
[0]: 26 ----> 13
Cones:
[0] Max cone size: 6
[0]: 0 <---- 9 (-2)
[0]: 0 <---- 10 (0)
[0]: 0 <---- 11 (-2)
[0]: 0 <---- 12 (3)
[0]: 0 <---- 13 (0)
[0]: 0 <---- 14 (-2)
[0]: 9 <---- 18 (0)
[0]: 9 <---- 17 (0)
[0]: 9 <---- 16 (-1)
[0]: 9 <---- 15 (-1)
[0]: 10 <---- 19 (0)
[0]: 10 <---- 20 (0)
[0]: 10 <---- 21 (-1)
[0]: 10 <---- 22 (-1)
[0]: 11 <---- 24 (0)
[0]: 11 <---- 19 (0)
[0]: 11 <---- 23 (-1)
[0]: 11 <---- 18 (-1)
[0]: 12 <---- 25 (0)
[0]: 12 <---- 21 (0)
[0]: 12 <---- 26 (-1)
[0]: 12 <---- 16 (-1)
[0]: 13 <---- 17 (0)
[0]: 13 <---- 26 (0)
[0]: 13 <---- 20 (-1)
[0]: 13 <---- 23 (-1)
[0]: 14 <---- 15 (0)
[0]: 14 <---- 25 (0)
[0]: 14 <---- 22 (-1)
[0]: 14 <---- 24 (-1)
[0]: 15 <---- 1 (0)
[0]: 15 <---- 3 (0)
[0]: 16 <---- 3 (0)
[0]: 16 <---- 7 (0)
[0]: 17 <---- 5 (0)
[0]: 17 <---- 7 (0)
[0]: 18 <---- 1 (0)
[0]: 18 <---- 5 (0)
[0]: 19 <---- 2 (0)
[0]: 19 <---- 6 (0)
[0]: 20 <---- 6 (0)
[0]: 20 <---- 8 (0)
[0]: 21 <---- 4 (0)
[0]: 21 <---- 8 (0)
[0]: 22 <---- 2 (0)
[0]: 22 <---- 4 (0)
[0]: 23 <---- 5 (0)
[0]: 23 <---- 6 (0)
[0]: 24 <---- 1 (0)
[0]: 24 <---- 2 (0)
[0]: 25 <---- 3 (0)
[0]: 25 <---- 4 (0)
[0]: 26 <---- 7 (0)
[0]: 26 <---- 8 (0)
coordinates with 1 fields
  field 0 with 3 components
Process 0:
  (   1) dim  3 offset   0 0. 0. 0.
  (   2) dim  3 offset   3 0. 0. 0.025
  (   3) dim  3 offset   6 0. 1. 0.
  (   4) dim  3 offset   9 0. 1. 0.025
  (   5) dim  3 offset  12 1. 0. 0.
  (   6) dim  3 offset  15 1. 0. 0.025
  (   7) dim  3 offset  18 1. 1. 0.
  (   8) dim  3 offset  21 1. 1. 0.025
Labels:
Label 'celltype':
[0]: 1 (0)
[0]: 2 (0)
[0]: 3 (0)
[0]: 4 (0)
[0]: 5 (0)
[0]: 6 (0)
[0]: 7 (0)
[0]: 8 (0)
[0]: 0 (7)
[0]: 9 (4)
[0]: 10 (4)
[0]: 11 (4)
[0]: 12 (4)
[0]: 13 (4)
[0]: 14 (4)
[0]: 15 (1)
[0]: 16 (1)
[0]: 17 (1)
[0]: 18 (1)
[0]: 19 (1)
[0]: 20 (1)
[0]: 21 (1)
[0]: 22 (1)
[0]: 23 (1)
[0]: 24 (1)
[0]: 25 (1)
[0]: 26 (1)
Label 'Face Sets':
[0]: 9 (1)
[0]: 10 (2)
[0]: 11 (3)
[0]: 12 (4)
[0]: 13 (5)
[0]: 14 (6)
Before DMSetupByOrderBegin in src/setupdm.c : 
DM Object: zbox 1 MPI process
  type: plex
zbox in 3 dimensions:
Supports:
[0] Max support size: 3
[0]: 1 ----> 15
[0]: 1 ----> 18
[0]: 1 ----> 24
[0]: 2 ----> 19
[0]: 2 ----> 22
[0]: 2 ----> 24
[0]: 3 ----> 15
[0]: 3 ----> 16
[0]: 3 ----> 25
[0]: 4 ----> 21
[0]: 4 ----> 22
[0]: 4 ----> 25
[0]: 5 ----> 17
[0]: 5 ----> 18
[0]: 5 ----> 23
[0]: 6 ----> 19
[0]: 6 ----> 20
[0]: 6 ----> 23
[0]: 7 ----> 16
[0]: 7 ----> 17
[0]: 7 ----> 26
[0]: 8 ----> 20
[0]: 8 ----> 21
[0]: 8 ----> 26
[0]: 9 ----> 0
[0]: 10 ----> 0
[0]: 11 ----> 0
[0]: 12 ----> 0
[0]: 13 ----> 0
[0]: 14 ----> 0
[0]: 15 ----> 9
[0]: 15 ----> 14
[0]: 16 ----> 9
[0]: 16 ----> 12
[0]: 17 ----> 9
[0]: 17 ----> 13
[0]: 18 ----> 9
[0]: 18 ----> 11
[0]: 19 ----> 10
[0]: 19 ----> 11
[0]: 20 ----> 10
[0]: 20 ----> 13
[0]: 21 ----> 10
[0]: 21 ----> 12
[0]: 22 ----> 10
[0]: 22 ----> 14
[0]: 23 ----> 11
[0]: 23 ----> 13
[0]: 24 ----> 11
[0]: 24 ----> 14
[0]: 25 ----> 12
[0]: 25 ----> 14
[0]: 26 ----> 12
[0]: 26 ----> 13
Cones:
[0] Max cone size: 6
[0]: 0 <---- 9 (-2)
[0]: 0 <---- 10 (0)
[0]: 0 <---- 11 (-2)
[0]: 0 <---- 12 (3)
[0]: 0 <---- 13 (0)
[0]: 0 <---- 14 (-2)
[0]: 9 <---- 18 (0)
[0]: 9 <---- 17 (0)
[0]: 9 <---- 16 (-1)
[0]: 9 <---- 15 (-1)
[0]: 10 <---- 19 (0)
[0]: 10 <---- 20 (0)
[0]: 10 <---- 21 (-1)
[0]: 10 <---- 22 (-1)
[0]: 11 <---- 24 (0)
[0]: 11 <---- 19 (0)
[0]: 11 <---- 23 (-1)
[0]: 11 <---- 18 (-1)
[0]: 12 <---- 25 (0)
[0]: 12 <---- 21 (0)
[0]: 12 <---- 26 (-1)
[0]: 12 <---- 16 (-1)
[0]: 13 <---- 17 (0)
[0]: 13 <---- 26 (0)
[0]: 13 <---- 20 (-1)
[0]: 13 <---- 23 (-1)
[0]: 14 <---- 15 (0)
[0]: 14 <---- 25 (0)
[0]: 14 <---- 22 (-1)
[0]: 14 <---- 24 (-1)
[0]: 15 <---- 1 (0)
[0]: 15 <---- 3 (0)
[0]: 16 <---- 3 (0)
[0]: 16 <---- 7 (0)
[0]: 17 <---- 5 (0)
[0]: 17 <---- 7 (0)
[0]: 18 <---- 1 (0)
[0]: 18 <---- 5 (0)
[0]: 19 <---- 2 (0)
[0]: 19 <---- 6 (0)
[0]: 20 <---- 6 (0)
[0]: 20 <---- 8 (0)
[0]: 21 <---- 4 (0)
[0]: 21 <---- 8 (0)
[0]: 22 <---- 2 (0)
[0]: 22 <---- 4 (0)
[0]: 23 <---- 5 (0)
[0]: 23 <---- 6 (0)
[0]: 24 <---- 1 (0)
[0]: 24 <---- 2 (0)
[0]: 25 <---- 3 (0)
[0]: 25 <---- 4 (0)
[0]: 26 <---- 7 (0)
[0]: 26 <---- 8 (0)
coordinates with 1 fields
  field 0 with 3 components
Process 0:
  (   1) dim  3 offset   0 0. 0. 0.
  (   2) dim  3 offset   3 0. 0. 0.025
  (   3) dim  3 offset   6 0. 1. 0.
  (   4) dim  3 offset   9 0. 1. 0.025
  (   5) dim  3 offset  12 1. 0. 0.
  (   6) dim  3 offset  15 1. 0. 0.025
  (   7) dim  3 offset  18 1. 1. 0.
  (   8) dim  3 offset  21 1. 1. 0.025
Labels:
Label 'celltype':
[0]: 1 (0)
[0]: 2 (0)
[0]: 3 (0)
[0]: 4 (0)
[0]: 5 (0)
[0]: 6 (0)
[0]: 7 (0)
[0]: 8 (0)
[0]: 0 (7)
[0]: 9 (4)
[0]: 10 (4)
[0]: 11 (4)
[0]: 12 (4)
[0]: 13 (4)
[0]: 14 (4)
[0]: 15 (1)
[0]: 16 (1)
[0]: 17 (1)
[0]: 18 (1)
[0]: 19 (1)
[0]: 20 (1)
[0]: 21 (1)
[0]: 22 (1)
[0]: 23 (1)
[0]: 24 (1)
[0]: 25 (1)
[0]: 26 (1)
Label 'Face Sets':
[0]: 9 (1)
[0]: 10 (2)
[0]: 11 (3)
[0]: 12 (4)
[0]: 13 (5)
[0]: 14 (6)
Before bcwork in src/setupdm.c : 
DM Object: zbox 1 MPI process
  type: plex
zbox in 3 dimensions:
Supports:
[0] Max support size: 3
[0]: 1 ----> 15
[0]: 1 ----> 18
[0]: 1 ----> 24
[0]: 2 ----> 19
[0]: 2 ----> 22
[0]: 2 ----> 24
[0]: 3 ----> 15
[0]: 3 ----> 16
[0]: 3 ----> 25
[0]: 4 ----> 21
[0]: 4 ----> 22
[0]: 4 ----> 25
[0]: 5 ----> 17
[0]: 5 ----> 18
[0]: 5 ----> 23
[0]: 6 ----> 19
[0]: 6 ----> 20
[0]: 6 ----> 23
[0]: 7 ----> 16
[0]: 7 ----> 17
[0]: 7 ----> 26
[0]: 8 ----> 20
[0]: 8 ----> 21
[0]: 8 ----> 26
[0]: 9 ----> 0
[0]: 10 ----> 0
[0]: 11 ----> 0
[0]: 12 ----> 0
[0]: 13 ----> 0
[0]: 14 ----> 0
[0]: 15 ----> 9
[0]: 15 ----> 14
[0]: 16 ----> 9
[0]: 16 ----> 12
[0]: 17 ----> 9
[0]: 17 ----> 13
[0]: 18 ----> 9
[0]: 18 ----> 11
[0]: 19 ----> 10
[0]: 19 ----> 11
[0]: 20 ----> 10
[0]: 20 ----> 13
[0]: 21 ----> 10
[0]: 21 ----> 12
[0]: 22 ----> 10
[0]: 22 ----> 14
[0]: 23 ----> 11
[0]: 23 ----> 13
[0]: 24 ----> 11
[0]: 24 ----> 14
[0]: 25 ----> 12
[0]: 25 ----> 14
[0]: 26 ----> 12
[0]: 26 ----> 13
Cones:
[0] Max cone size: 6
[0]: 0 <---- 9 (-2)
[0]: 0 <---- 10 (0)
[0]: 0 <---- 11 (-2)
[0]: 0 <---- 12 (3)
[0]: 0 <---- 13 (0)
[0]: 0 <---- 14 (-2)
[0]: 9 <---- 18 (0)
[0]: 9 <---- 17 (0)
[0]: 9 <---- 16 (-1)
[0]: 9 <---- 15 (-1)
[0]: 10 <---- 19 (0)
[0]: 10 <---- 20 (0)
[0]: 10 <---- 21 (-1)
[0]: 10 <---- 22 (-1)
[0]: 11 <---- 24 (0)
[0]: 11 <---- 19 (0)
[0]: 11 <---- 23 (-1)
[0]: 11 <---- 18 (-1)
[0]: 12 <---- 25 (0)
[0]: 12 <---- 21 (0)
[0]: 12 <---- 26 (-1)
[0]: 12 <---- 16 (-1)
[0]: 13 <---- 17 (0)
[0]: 13 <---- 26 (0)
[0]: 13 <---- 20 (-1)
[0]: 13 <---- 23 (-1)
[0]: 14 <---- 15 (0)
[0]: 14 <---- 25 (0)
[0]: 14 <---- 22 (-1)
[0]: 14 <---- 24 (-1)
[0]: 15 <---- 1 (0)
[0]: 15 <---- 3 (0)
[0]: 16 <---- 3 (0)
[0]: 16 <---- 7 (0)
[0]: 17 <---- 5 (0)
[0]: 17 <---- 7 (0)
[0]: 18 <---- 1 (0)
[0]: 18 <---- 5 (0)
[0]: 19 <---- 2 (0)
[0]: 19 <---- 6 (0)
[0]: 20 <---- 6 (0)
[0]: 20 <---- 8 (0)
[0]: 21 <---- 4 (0)
[0]: 21 <---- 8 (0)
[0]: 22 <---- 2 (0)
[0]: 22 <---- 4 (0)
[0]: 23 <---- 5 (0)
[0]: 23 <---- 6 (0)
[0]: 24 <---- 1 (0)
[0]: 24 <---- 2 (0)
[0]: 25 <---- 3 (0)
[0]: 25 <---- 4 (0)
[0]: 26 <---- 7 (0)
[0]: 26 <---- 8 (0)
coordinates with 1 fields
  field 0 with 3 components
Process 0:
  (   1) dim  3 offset   0 0. 0. 0.
  (   2) dim  3 offset   3 0. 0. 0.025
  (   3) dim  3 offset   6 0. 1. 0.
  (   4) dim  3 offset   9 0. 1. 0.025
  (   5) dim  3 offset  12 1. 0. 0.
  (   6) dim  3 offset  15 1. 0. 0.025
  (   7) dim  3 offset  18 1. 1. 0.
  (   8) dim  3 offset  21 1. 1. 0.025
Labels:
Label 'celltype':
[0]: 1 (0)
[0]: 2 (0)
[0]: 3 (0)
[0]: 4 (0)
[0]: 5 (0)
[0]: 6 (0)
[0]: 7 (0)
[0]: 8 (0)
[0]: 0 (7)
[0]: 9 (4)
[0]: 10 (4)
[0]: 11 (4)
[0]: 12 (4)
[0]: 13 (4)
[0]: 14 (4)
[0]: 15 (1)
[0]: 16 (1)
[0]: 17 (1)
[0]: 18 (1)
[0]: 19 (1)
[0]: 20 (1)
[0]: 21 (1)
[0]: 22 (1)
[0]: 23 (1)
[0]: 24 (1)
[0]: 25 (1)
[0]: 26 (1)
Label 'Face Sets':
[0]: 9 (1)
[0]: 10 (2)
[0]: 11 (3)
[0]: 12 (4)
[0]: 13 (5)
[0]: 14 (6)
Before DMSetupByOrderEnd_FEMin src/setupdm.c : 
DM Object: zbox 1 MPI process
  type: plex
zbox in 3 dimensions:
Supports:
[0] Max support size: 3
[0]: 1 ----> 15
[0]: 1 ----> 18
[0]: 1 ----> 24
[0]: 2 ----> 19
[0]: 2 ----> 22
[0]: 2 ----> 24
[0]: 3 ----> 15
[0]: 3 ----> 16
[0]: 3 ----> 25
[0]: 4 ----> 21
[0]: 4 ----> 22
[0]: 4 ----> 25
[0]: 5 ----> 17
[0]: 5 ----> 18
[0]: 5 ----> 23
[0]: 6 ----> 19
[0]: 6 ----> 20
[0]: 6 ----> 23
[0]: 7 ----> 16
[0]: 7 ----> 17
[0]: 7 ----> 26
[0]: 8 ----> 20
[0]: 8 ----> 21
[0]: 8 ----> 26
[0]: 9 ----> 0
[0]: 10 ----> 0
[0]: 11 ----> 0
[0]: 12 ----> 0
[0]: 13 ----> 0
[0]: 14 ----> 0
[0]: 15 ----> 9
[0]: 15 ----> 14
[0]: 16 ----> 9
[0]: 16 ----> 12
[0]: 17 ----> 9
[0]: 17 ----> 13
[0]: 18 ----> 9
[0]: 18 ----> 11
[0]: 19 ----> 10
[0]: 19 ----> 11
[0]: 20 ----> 10
[0]: 20 ----> 13
[0]: 21 ----> 10
[0]: 21 ----> 12
[0]: 22 ----> 10
[0]: 22 ----> 14
[0]: 23 ----> 11
[0]: 23 ----> 13
[0]: 24 ----> 11
[0]: 24 ----> 14
[0]: 25 ----> 12
[0]: 25 ----> 14
[0]: 26 ----> 12
[0]: 26 ----> 13
Cones:
[0] Max cone size: 6
[0]: 0 <---- 9 (-2)
[0]: 0 <---- 10 (0)
[0]: 0 <---- 11 (-2)
[0]: 0 <---- 12 (3)
[0]: 0 <---- 13 (0)
[0]: 0 <---- 14 (-2)
[0]: 9 <---- 18 (0)
[0]: 9 <---- 17 (0)
[0]: 9 <---- 16 (-1)
[0]: 9 <---- 15 (-1)
[0]: 10 <---- 19 (0)
[0]: 10 <---- 20 (0)
[0]: 10 <---- 21 (-1)
[0]: 10 <---- 22 (-1)
[0]: 11 <---- 24 (0)
[0]: 11 <---- 19 (0)
[0]: 11 <---- 23 (-1)
[0]: 11 <---- 18 (-1)
[0]: 12 <---- 25 (0)
[0]: 12 <---- 21 (0)
[0]: 12 <---- 26 (-1)
[0]: 12 <---- 16 (-1)
[0]: 13 <---- 17 (0)
[0]: 13 <---- 26 (0)
[0]: 13 <---- 20 (-1)
[0]: 13 <---- 23 (-1)
[0]: 14 <---- 15 (0)
[0]: 14 <---- 25 (0)
[0]: 14 <---- 22 (-1)
[0]: 14 <---- 24 (-1)
[0]: 15 <---- 1 (0)
[0]: 15 <---- 3 (0)
[0]: 16 <---- 3 (0)
[0]: 16 <---- 7 (0)
[0]: 17 <---- 5 (0)
[0]: 17 <---- 7 (0)
[0]: 18 <---- 1 (0)
[0]: 18 <---- 5 (0)
[0]: 19 <---- 2 (0)
[0]: 19 <---- 6 (0)
[0]: 20 <---- 6 (0)
[0]: 20 <---- 8 (0)
[0]: 21 <---- 4 (0)
[0]: 21 <---- 8 (0)
[0]: 22 <---- 2 (0)
[0]: 22 <---- 4 (0)
[0]: 23 <---- 5 (0)
[0]: 23 <---- 6 (0)
[0]: 24 <---- 1 (0)
[0]: 24 <---- 2 (0)
[0]: 25 <---- 3 (0)
[0]: 25 <---- 4 (0)
[0]: 26 <---- 7 (0)
[0]: 26 <---- 8 (0)
coordinates with 1 fields
  field 0 with 3 components
Process 0:
  (   1) dim  3 offset   0 0. 0. 0.
  (   2) dim  3 offset   3 0. 0. 0.025
  (   3) dim  3 offset   6 0. 1. 0.
  (   4) dim  3 offset   9 0. 1. 0.025
  (   5) dim  3 offset  12 1. 0. 0.
  (   6) dim  3 offset  15 1. 0. 0.025
  (   7) dim  3 offset  18 1. 1. 0.
  (   8) dim  3 offset  21 1. 1. 0.025
Labels:
Label 'celltype':
[0]: 1 (0)
[0]: 2 (0)
[0]: 3 (0)
[0]: 4 (0)
[0]: 5 (0)
[0]: 6 (0)
[0]: 7 (0)
[0]: 8 (0)
[0]: 0 (7)
[0]: 9 (4)
[0]: 10 (4)
[0]: 11 (4)
[0]: 12 (4)
[0]: 13 (4)
[0]: 14 (4)
[0]: 15 (1)
[0]: 16 (1)
[0]: 17 (1)
[0]: 18 (1)
[0]: 19 (1)
[0]: 20 (1)
[0]: 21 (1)
[0]: 22 (1)
[0]: 23 (1)
[0]: 24 (1)
[0]: 25 (1)
[0]: 26 (1)
Label 'Face Sets':
[0]: 1 (1)
[0]: 3 (1)
[0]: 5 (1)
[0]: 7 (1)
[0]: 9 (1)
[0]: 15 (1)
[0]: 16 (1)
[0]: 17 (1)
[0]: 18 (1)
[0]: 2 (2)
[0]: 4 (2)
[0]: 6 (2)
[0]: 8 (2)
[0]: 10 (2)
[0]: 19 (2)
[0]: 20 (2)
[0]: 21 (2)
[0]: 22 (2)
[0]: 1 (3)
[0]: 2 (3)
[0]: 5 (3)
[0]: 6 (3)
[0]: 11 (3)
[0]: 18 (3)
[0]: 19 (3)
[0]: 23 (3)
[0]: 24 (3)
[0]: 3 (4)
[0]: 4 (4)
[0]: 7 (4)
[0]: 8 (4)
[0]: 12 (4)
[0]: 16 (4)
[0]: 21 (4)
[0]: 25 (4)
[0]: 26 (4)
[0]: 5 (5)
[0]: 6 (5)
[0]: 7 (5)
[0]: 8 (5)
[0]: 13 (5)
[0]: 17 (5)
[0]: 20 (5)
[0]: 23 (5)
[0]: 26 (5)
[0]: 1 (6)
[0]: 2 (6)
[0]: 3 (6)
[0]: 4 (6)
[0]: 14 (6)
[0]: 15 (6)
[0]: 22 (6)
[0]: 24 (6)
[0]: 25 (6)
After DMProjectFieldLocal in src/setupdm.c : 
DM Object: zbox 1 MPI process
  type: plex
zbox in 3 dimensions:
Supports:
[0] Max support size: 3
[0]: 1 ----> 15
[0]: 1 ----> 18
[0]: 1 ----> 24
[0]: 2 ----> 19
[0]: 2 ----> 22
[0]: 2 ----> 24
[0]: 3 ----> 15
[0]: 3 ----> 16
[0]: 3 ----> 25
[0]: 4 ----> 21
[0]: 4 ----> 22
[0]: 4 ----> 25
[0]: 5 ----> 17
[0]: 5 ----> 18
[0]: 5 ----> 23
[0]: 6 ----> 19
[0]: 6 ----> 20
[0]: 6 ----> 23
[0]: 7 ----> 16
[0]: 7 ----> 17
[0]: 7 ----> 26
[0]: 8 ----> 20
[0]: 8 ----> 21
[0]: 8 ----> 26
[0]: 9 ----> 0
[0]: 10 ----> 0
[0]: 11 ----> 0
[0]: 12 ----> 0
[0]: 13 ----> 0
[0]: 14 ----> 0
[0]: 15 ----> 9
[0]: 15 ----> 14
[0]: 16 ----> 9
[0]: 16 ----> 12
[0]: 17 ----> 9
[0]: 17 ----> 13
[0]: 18 ----> 9
[0]: 18 ----> 11
[0]: 19 ----> 10
[0]: 19 ----> 11
[0]: 20 ----> 10
[0]: 20 ----> 13
[0]: 21 ----> 10
[0]: 21 ----> 12
[0]: 22 ----> 10
[0]: 22 ----> 14
[0]: 23 ----> 11
[0]: 23 ----> 13
[0]: 24 ----> 11
[0]: 24 ----> 14
[0]: 25 ----> 12
[0]: 25 ----> 14
[0]: 26 ----> 12
[0]: 26 ----> 13
Cones:
[0] Max cone size: 6
[0]: 0 <---- 9 (-2)
[0]: 0 <---- 10 (0)
[0]: 0 <---- 11 (-2)
[0]: 0 <---- 12 (3)
[0]: 0 <---- 13 (0)
[0]: 0 <---- 14 (-2)
[0]: 9 <---- 18 (0)
[0]: 9 <---- 17 (0)
[0]: 9 <---- 16 (-1)
[0]: 9 <---- 15 (-1)
[0]: 10 <---- 19 (0)
[0]: 10 <---- 20 (0)
[0]: 10 <---- 21 (-1)
[0]: 10 <---- 22 (-1)
[0]: 11 <---- 24 (0)
[0]: 11 <---- 19 (0)
[0]: 11 <---- 23 (-1)
[0]: 11 <---- 18 (-1)
[0]: 12 <---- 25 (0)
[0]: 12 <---- 21 (0)
[0]: 12 <---- 26 (-1)
[0]: 12 <---- 16 (-1)
[0]: 13 <---- 17 (0)
[0]: 13 <---- 26 (0)
[0]: 13 <---- 20 (-1)
[0]: 13 <---- 23 (-1)
[0]: 14 <---- 15 (0)
[0]: 14 <---- 25 (0)
[0]: 14 <---- 22 (-1)
[0]: 14 <---- 24 (-1)
[0]: 15 <---- 1 (0)
[0]: 15 <---- 3 (0)
[0]: 16 <---- 3 (0)
[0]: 16 <---- 7 (0)
[0]: 17 <---- 5 (0)
[0]: 17 <---- 7 (0)
[0]: 18 <---- 1 (0)
[0]: 18 <---- 5 (0)
[0]: 19 <---- 2 (0)
[0]: 19 <---- 6 (0)
[0]: 20 <---- 6 (0)
[0]: 20 <---- 8 (0)
[0]: 21 <---- 4 (0)
[0]: 21 <---- 8 (0)
[0]: 22 <---- 2 (0)
[0]: 22 <---- 4 (0)
[0]: 23 <---- 5 (0)
[0]: 23 <---- 6 (0)
[0]: 24 <---- 1 (0)
[0]: 24 <---- 2 (0)
[0]: 25 <---- 3 (0)
[0]: 25 <---- 4 (0)
[0]: 26 <---- 7 (0)
[0]: 26 <---- 8 (0)
coordinates with 1 fields
  field 0 with 3 components
Process 0:
  (   1) dim  3 offset   0 0. 0. 0.
  (   2) dim  3 offset   3 0. 0. 0.025
  (   3) dim  3 offset   6 0. 1. 0.
  (   4) dim  3 offset   9 0. 1. 0.025
  (   5) dim  3 offset  12 1. 0. 0.
  (   6) dim  3 offset  15 1. 0. 0.025
  (   7) dim  3 offset  18 1. 1. 0.
  (   8) dim  3 offset  21 1. 1. 0.025
Labels:
Label 'celltype':
[0]: 1 (0)
[0]: 2 (0)
[0]: 3 (0)
[0]: 4 (0)
[0]: 5 (0)
[0]: 6 (0)
[0]: 7 (0)
[0]: 8 (0)
[0]: 0 (7)
[0]: 9 (4)
[0]: 10 (4)
[0]: 11 (4)
[0]: 12 (4)
[0]: 13 (4)
[0]: 14 (4)
[0]: 15 (1)
[0]: 16 (1)
[0]: 17 (1)
[0]: 18 (1)
[0]: 19 (1)
[0]: 20 (1)
[0]: 21 (1)
[0]: 22 (1)
[0]: 23 (1)
[0]: 24 (1)
[0]: 25 (1)
[0]: 26 (1)
Label 'Face Sets':
[0]: 1 (1)
[0]: 3 (1)
[0]: 5 (1)
[0]: 7 (1)
[0]: 9 (1)
[0]: 15 (1)
[0]: 16 (1)
[0]: 17 (1)
[0]: 18 (1)
[0]: 2 (2)
[0]: 4 (2)
[0]: 6 (2)
[0]: 8 (2)
[0]: 10 (2)
[0]: 19 (2)
[0]: 20 (2)
[0]: 21 (2)
[0]: 22 (2)
[0]: 1 (3)
[0]: 2 (3)
[0]: 5 (3)
[0]: 6 (3)
[0]: 11 (3)
[0]: 18 (3)
[0]: 19 (3)
[0]: 23 (3)
[0]: 24 (3)
[0]: 3 (4)
[0]: 4 (4)
[0]: 7 (4)
[0]: 8 (4)
[0]: 12 (4)
[0]: 16 (4)
[0]: 21 (4)
[0]: 25 (4)
[0]: 26 (4)
[0]: 5 (5)
[0]: 6 (5)
[0]: 7 (5)
[0]: 8 (5)
[0]: 13 (5)
[0]: 17 (5)
[0]: 20 (5)
[0]: 23 (5)
[0]: 26 (5)
[0]: 1 (6)
[0]: 2 (6)
[0]: 3 (6)
[0]: 4 (6)
[0]: 14 (6)
[0]: 15 (6)
[0]: 22 (6)
[0]: 24 (6)
[0]: 25 (6)
bottom of SetUpDM in src/setupdm.c : 
DM Object: zbox 1 MPI process
  type: plex
zbox in 3 dimensions:
Supports:
[0] Max support size: 3
[0]: 1 ----> 15
[0]: 1 ----> 18
[0]: 1 ----> 24
[0]: 2 ----> 19
[0]: 2 ----> 22
[0]: 2 ----> 24
[0]: 3 ----> 15
[0]: 3 ----> 16
[0]: 3 ----> 25
[0]: 4 ----> 21
[0]: 4 ----> 22
[0]: 4 ----> 25
[0]: 5 ----> 17
[0]: 5 ----> 18
[0]: 5 ----> 23
[0]: 6 ----> 19
[0]: 6 ----> 20
[0]: 6 ----> 23
[0]: 7 ----> 16
[0]: 7 ----> 17
[0]: 7 ----> 26
[0]: 8 ----> 20
[0]: 8 ----> 21
[0]: 8 ----> 26
[0]: 9 ----> 0
[0]: 10 ----> 0
[0]: 11 ----> 0
[0]: 12 ----> 0
[0]: 13 ----> 0
[0]: 14 ----> 0
[0]: 15 ----> 9
[0]: 15 ----> 14
[0]: 16 ----> 9
[0]: 16 ----> 12
[0]: 17 ----> 9
[0]: 17 ----> 13
[0]: 18 ----> 9
[0]: 18 ----> 11
[0]: 19 ----> 10
[0]: 19 ----> 11
[0]: 20 ----> 10
[0]: 20 ----> 13
[0]: 21 ----> 10
[0]: 21 ----> 12
[0]: 22 ----> 10
[0]: 22 ----> 14
[0]: 23 ----> 11
[0]: 23 ----> 13
[0]: 24 ----> 11
[0]: 24 ----> 14
[0]: 25 ----> 12
[0]: 25 ----> 14
[0]: 26 ----> 12
[0]: 26 ----> 13
Cones:
[0] Max cone size: 6
[0]: 0 <---- 9 (-2)
[0]: 0 <---- 10 (0)
[0]: 0 <---- 11 (-2)
[0]: 0 <---- 12 (3)
[0]: 0 <---- 13 (0)
[0]: 0 <---- 14 (-2)
[0]: 9 <---- 18 (0)
[0]: 9 <---- 17 (0)
[0]: 9 <---- 16 (-1)
[0]: 9 <---- 15 (-1)
[0]: 10 <---- 19 (0)
[0]: 10 <---- 20 (0)
[0]: 10 <---- 21 (-1)
[0]: 10 <---- 22 (-1)
[0]: 11 <---- 24 (0)
[0]: 11 <---- 19 (0)
[0]: 11 <---- 23 (-1)
[0]: 11 <---- 18 (-1)
[0]: 12 <---- 25 (0)
[0]: 12 <---- 21 (0)
[0]: 12 <---- 26 (-1)
[0]: 12 <---- 16 (-1)
[0]: 13 <---- 17 (0)
[0]: 13 <---- 26 (0)
[0]: 13 <---- 20 (-1)
[0]: 13 <---- 23 (-1)
[0]: 14 <---- 15 (0)
[0]: 14 <---- 25 (0)
[0]: 14 <---- 22 (-1)
[0]: 14 <---- 24 (-1)
[0]: 15 <---- 1 (0)
[0]: 15 <---- 3 (0)
[0]: 16 <---- 3 (0)
[0]: 16 <---- 7 (0)
[0]: 17 <---- 5 (0)
[0]: 17 <---- 7 (0)
[0]: 18 <---- 1 (0)
[0]: 18 <---- 5 (0)
[0]: 19 <---- 2 (0)
[0]: 19 <---- 6 (0)
[0]: 20 <---- 6 (0)
[0]: 20 <---- 8 (0)
[0]: 21 <---- 4 (0)
[0]: 21 <---- 8 (0)
[0]: 22 <---- 2 (0)
[0]: 22 <---- 4 (0)
[0]: 23 <---- 5 (0)
[0]: 23 <---- 6 (0)
[0]: 24 <---- 1 (0)
[0]: 24 <---- 2 (0)
[0]: 25 <---- 3 (0)
[0]: 25 <---- 4 (0)
[0]: 26 <---- 7 (0)
[0]: 26 <---- 8 (0)
coordinates with 1 fields
  field 0 with 3 components
Process 0:
  (   1) dim  3 offset   0 0. 0. 0.
  (   2) dim  3 offset   3 0. 0. 0.025
  (   3) dim  3 offset   6 0. 1. 0.
  (   4) dim  3 offset   9 0. 1. 0.025
  (   5) dim  3 offset  12 1. 0. 0.
  (   6) dim  3 offset  15 1. 0. 0.025
  (   7) dim  3 offset  18 1. 1. 0.
  (   8) dim  3 offset  21 1. 1. 0.025
Labels:
Label 'celltype':
[0]: 1 (0)
[0]: 2 (0)
[0]: 3 (0)
[0]: 4 (0)
[0]: 5 (0)
[0]: 6 (0)
[0]: 7 (0)
[0]: 8 (0)
[0]: 0 (7)
[0]: 9 (4)
[0]: 10 (4)
[0]: 11 (4)
[0]: 12 (4)
[0]: 13 (4)
[0]: 14 (4)
[0]: 15 (1)
[0]: 16 (1)
[0]: 17 (1)
[0]: 18 (1)
[0]: 19 (1)
[0]: 20 (1)
[0]: 21 (1)
[0]: 22 (1)
[0]: 23 (1)
[0]: 24 (1)
[0]: 25 (1)
[0]: 26 (1)
Label 'Face Sets':
[0]: 1 (1)
[0]: 3 (1)
[0]: 5 (1)
[0]: 7 (1)
[0]: 9 (1)
[0]: 15 (1)
[0]: 16 (1)
[0]: 17 (1)
[0]: 18 (1)
[0]: 2 (2)
[0]: 4 (2)
[0]: 6 (2)
[0]: 8 (2)
[0]: 10 (2)
[0]: 19 (2)
[0]: 20 (2)
[0]: 21 (2)
[0]: 22 (2)
[0]: 1 (3)
[0]: 2 (3)
[0]: 5 (3)
[0]: 6 (3)
[0]: 11 (3)
[0]: 18 (3)
[0]: 19 (3)
[0]: 23 (3)
[0]: 24 (3)
[0]: 3 (4)
[0]: 4 (4)
[0]: 7 (4)
[0]: 8 (4)
[0]: 12 (4)
[0]: 16 (4)
[0]: 21 (4)
[0]: 25 (4)
[0]: 26 (4)
[0]: 5 (5)
[0]: 6 (5)
[0]: 7 (5)
[0]: 8 (5)
[0]: 13 (5)
[0]: 17 (5)
[0]: 20 (5)
[0]: 23 (5)
[0]: 26 (5)
[0]: 1 (6)
[0]: 2 (6)
[0]: 3 (6)
[0]: 4 (6)
[0]: 14 (6)
[0]: 15 (6)
[0]: 22 (6)
[0]: 24 (6)
[0]: 25 (6)
After setupDM navierstokes.c : 
DM Object: zbox 1 MPI process
  type: plex
zbox in 3 dimensions:
Supports:
[0] Max support size: 3
[0]: 1 ----> 15
[0]: 1 ----> 18
[0]: 1 ----> 24
[0]: 2 ----> 19
[0]: 2 ----> 22
[0]: 2 ----> 24
[0]: 3 ----> 15
[0]: 3 ----> 16
[0]: 3 ----> 25
[0]: 4 ----> 21
[0]: 4 ----> 22
[0]: 4 ----> 25
[0]: 5 ----> 17
[0]: 5 ----> 18
[0]: 5 ----> 23
[0]: 6 ----> 19
[0]: 6 ----> 20
[0]: 6 ----> 23
[0]: 7 ----> 16
[0]: 7 ----> 17
[0]: 7 ----> 26
[0]: 8 ----> 20
[0]: 8 ----> 21
[0]: 8 ----> 26
[0]: 9 ----> 0
[0]: 10 ----> 0
[0]: 11 ----> 0
[0]: 12 ----> 0
[0]: 13 ----> 0
[0]: 14 ----> 0
[0]: 15 ----> 9
[0]: 15 ----> 14
[0]: 16 ----> 9
[0]: 16 ----> 12
[0]: 17 ----> 9
[0]: 17 ----> 13
[0]: 18 ----> 9
[0]: 18 ----> 11
[0]: 19 ----> 10
[0]: 19 ----> 11
[0]: 20 ----> 10
[0]: 20 ----> 13
[0]: 21 ----> 10
[0]: 21 ----> 12
[0]: 22 ----> 10
[0]: 22 ----> 14
[0]: 23 ----> 11
[0]: 23 ----> 13
[0]: 24 ----> 11
[0]: 24 ----> 14
[0]: 25 ----> 12
[0]: 25 ----> 14
[0]: 26 ----> 12
[0]: 26 ----> 13
Cones:
[0] Max cone size: 6
[0]: 0 <---- 9 (-2)
[0]: 0 <---- 10 (0)
[0]: 0 <---- 11 (-2)
[0]: 0 <---- 12 (3)
[0]: 0 <---- 13 (0)
[0]: 0 <---- 14 (-2)
[0]: 9 <---- 18 (0)
[0]: 9 <---- 17 (0)
[0]: 9 <---- 16 (-1)
[0]: 9 <---- 15 (-1)
[0]: 10 <---- 19 (0)
[0]: 10 <---- 20 (0)
[0]: 10 <---- 21 (-1)
[0]: 10 <---- 22 (-1)
[0]: 11 <---- 24 (0)
[0]: 11 <---- 19 (0)
[0]: 11 <---- 23 (-1)
[0]: 11 <---- 18 (-1)
[0]: 12 <---- 25 (0)
[0]: 12 <---- 21 (0)
[0]: 12 <---- 26 (-1)
[0]: 12 <---- 16 (-1)
[0]: 13 <---- 17 (0)
[0]: 13 <---- 26 (0)
[0]: 13 <---- 20 (-1)
[0]: 13 <---- 23 (-1)
[0]: 14 <---- 15 (0)
[0]: 14 <---- 25 (0)
[0]: 14 <---- 22 (-1)
[0]: 14 <---- 24 (-1)
[0]: 15 <---- 1 (0)
[0]: 15 <---- 3 (0)
[0]: 16 <---- 3 (0)
[0]: 16 <---- 7 (0)
[0]: 17 <---- 5 (0)
[0]: 17 <---- 7 (0)
[0]: 18 <---- 1 (0)
[0]: 18 <---- 5 (0)
[0]: 19 <---- 2 (0)
[0]: 19 <---- 6 (0)
[0]: 20 <---- 6 (0)
[0]: 20 <---- 8 (0)
[0]: 21 <---- 4 (0)
[0]: 21 <---- 8 (0)
[0]: 22 <---- 2 (0)
[0]: 22 <---- 4 (0)
[0]: 23 <---- 5 (0)
[0]: 23 <---- 6 (0)
[0]: 24 <---- 1 (0)
[0]: 24 <---- 2 (0)
[0]: 25 <---- 3 (0)
[0]: 25 <---- 4 (0)
[0]: 26 <---- 7 (0)
[0]: 26 <---- 8 (0)
coordinates with 1 fields
  field 0 with 3 components
Process 0:
  (   1) dim  3 offset   0 0. 0. 0.
  (   2) dim  3 offset   3 0. 0. 0.025
  (   3) dim  3 offset   6 0. 1. 0.
  (   4) dim  3 offset   9 0. 1. 0.025
  (   5) dim  3 offset  12 1. 0. 0.
  (   6) dim  3 offset  15 1. 0. 0.025
  (   7) dim  3 offset  18 1. 1. 0.
  (   8) dim  3 offset  21 1. 1. 0.025
Labels:
Label 'celltype':
[0]: 1 (0)
[0]: 2 (0)
[0]: 3 (0)
[0]: 4 (0)
[0]: 5 (0)
[0]: 6 (0)
[0]: 7 (0)
[0]: 8 (0)
[0]: 0 (7)
[0]: 9 (4)
[0]: 10 (4)
[0]: 11 (4)
[0]: 12 (4)
[0]: 13 (4)
[0]: 14 (4)
[0]: 15 (1)
[0]: 16 (1)
[0]: 17 (1)
[0]: 18 (1)
[0]: 19 (1)
[0]: 20 (1)
[0]: 21 (1)
[0]: 22 (1)
[0]: 23 (1)
[0]: 24 (1)
[0]: 25 (1)
[0]: 26 (1)
Label 'Face Sets':
[0]: 1 (1)
[0]: 3 (1)
[0]: 5 (1)
[0]: 7 (1)
[0]: 9 (1)
[0]: 15 (1)
[0]: 16 (1)
[0]: 17 (1)
[0]: 18 (1)
[0]: 2 (2)
[0]: 4 (2)
[0]: 6 (2)
[0]: 8 (2)
[0]: 10 (2)
[0]: 19 (2)
[0]: 20 (2)
[0]: 21 (2)
[0]: 22 (2)
[0]: 1 (3)
[0]: 2 (3)
[0]: 5 (3)
[0]: 6 (3)
[0]: 11 (3)
[0]: 18 (3)
[0]: 19 (3)
[0]: 23 (3)
[0]: 24 (3)
[0]: 3 (4)
[0]: 4 (4)
[0]: 7 (4)
[0]: 8 (4)
[0]: 12 (4)
[0]: 16 (4)
[0]: 21 (4)
[0]: 25 (4)
[0]: 26 (4)
[0]: 5 (5)
[0]: 6 (5)
[0]: 7 (5)
[0]: 8 (5)
[0]: 13 (5)
[0]: 17 (5)
[0]: 20 (5)
[0]: 23 (5)
[0]: 26 (5)
[0]: 1 (6)
[0]: 2 (6)
[0]: 3 (6)
[0]: 4 (6)
[0]: 14 (6)
[0]: 15 (6)
[0]: 22 (6)
[0]: 24 (6)
[0]: 25 (6)
Before setuplibCEED navierstokes.c : 
Named local vector IC reached conditional for Q vector navierstokes.c : 
No Named local vector found navierstokes.c : 

-- Navier-Stokes solver - libCEED + PETSc --
  MPI:
    Host Name                          : viz003
    Total ranks                        : 1
  Problem:
    Problem Name                       : gaussian_wave
    Stabilization                      : SUPG
  libCEED:
    libCEED Backend                    : /cpu/self/avx/blocked
    libCEED Backend MemType            : host
  PETSc:
    Box Faces                          : 1,1,1
    A MatType                          : shell
    P MatType                          : aij
    DM VecType                         : standard
    Time Stepping Scheme               : implicit
  Mesh:
    Number of 1D Basis Nodes (P)       : 4
    Number of 1D Quadrature Points (Q) : 4
    Global DoFs                        : 288
    DoFs per node                      : 5
    Global 5-DoF nodes                 : 57
  Partition:                             (min,max,median,max/median)
    Global Vector 5-DoF nodes          : 57, 57, 57, 1.000000
    Local Vector 5-DoF nodes           : 64, 64, 64, 1.000000
Before TSSolve navierstokes.c : 
    0 SNES Function norm 4.480111118226e+00
      Linear solve converged due to CONVERGED_RTOL iterations 24
    1 SNES Function norm 2.837056630912e-01
    Nonlinear solve converged due to CONVERGED_FNORM_RELATIVE iterations 1
0 TS dt 0.002 time 0.
    0 SNES Function norm 4.480111118226e+00
      Linear solve converged due to CONVERGED_RTOL iterations 24
    1 SNES Function norm 2.837056630912e-01
      Linear solve converged due to CONVERGED_RTOL iterations 27
    2 SNES Function norm 4.690683441911e-03
      Linear solve converged due to CONVERGED_RTOL iterations 27
    3 SNES Function norm 8.059471634597e-05
    Nonlinear solve converged due to CONVERGED_FNORM_RELATIVE iterations 3
1 TS dt 0.002 time 0.002
    0 SNES Function norm 5.193639000544e+00
      Linear solve converged due to CONVERGED_RTOL iterations 24
    1 SNES Function norm 2.383362014678e-01
      Linear solve converged due to CONVERGED_RTOL iterations 38
    2 SNES Function norm 3.387281016757e-03
      Linear solve converged due to CONVERGED_RTOL iterations 40
    3 SNES Function norm 4.004432979265e-05
    Nonlinear solve converged due to CONVERGED_FNORM_RELATIVE iterations 3
2 TS dt 0.002 time 0.004
    0 SNES Function norm 6.938844503157e+00
      Linear solve converged due to CONVERGED_RTOL iterations 25
    1 SNES Function norm 1.831814342609e-01
      Linear solve converged due to CONVERGED_RTOL iterations 41
    2 SNES Function norm 2.354302707785e-03
      Linear solve converged due to CONVERGED_RTOL iterations 41
    3 SNES Function norm 3.476513982138e-05
    Nonlinear solve converged due to CONVERGED_FNORM_RELATIVE iterations 3
3 TS dt 0.002 time 0.006
    0 SNES Function norm 8.770312243457e+00
      Linear solve converged due to CONVERGED_RTOL iterations 27
    1 SNES Function norm 1.335290486358e-01
      Linear solve converged due to CONVERGED_RTOL iterations 36
    2 SNES Function norm 1.780881445378e-03
      Linear solve converged due to CONVERGED_RTOL iterations 46
    3 SNES Function norm 2.981309295078e-05
    Nonlinear solve converged due to CONVERGED_FNORM_RELATIVE iterations 3
4 TS dt 0.002 time 0.008
    0 SNES Function norm 1.036271636650e+01
      Linear solve converged due to CONVERGED_RTOL iterations 27
    1 SNES Function norm 9.699409009652e-02
      Linear solve converged due to CONVERGED_RTOL iterations 34
    2 SNES Function norm 1.417453622736e-03
      Linear solve converged due to CONVERGED_RTOL iterations 46
    3 SNES Function norm 2.514772057585e-05
    Nonlinear solve converged due to CONVERGED_FNORM_RELATIVE iterations 3
5 TS dt 0.002 time 0.01
Time taken for solution (sec): 2.89769
Time integrator CONVERGED_ITS on time step 5 with final time 0.01
****************************************************************************************************************************************************************
***                                WIDEN YOUR WINDOW TO 160 CHARACTERS.  Use 'enscript -r -fCourier9' to print this document                                 ***
****************************************************************************************************************************************************************

------------------------------------------------------------------ PETSc Performance Summary: ------------------------------------------------------------------



      ##########################################################
      #                                                        #
      #                       WARNING!!!                       #
      #                                                        #
      #   This code was compiled with a debugging option.      #
      #   To get timing results run ./configure                #
      #   using --with-debugging=no, the performance will      #
      #   be generally two or three times faster.              #
      #                                                        #
      ##########################################################


../navierstokes on a Viz003debug named viz003 with 1 process, by kjansen on Tue Aug 27 08:38:35 2024
Using Petsc Development GIT revision: v3.20.4-1848-ge30157ff951  GIT Date: 2024-08-13 15:03:51 -0600

                         Max       Max/Min     Avg       Total
Time (sec):           7.568e+00     1.000   7.568e+00
Objects:              0.000e+00     0.000   0.000e+00
Flops:                5.869e+07     1.000   5.869e+07  5.869e+07
Flops/sec:            7.755e+06     1.000   7.755e+06  7.755e+06
Memory (bytes):       2.010e+07     1.000   2.010e+07  2.010e+07
MPI Msg Count:        0.000e+00     0.000   0.000e+00  0.000e+00
MPI Msg Len (bytes):  8.000e+00     1.000   0.000e+00  8.000e+00
MPI Reductions:       2.000e+00     1.000

Flop counting convention: 1 flop = 1 real number operation of type (multiply/divide/add/subtract)
                            e.g., VecAXPY() for real vectors of length N --> 2N flops
                            and VecAXPY() for complex vectors of length N --> 8N flops

Summary of Stages:   ----- Time ------  ----- Flop ------  --- Messages ---  -- Message Lengths --  -- Reductions --
                        Avg     %Total     Avg     %Total    Count   %Total     Avg         %Total    Count   %Total
 0:      Main Stage: 4.5539e+00  60.2%  5.3641e+06   9.1%  0.000e+00   0.0%  0.000e+00      100.0%  2.000e+00 100.0%
 1:    Fluids Solve: 2.8977e+00  38.3%  5.1248e+07  87.3%  0.000e+00   0.0%  0.000e+00        0.0%  0.000e+00   0.0%
 2: MATCEED Assembly Setup: 6.9027e-04   0.0%  0.0000e+00   0.0%  0.000e+00   0.0%  0.000e+00        0.0%  0.000e+00   0.0%

------------------------------------------------------------------------------------------------------------------------
See the 'Profiling' chapter of the users' manual for details on interpreting output.
Phase summary info:
   Count: number of times phase was executed
   Time and Flop: Max - maximum over all processors
                  Ratio - ratio of maximum to minimum over all processors
   Mess: number of messages sent
   AvgLen: average message length (bytes)
   Reduct: number of global reductions
   Global: entire computation
   Stage: stages of a computation. Set stages with PetscLogStagePush() and PetscLogStagePop().
      %T - percent time in this phase         %F - percent flop in this phase
      %M - percent messages in this phase     %L - percent message lengths in this phase
      %R - percent reductions in this phase
   Total Mflop/s: 10e-6 * (sum of flop over all processors)/(max time over all processors)
------------------------------------------------------------------------------------------------------------------------


      ##########################################################
      #                                                        #
      #                       WARNING!!!                       #
      #                                                        #
      #   This code was compiled with a debugging option.      #
      #   To get timing results run ./configure                #
      #   using --with-debugging=no, the performance will      #
      #   be generally two or three times faster.              #
      #                                                        #
      ##########################################################


Event                Count      Time (sec)     Flop                              --- Global ---  --- Stage ----  Total
                   Max Ratio  Max     Ratio   Max  Ratio  Mess   AvgLen  Reduct  %T %F %M %L %R  %T %F %M %L %R Mflop/s
------------------------------------------------------------------------------------------------------------------------

--- Event Stage 0: Main Stage

PetscBarrier           2 1.0 4.8660e-06 1.0 0.00e+00 0.0 0.0e+00 0.0e+00 0.0e+00  0  0  0  0  0   0  0  0  0  0     0
BuildTwoSided          3 1.0 4.6170e-05 1.0 0.00e+00 0.0 0.0e+00 0.0e+00 0.0e+00  0  0  0  0  0   0  0  0  0  0     0
CeedOpApply            1 1.0 2.4893e-04 1.0 0.00e+00 0.0 0.0e+00 0.0e+00 0.0e+00  0  0  0  0  0   0  0  0  0  0     0
DMCreateMat            1 1.0 2.5853e-04 1.0 0.00e+00 0.0 0.0e+00 0.0e+00 0.0e+00  0  0  0  0  0   0  0  0  0  0     0
DMPlexCrFromOpts       1 1.0 7.1769e-03 1.0 0.00e+00 0.0 0.0e+00 0.0e+00 0.0e+00  0  0  0  0  0   0  0  0  0  0     0
DMPlexInterp          49 1.0 2.7410e-02 1.0 0.00e+00 0.0 0.0e+00 0.0e+00 0.0e+00  0  0  0  0  0   1  0  0  0  0     0
DMPlexStratify        71 1.0 1.6532e-02 1.0 0.00e+00 0.0 0.0e+00 0.0e+00 0.0e+00  0  0  0  0  0   0  0  0  0  0     0
DMPlexSymmetrize      71 1.0 7.4678e-04 1.0 0.00e+00 0.0 0.0e+00 0.0e+00 0.0e+00  0  0  0  0  0   0  0  0  0  0     0
DMPlexGenerate         1 1.0 7.0543e-03 1.0 0.00e+00 0.0 0.0e+00 0.0e+00 0.0e+00  0  0  0  0  0   0  0  0  0  0     0
DMPlexGetLocOff       10 1.0 1.5038e-03 1.0 0.00e+00 0.0 0.0e+00 0.0e+00 0.0e+00  0  0  0  0  0   0  0  0  0  0     0
SFSetGraph             5 1.0 4.7166e-05 1.0 0.00e+00 0.0 0.0e+00 0.0e+00 0.0e+00  0  0  0  0  0   0  0  0  0  0     0
SFSetUp                3 1.0 3.4543e-04 1.0 0.00e+00 0.0 0.0e+00 0.0e+00 0.0e+00  0  0  0  0  0   0  0  0  0  0     0
SFBcastBegin           4 1.0 1.0806e-04 1.0 0.00e+00 0.0 0.0e+00 0.0e+00 0.0e+00  0  0  0  0  0   0  0  0  0  0     0
SFBcastEnd             4 1.0 1.9899e-05 1.0 0.00e+00 0.0 0.0e+00 0.0e+00 0.0e+00  0  0  0  0  0   0  0  0  0  0     0
SFReduceBegin          2 1.0 3.7178e-05 1.0 0.00e+00 0.0 0.0e+00 0.0e+00 0.0e+00  0  0  0  0  0   0  0  0  0  0     0
SFReduceEnd            2 1.0 7.3320e-06 1.0 0.00e+00 0.0 0.0e+00 0.0e+00 0.0e+00  0  0  0  0  0   0  0  0  0  0     0
SFPack                 6 1.0 8.1880e-06 1.0 0.00e+00 0.0 0.0e+00 0.0e+00 0.0e+00  0  0  0  0  0   0  0  0  0  0     0
VecView                1 1.0 1.3548e-04 1.0 0.00e+00 0.0 0.0e+00 0.0e+00 0.0e+00  0  0  0  0  0   0  0  0  0  0     0
VecCopy                3 1.0 3.2999e-05 1.0 0.00e+00 0.0 0.0e+00 0.0e+00 0.0e+00  0  0  0  0  0   0  0  0  0  0     0
VecSet                 3 1.0 1.3844e-05 1.0 0.00e+00 0.0 0.0e+00 0.0e+00 0.0e+00  0  0  0  0  0   0  0  0  0  0     0
VecAXPY                1 1.0 9.0530e-06 1.0 6.40e+02 1.0 0.0e+00 0.0e+00 0.0e+00  0  0  0  0  0   0  0  0  0  0    71
DualSpaceSetUp         8 1.0 4.2183e-01 1.0 4.33e+03 1.0 0.0e+00 0.0e+00 0.0e+00  6  0  0  0  0   9  0  0  0  0     0
FESetUp               10 1.0 3.6774e+00 1.0 0.00e+00 0.0 0.0e+00 0.0e+00 0.0e+00 49  0  0  0  0  81  0  0  0  0     0
MatAssemblyBegin      83 1.0 1.7489e-04 1.0 0.00e+00 0.0 0.0e+00 0.0e+00 0.0e+00  0  0  0  0  0   0  0  0  0  0     0
MatAssemblyEnd        83 1.0 8.0222e-04 1.0 0.00e+00 0.0 0.0e+00 0.0e+00 0.0e+00  0  0  0  0  0   0  0  0  0  0     0
MatSetPreallCOO       46 1.0 1.8230e-03 1.0 0.00e+00 0.0 0.0e+00 0.0e+00 0.0e+00  0  0  0  0  0   0  0  0  0  0     0
MatSetValuesCOO       46 1.0 1.2561e-02 1.0 0.00e+00 0.0 0.0e+00 0.0e+00 0.0e+00  0  0  0  0  0   0  0  0  0  0     0

--- Event Stage 1: Fluids Solve

PetscBarrier           1 1.0 1.5930e-06 1.0 0.00e+00 0.0 0.0e+00 0.0e+00 0.0e+00  0  0  0  0  0   0  0  0  0  0     0
BuildTwoSided          1 1.0 8.2940e-06 1.0 0.00e+00 0.0 0.0e+00 0.0e+00 0.0e+00  0  0  0  0  0   0  0  0  0  0     0
CeedOpApply           20 1.0 3.3971e-02 1.0 0.00e+00 0.0 0.0e+00 0.0e+00 0.0e+00  0  0  0  0  0   1  0  0  0  0     0
DMPlexInterp          12 1.0 8.1583e-03 1.0 0.00e+00 0.0 0.0e+00 0.0e+00 0.0e+00  0  0  0  0  0   0  0  0  0  0     0
DMPlexStratify        17 1.0 5.1102e-03 1.0 0.00e+00 0.0 0.0e+00 0.0e+00 0.0e+00  0  0  0  0  0   0  0  0  0  0     0
DMPlexSymmetrize      17 1.0 2.3288e-04 1.0 0.00e+00 0.0 0.0e+00 0.0e+00 0.0e+00  0  0  0  0  0   0  0  0  0  0     0
SFSetGraph             2 1.0 1.5626e-05 1.0 0.00e+00 0.0 0.0e+00 0.0e+00 0.0e+00  0  0  0  0  0   0  0  0  0  0     0
SFSetUp                1 1.0 7.7592e-05 1.0 0.00e+00 0.0 0.0e+00 0.0e+00 0.0e+00  0  0  0  0  0   0  0  0  0  0     0
SFBcastBegin         569 1.0 3.9844e-03 1.0 0.00e+00 0.0 0.0e+00 0.0e+00 0.0e+00  0  0  0  0  0   0  0  0  0  0     0
SFBcastEnd           569 1.0 1.0252e-03 1.0 0.00e+00 0.0 0.0e+00 0.0e+00 0.0e+00  0  0  0  0  0   0  0  0  0  0     0
SFReduceBegin        546 1.0 3.9180e-03 1.0 0.00e+00 0.0 0.0e+00 0.0e+00 0.0e+00  0  0  0  0  0   0  0  0  0  0     0
SFReduceEnd          546 1.0 9.3210e-04 1.0 0.00e+00 0.0 0.0e+00 0.0e+00 0.0e+00  0  0  0  0  0   0  0  0  0  0     0
SFPack              1115 1.0 8.1377e-04 1.0 0.00e+00 0.0 0.0e+00 0.0e+00 0.0e+00  0  0  0  0  0   0  0  0  0  0     0
VecView                3 1.0 1.8400e+00 1.0 7.38e+06 1.0 0.0e+00 0.0e+00 0.0e+00 24 13  0  0  0  63 14  0  0  0     4
VecDot                15 1.0 3.8193e-05 1.0 8.62e+03 1.0 0.0e+00 0.0e+00 0.0e+00  0  0  0  0  0   0  0  0  0  0   226
VecMDot              503 1.0 3.2738e-03 1.0 3.68e+06 1.0 0.0e+00 0.0e+00 0.0e+00  0  6  0  0  0   0  7  0  0  0  1124
VecNorm              569 1.0 1.0827e-03 1.0 3.27e+05 1.0 0.0e+00 0.0e+00 0.0e+00  0  1  0  0  0   0  1  0  0  0   302
VecScale             542 1.0 1.0640e-03 1.0 1.56e+05 1.0 0.0e+00 0.0e+00 0.0e+00  0  0  0  0  0   0  0  0  0  0   147
VecCopy              109 1.0 2.6354e-04 1.0 0.00e+00 0.0 0.0e+00 0.0e+00 0.0e+00  0  0  0  0  0   0  0  0  0  0     0
VecSet              1118 1.0 2.5617e-03 1.0 0.00e+00 0.0 0.0e+00 0.0e+00 0.0e+00  0  0  0  0  0   0  0  0  0  0     0
VecAXPY               42 1.0 1.0092e-04 1.0 2.46e+04 1.0 0.0e+00 0.0e+00 0.0e+00  0  0  0  0  0   0  0  0  0  0   244
VecAXPBYCZ            25 1.0 8.8024e-05 1.0 2.16e+04 1.0 0.0e+00 0.0e+00 0.0e+00  0  0  0  0  0   0  0  0  0  0   245
VecWAXPY              15 1.0 4.7697e-05 1.0 4.32e+03 1.0 0.0e+00 0.0e+00 0.0e+00  0  0  0  0  0   0  0  0  0  0    91
VecMAXPY             534 1.0 5.0139e-03 1.0 4.11e+06 1.0 0.0e+00 0.0e+00 0.0e+00  0  7  0  0  0   0  8  0  0  0   820
VecPointwiseMult       6 1.0 2.0885e-05 1.0 1.92e+03 1.0 0.0e+00 0.0e+00 0.0e+00  0  0  0  0  0   0  0  0  0  0    92
VecReduceArith        30 1.0 4.5418e-05 1.0 1.72e+04 1.0 0.0e+00 0.0e+00 0.0e+00  0  0  0  0  0   0  0  0  0  0   380
VecReduceComm         15 1.0 1.6552e-05 1.0 0.00e+00 0.0 0.0e+00 0.0e+00 0.0e+00  0  0  0  0  0   0  0  0  0  0     0
DualSpaceSetUp         2 1.0 1.6695e-01 1.0 2.17e+03 1.0 0.0e+00 0.0e+00 0.0e+00  2  0  0  0  0   6  0  0  0  0     0
FESetUp                2 1.0 1.5516e+00 1.0 0.00e+00 0.0 0.0e+00 0.0e+00 0.0e+00 21  0  0  0  0  54  0  0  0  0     0
MatMult              527 1.0 9.5082e-01 1.0 3.55e+07 1.0 0.0e+00 0.0e+00 0.0e+00 13 61  0  0  0  33 69  0  0  0    37
MatAssemblyBegin      38 1.0 6.6100e-05 1.0 0.00e+00 0.0 0.0e+00 0.0e+00 0.0e+00  0  0  0  0  0   0  0  0  0  0     0
MatAssemblyEnd        38 1.0 4.0118e-04 1.0 0.00e+00 0.0 0.0e+00 0.0e+00 0.0e+00  0  0  0  0  0   0  0  0  0  0     0
MatSetValues         137 1.0 2.5357e-04 1.0 0.00e+00 0.0 0.0e+00 0.0e+00 0.0e+00  0  0  0  0  0   0  0  0  0  0     0
MatGetValues          64 1.0 8.7038e-05 1.0 0.00e+00 0.0 0.0e+00 0.0e+00 0.0e+00  0  0  0  0  0   0  0  0  0  0     0
MatGetRow            749 1.0 9.1055e-04 1.0 0.00e+00 0.0 0.0e+00 0.0e+00 0.0e+00  0  0  0  0  0   0  0  0  0  0     0
MatSetPreallCOO       16 1.0 7.0125e-04 1.0 0.00e+00 0.0 0.0e+00 0.0e+00 0.0e+00  0  0  0  0  0   0  0  0  0  0     0
MatSetValuesCOO       17 1.0 4.7920e-04 1.0 0.00e+00 0.0 0.0e+00 0.0e+00 0.0e+00  0  0  0  0  0   0  0  0  0  0     0
MATCEED Mult         526 1.0 9.4765e-01 1.0 3.55e+07 1.0 0.0e+00 0.0e+00 0.0e+00 13 61  0  0  0  33 69  0  0  0    37
TSStep                 5 1.0 1.0548e+00 1.0 4.39e+07 1.0 0.0e+00 0.0e+00 0.0e+00 14 75  0  0  0  36 86  0  0  0    42
TSFunctionEval        20 1.0 3.5448e-02 1.0 3.84e+03 1.0 0.0e+00 0.0e+00 0.0e+00  0  0  0  0  0   1  0  0  0  0     0
TSJacobianEval         1 1.0 2.0029e-05 1.0 0.00e+00 0.0 0.0e+00 0.0e+00 0.0e+00  0  0  0  0  0   0  0  0  0  0     0
KSPSetUp              15 1.0 3.2960e-05 1.0 0.00e+00 0.0 0.0e+00 0.0e+00 0.0e+00  0  0  0  0  0   0  0  0  0  0     0
KSPSolve              15 1.0 9.5518e-01 1.0 4.28e+07 1.0 0.0e+00 0.0e+00 0.0e+00 13 73  0  0  0  33 83  0  0  0    45
KSPGMRESOrthog       503 1.0 1.5839e-02 1.0 7.37e+06 1.0 0.0e+00 0.0e+00 0.0e+00  0 13  0  0  0   1 14  0  0  0   465
SNESSolve              5 1.0 1.0545e+00 1.0 4.39e+07 1.0 0.0e+00 0.0e+00 0.0e+00 14 75  0  0  0  36 86  0  0  0    42
SNESFunctionEval      20 1.0 3.5752e-02 1.0 2.11e+04 1.0 0.0e+00 0.0e+00 0.0e+00  0  0  0  0  0   1  0  0  0  0     1
SNESJacobianEval       1 1.0 2.8574e-05 1.0 0.00e+00 0.0 0.0e+00 0.0e+00 0.0e+00  0  0  0  0  0   0  0  0  0  0     0
SNESLineSearch        15 1.0 5.4751e-02 1.0 1.07e+06 1.0 0.0e+00 0.0e+00 0.0e+00  1  2  0  0  0   2  2  0  0  0    20
PCSetUp                1 1.0 3.4233e-02 1.0 4.00e+03 1.0 0.0e+00 0.0e+00 0.0e+00  0  0  0  0  0   1  0  0  0  0     0
PCApply              526 1.0 2.2217e-03 1.0 0.00e+00 0.0 0.0e+00 0.0e+00 0.0e+00  0  0  0  0  0   0  0  0  0  0     0

--- Event Stage 2: MATCEED Assembly Setup

MatSetPreallCOO        1 1.0 4.0518e-04 1.0 0.00e+00 0.0 0.0e+00 0.0e+00 0.0e+00  0  0  0  0  0  59  0  0  0  0     0
------------------------------------------------------------------------------------------------------------------------

Object Type          Creations   Destructions. Reports information only for process 0.

--- Event Stage 0: Main Stage

           Container   118            119
    Distributed Mesh   160            160
            DM Label   364            364
          Quadrature  1297           1297
           Index Set  1662           1662
   IS L to G Mapping   449            449
             Section   476            476
    Section Symmetry     1              1
   Star Forest Graph   390            390
     Discrete System   230            213
           Weak Form   231            214
    GraphPartitioner    71             71
              Vector    96            145
        Linear Space    20             20
          Dual Space    83             83
            FE Space    10             10
              Matrix   255            256
              Viewer     3              3
             TSAdapt     1              1
                  TS     1              1
                DMTS     1              1
                SNES     1              1
              DMSNES     3              3
      SNESLineSearch     1              1
       Krylov Solver     1              1
     DMKSP interface     0              1
      Preconditioner     1              1

--- Event Stage 1: Fluids Solve

           Container    32             32
    Distributed Mesh    40             40
            DM Label    98             98
          Quadrature   619            619
           Index Set   395            395
   IS L to G Mapping    96             96
             Section   120            120
    Section Symmetry     1              1
   Star Forest Graph    98             98
     Discrete System    58             54
           Weak Form    58             54
    GraphPartitioner    17             17
              Vector    76             27
        Linear Space     4              4
          Dual Space    23             23
            FE Space     2              2
              Matrix    84             83
              Viewer     1              1
     DMKSP interface     1              0
       Field over DM     1              1

--- Event Stage 2: MATCEED Assembly Setup

           Container     1              0
========================================================================================================================
Average time to get PetscTime(): 1.087e-07
#PETSc Option Table entries:
-amat_type shell # (source: file)
-amplitude 2 # (source: file)
-bc_freestream 4,6,3,5 # (source: file)
-bc_symmetry_z 1,2 # (source: file)
-degree 3 # (source: command line)
-dm_blocking_type field_node # (source: code)
-dm_localize 0 # (source: code)
-dm_plex_box_faces 1,1,1 # (source: file)
-dm_plex_box_lower 0,0,0 # (source: file)
-dm_plex_box_upper 1,1,0.025 # (source: file)
-dm_plex_dim 3 # (source: file)
-dm_plex_shape zbox # (source: file)
-dm_sparse_localize 0 # (source: code)
-dm_view ascii::ascii_info_detail # (source: command line)
-epicenter 0.33,0.75,0 # (source: file)
-freestream_velocity 2,2,0 # (source: file)
-implicit true # (source: file)
-ksp_converged_reason # (source: file)
-ksp_rtol 1e-2 # (source: file)
-ksp_type lgmres # (source: file)
-log_view # (source: file)
-log_view_gpu_time # (source: file)
-mu 0 # (source: file)
-output_add_stepnum2bin true # (source: file)
-output_dir ./output_files # (source: file)
-pc_type vpbjacobi # (source: file)
-pmat_pbdiagonal true # (source: file)
-preload true # (source: file)
-problem gaussian_wave # (source: file)
-reference_pressure 71.75 # (source: file)
-reference_temperature 0.25 # (source: file)
-sectionAfterInterpolate # (source: command line)
-snes_converged_reason # (source: file)
-snes_lag_jacobian 9 # (source: file)
-snes_lag_jacobian_persists # (source: file)
-snes_monitor # (source: file)
-snes_rtol 1e-4 # (source: file)
-stab supg # (source: file)
-state_var primitive # (source: file)
-ts_adapt_type none # (source: file)
-ts_dt 2e-3 # (source: file)
-ts_max_steps 5 # (source: command line)
-ts_monitor # (source: file)
-ts_monitor_solution cgns:flowCoarseBy3-%d.cgns # (source: file)
-ts_monitor_solution_interval 50 # (source: file)
-ts_type beuler # (source: file)
-use_gpu_aware_mpi 0 # (source: file)
-viewer_cgns_batch_size 10 # (source: file)
-width 0.05 # (source: file)
#End of PETSc Option Table entries
Compiled without FORTRAN kernels
Compiled with 64-bit PetscInt
Compiled with full precision matrices (default)
sizeof(short) 2 sizeof(int) 4 sizeof(long) 8 sizeof(void*) 8 sizeof(PetscScalar) 8 sizeof(PetscInt) 8
Configure options: --with-debugging=1 --with-64-bit-indices --with-cc=mpicc --with-cxx=mpicxx --with-fc=0 --COPTFLAGS="-O0 -g" --CXXOPTFLAGS="-O0 -g" --FOPTFLAGS="-O0 -g" --download-hdf5 --download-cgns --download-metis --download-parmetis --PETSC_ARCH=Viz003debug
-----------------------------------------
Libraries compiled on 2024-08-23 04:52:02 on viz003 
Machine characteristics: Linux-3.16.0-4-amd64-x86_64-with-debian-8.11
Using PETSc directory: /projects/tools/petsc/petsc_kjansenFork/petsc-kjansen-fork
Using PETSc arch: Viz003debug
-----------------------------------------

Using C compiler: mpicc  -fPIC -Wall -Wwrite-strings -Wno-unknown-pragmas -Wno-lto-type-mismatch -fstack-protector -fvisibility=hidden -Wall -Wwrite-strings -Wno-unknown-pragmas -Wno-lto-type-mismatch -fstack-protector -fvisibility=hidden -O0 -g  
-----------------------------------------

Using include paths: -I/projects/tools/petsc/petsc_kjansenFork/petsc-kjansen-fork/include -I/projects/tools/petsc/petsc_kjansenFork/petsc-kjansen-fork/Viz003debug/include
-----------------------------------------

Using C linker: mpicc
Using libraries: -Wl,-rpath,/projects/tools/petsc/petsc_kjansenFork/petsc-kjansen-fork/Viz003debug/lib -L/projects/tools/petsc/petsc_kjansenFork/petsc-kjansen-fork/Viz003debug/lib -lpetsc -Wl,-rpath,/projects/tools/petsc/petsc_kjansenFork/petsc-kjansen-fork/Viz003debug/lib -L/projects/tools/petsc/petsc_kjansenFork/petsc-kjansen-fork/Viz003debug/lib -llapack -lblas -lparmetis -lmetis -lcgns -lhdf5_hl -lhdf5 -lm -lX11 -lstdc++ -lquadmath -ldl
-----------------------------------------



      ##########################################################
      #                                                        #
      #                       WARNING!!!                       #
      #                                                        #
      #   This code was compiled with a debugging option.      #
      #   To get timing results run ./configure                #
      #   using --with-debugging=no, the performance will      #
      #   be generally two or three times faster.              #
      #                                                        #
      ##########################################################


WARNING! There are options you set that were not used!
WARNING! could be spelling mistake, etc!
There is one unused database option. It is:
Option left: name:-sectionAfterInterpolate (no value) source: command line
