[viz003:03328] mca_base_component_repository_open: unable to open mca_btl_openib: librdmacm.so.1: cannot open shared object file: No such file or directory (ignored)
After Initialize navierstokes.c : 
Warning! -pmat_pbdiagonal no longer used. Pmat assembly determined from -pc_type setting
After Command Line Options navierstokes.c : 
[38;5;1m
---------- Registering Backends ----------
[m
Backend Register: /cpu/self/avx/blocked
Backend Register: /cpu/self/avx/serial
Weak Register   : /gpu/cuda/ref
Weak Register   : /gpu/cuda/gen
Weak Register   : /gpu/cuda/shared
Weak Register   : /gpu/hip/ref
Weak Register   : /gpu/hip/gen
Weak Register   : /gpu/hip/shared
Weak Register   : /gpu/sycl/ref
Weak Register   : /gpu/sycl/shared
Weak Register   : /gpu/sycl/gen
Weak Register   : /gpu/cuda/magma
Weak Register   : /gpu/hip/magma
Weak Register   : /gpu/cuda/magma/det
Weak Register   : /gpu/hip/magma/det
Backend Register: /cpu/self/memcheck/blocked
Backend Register: /cpu/self/memcheck/serial
Weak Register   : /cpu/self/occa
Weak Register   : /cpu/openmp/occa
Weak Register   : /gpu/dpcpp/occa
Weak Register   : /gpu/opencl/occa
Weak Register   : /gpu/hip/occa
Weak Register   : /gpu/cuda/occa
Backend Register: /cpu/self/opt/blocked
Backend Register: /cpu/self/opt/serial
Backend Register: /cpu/self/ref/serial
Backend Register: /cpu/self/ref/blocked
Weak Register   : /cpu/self/xsmm/blocked
Weak Register   : /cpu/self/xsmm/serial
Before CeedGetResource navierstokes.c : 
After CeedGetResource navierstokes.c : 
Global cells 1 vertices 64
After Plex Corners Connectivity 
After Interpolate 
PetscSection Object: 1 MPI process
  type not yet set
1 fields
  field 0 "Q3" with 5 components
Process 0:
  (   0) dim 40 offset   0
  (   1) dim  5 offset  40
  (   2) dim  5 offset  45
  (   3) dim  5 offset  50
  (   4) dim  5 offset  55
  (   5) dim  5 offset  60
  (   6) dim  5 offset  65
  (   7) dim  5 offset  70
  (   8) dim  5 offset  75
  (   9) dim 20 offset  80
  (  10) dim 20 offset 100
  (  11) dim 20 offset 120
  (  12) dim 20 offset 140
  (  13) dim 20 offset 160
  (  14) dim 20 offset 180
  (  15) dim 10 offset 200
  (  16) dim 10 offset 210
  (  17) dim 10 offset 220
  (  18) dim 10 offset 230
  (  19) dim 10 offset 240
  (  20) dim 10 offset 250
  (  21) dim 10 offset 260
  (  22) dim 10 offset 270
  (  23) dim 10 offset 280
  (  24) dim 10 offset 290
  (  25) dim 10 offset 300
  (  26) dim 10 offset 310
  PetscSectionSym Object: 1 MPI process
    type: label
    Label 'depth'
    Symmetry for stratum value 0 (0 dofs per point): no symmetries
    Symmetry for stratum value 1 (10 dofs per point):
      Orientation range: [-1, 1)
    Symmetry for stratum value 2 (20 dofs per point):
      Orientation range: [-4, 4)
    Symmetry for stratum value 3 (0 dofs per point): no symmetries
    Symmetry for stratum value -1 (0 dofs per point): no symmetries
After DMGetLocalSection 
After DMGetCoordinateDM 
Before leaf creation 
Before SFCreate 
Before Coordinates 
After Coordinates 
Before IC read 
 Reading IC as isol=3
After IC read 
stepnum 5 and time 0.010000 
After IC SF work 
plexCreate Before box label 
DM Object: DM_0xe3e920_0 1 MPI process
  type: plex
DM_0xe3e920_0 in 3 dimensions:
Supports:
[0] Max support size: 3
[0]: 1 ----> 15
[0]: 1 ----> 18
[0]: 1 ----> 24
[0]: 2 ----> 19
[0]: 2 ----> 22
[0]: 2 ----> 24
[0]: 3 ----> 15
[0]: 3 ----> 16
[0]: 3 ----> 25
[0]: 4 ----> 21
[0]: 4 ----> 22
[0]: 4 ----> 25
[0]: 5 ----> 17
[0]: 5 ----> 18
[0]: 5 ----> 23
[0]: 6 ----> 19
[0]: 6 ----> 20
[0]: 6 ----> 23
[0]: 7 ----> 16
[0]: 7 ----> 17
[0]: 7 ----> 26
[0]: 8 ----> 20
[0]: 8 ----> 21
[0]: 8 ----> 26
[0]: 9 ----> 0
[0]: 10 ----> 0
[0]: 11 ----> 0
[0]: 12 ----> 0
[0]: 13 ----> 0
[0]: 14 ----> 0
[0]: 15 ----> 9
[0]: 15 ----> 14
[0]: 16 ----> 9
[0]: 16 ----> 12
[0]: 17 ----> 9
[0]: 17 ----> 13
[0]: 18 ----> 9
[0]: 18 ----> 11
[0]: 19 ----> 10
[0]: 19 ----> 11
[0]: 20 ----> 10
[0]: 20 ----> 13
[0]: 21 ----> 10
[0]: 21 ----> 12
[0]: 22 ----> 10
[0]: 22 ----> 14
[0]: 23 ----> 11
[0]: 23 ----> 13
[0]: 24 ----> 11
[0]: 24 ----> 14
[0]: 25 ----> 12
[0]: 25 ----> 14
[0]: 26 ----> 12
[0]: 26 ----> 13
Cones:
[0] Max cone size: 6
[0]: 0 <---- 9 (0)
[0]: 0 <---- 10 (0)
[0]: 0 <---- 11 (0)
[0]: 0 <---- 12 (0)
[0]: 0 <---- 13 (0)
[0]: 0 <---- 14 (0)
[0]: 9 <---- 15 (0)
[0]: 9 <---- 16 (0)
[0]: 9 <---- 17 (0)
[0]: 9 <---- 18 (0)
[0]: 10 <---- 19 (0)
[0]: 10 <---- 20 (0)
[0]: 10 <---- 21 (0)
[0]: 10 <---- 22 (0)
[0]: 11 <---- 18 (-1)
[0]: 11 <---- 23 (0)
[0]: 11 <---- 19 (-1)
[0]: 11 <---- 24 (0)
[0]: 12 <---- 16 (-1)
[0]: 12 <---- 25 (0)
[0]: 12 <---- 21 (-1)
[0]: 12 <---- 26 (0)
[0]: 13 <---- 17 (-1)
[0]: 13 <---- 26 (-1)
[0]: 13 <---- 20 (-1)
[0]: 13 <---- 23 (-1)
[0]: 14 <---- 24 (-1)
[0]: 14 <---- 22 (-1)
[0]: 14 <---- 25 (-1)
[0]: 14 <---- 15 (-1)
[0]: 15 <---- 1 (0)
[0]: 15 <---- 3 (0)
[0]: 16 <---- 3 (0)
[0]: 16 <---- 7 (0)
[0]: 17 <---- 7 (0)
[0]: 17 <---- 5 (0)
[0]: 18 <---- 5 (0)
[0]: 18 <---- 1 (0)
[0]: 19 <---- 2 (0)
[0]: 19 <---- 6 (0)
[0]: 20 <---- 6 (0)
[0]: 20 <---- 8 (0)
[0]: 21 <---- 8 (0)
[0]: 21 <---- 4 (0)
[0]: 22 <---- 4 (0)
[0]: 22 <---- 2 (0)
[0]: 23 <---- 5 (0)
[0]: 23 <---- 6 (0)
[0]: 24 <---- 2 (0)
[0]: 24 <---- 1 (0)
[0]: 25 <---- 3 (0)
[0]: 25 <---- 4 (0)
[0]: 26 <---- 8 (0)
[0]: 26 <---- 7 (0)
Vec_0xecf4d0_54 with 1 fields
  field 0 with 3 components
Process 0:
  (   0) dim 24 offset   0 0.276393 0.276393 0.00690983 0.723607 0.276393 0.00690983 0.276393 0.723607 0.00690983 0.723607 0.723607 0.00690983 0.276393 0.276393 0.0180902 0.723607 0.276393 0.0180902 0.276393 0.723607 0.0180902 0.723607 0.723607 0.0180902
  (   1) dim  3 offset  24 0. 0. 0.
  (   2) dim  3 offset  27 0. 0. 0.025
  (   3) dim  3 offset  30 0. 1. 0.
  (   4) dim  3 offset  33 0. 1. 0.025
  (   5) dim  3 offset  36 1. 0. 0.
  (   6) dim  3 offset  39 1. 0. 0.025
  (   7) dim  3 offset  42 1. 1. 0.
  (   8) dim  3 offset  45 1. 1. 0.025
  (   9) dim 12 offset  48 0.276393 0.276393 -6.93889e-19 0.276393 0.723607 0. 0.723607 0.276393 0. 0.723607 0.723607 -6.93889e-19
  (  10) dim 12 offset  60 0.276393 0.276393 0.025 0.723607 0.276393 0.025 0.276393 0.723607 0.025 0.723607 0.723607 0.025
  (  11) dim 12 offset  72 0.276393 -2.77556e-17 0.00690983 0.723607 0. 0.00690983 0.276393 -2.77556e-17 0.0180902 0.723607 0. 0.0180902
  (  12) dim 12 offset  84 0.723607 1. 0.00690983 0.276393 1. 0.00690983 0.723607 1. 0.0180902 0.276393 1. 0.0180902
  (  13) dim 12 offset  96 1. 0.276393 0.00690983 1. 0.723607 0.00690983 1. 0.276393 0.0180902 1. 0.723607 0.0180902
  (  14) dim 12 offset 108 0. 0.276393 0.00690983 0. 0.276393 0.0180902 0. 0.723607 0.00690983 0. 0.723607 0.0180902
  (  15) dim  6 offset 120 0. 0.276393 0. 0. 0.723607 0.
  (  16) dim  6 offset 126 0.276393 1. 6.93889e-19 0.723607 1. 0.
  (  17) dim  6 offset 132 1. 0.723607 0. 1. 0.276393 0.
  (  18) dim  6 offset 138 0.723607 0. 6.93889e-19 0.276393 0. 0.
  (  19) dim  6 offset 144 0.276393 0. 0.025 0.723607 0. 0.025
  (  20) dim  6 offset 150 1. 0.276393 0.025 1. 0.723607 0.025
  (  21) dim  6 offset 156 0.723607 1. 0.025 0.276393 1. 0.025
  (  22) dim  6 offset 162 0. 0.723607 0.025 0. 0.276393 0.025
  (  23) dim  6 offset 168 1. 0. 0.00690983 1. 0. 0.0180902
  (  24) dim  6 offset 174 0. 0. 0.0180902 0. 0. 0.00690983
  (  25) dim  6 offset 180 0. 1. 0.00690983 0. 1. 0.0180902
  (  26) dim  6 offset 186 1. 1. 0.0180902 1. 1. 0.00690983
Labels:
Label 'celltype':
[0]: 1 (0)
[0]: 2 (0)
[0]: 3 (0)
[0]: 4 (0)
[0]: 5 (0)
[0]: 6 (0)
[0]: 7 (0)
[0]: 8 (0)
[0]: 0 (7)
[0]: 9 (4)
[0]: 10 (4)
[0]: 11 (4)
[0]: 12 (4)
[0]: 13 (4)
[0]: 14 (4)
[0]: 15 (1)
[0]: 16 (1)
[0]: 17 (1)
[0]: 18 (1)
[0]: 19 (1)
[0]: 20 (1)
[0]: 21 (1)
[0]: 22 (1)
[0]: 23 (1)
[0]: 24 (1)
[0]: 25 (1)
[0]: 26 (1)
Label 'zone':
Label 'Face Sets':
[0]: 9 (1)
[0]: 10 (1)
[0]: 11 (1)
[0]: 12 (1)
[0]: 13 (1)
[0]: 14 (1)
plexCreate Before periodic and centroids sf 
DM Object: DM_0xe3e920_0 1 MPI process
  type: plex
DM_0xe3e920_0 in 3 dimensions:
Supports:
[0] Max support size: 3
[0]: 1 ----> 15
[0]: 1 ----> 18
[0]: 1 ----> 24
[0]: 2 ----> 19
[0]: 2 ----> 22
[0]: 2 ----> 24
[0]: 3 ----> 15
[0]: 3 ----> 16
[0]: 3 ----> 25
[0]: 4 ----> 21
[0]: 4 ----> 22
[0]: 4 ----> 25
[0]: 5 ----> 17
[0]: 5 ----> 18
[0]: 5 ----> 23
[0]: 6 ----> 19
[0]: 6 ----> 20
[0]: 6 ----> 23
[0]: 7 ----> 16
[0]: 7 ----> 17
[0]: 7 ----> 26
[0]: 8 ----> 20
[0]: 8 ----> 21
[0]: 8 ----> 26
[0]: 9 ----> 0
[0]: 10 ----> 0
[0]: 11 ----> 0
[0]: 12 ----> 0
[0]: 13 ----> 0
[0]: 14 ----> 0
[0]: 15 ----> 9
[0]: 15 ----> 14
[0]: 16 ----> 9
[0]: 16 ----> 12
[0]: 17 ----> 9
[0]: 17 ----> 13
[0]: 18 ----> 9
[0]: 18 ----> 11
[0]: 19 ----> 10
[0]: 19 ----> 11
[0]: 20 ----> 10
[0]: 20 ----> 13
[0]: 21 ----> 10
[0]: 21 ----> 12
[0]: 22 ----> 10
[0]: 22 ----> 14
[0]: 23 ----> 11
[0]: 23 ----> 13
[0]: 24 ----> 11
[0]: 24 ----> 14
[0]: 25 ----> 12
[0]: 25 ----> 14
[0]: 26 ----> 12
[0]: 26 ----> 13
Cones:
[0] Max cone size: 6
[0]: 0 <---- 9 (-2)
[0]: 0 <---- 10 (0)
[0]: 0 <---- 11 (0)
[0]: 0 <---- 12 (0)
[0]: 0 <---- 13 (0)
[0]: 0 <---- 14 (0)
[0]: 9 <---- 18 (0)
[0]: 9 <---- 17 (0)
[0]: 9 <---- 16 (-1)
[0]: 9 <---- 15 (-1)
[0]: 10 <---- 19 (0)
[0]: 10 <---- 20 (0)
[0]: 10 <---- 21 (-1)
[0]: 10 <---- 22 (-1)
[0]: 11 <---- 18 (0)
[0]: 11 <---- 23 (0)
[0]: 11 <---- 19 (-1)
[0]: 11 <---- 24 (0)
[0]: 12 <---- 16 (-1)
[0]: 12 <---- 25 (0)
[0]: 12 <---- 21 (0)
[0]: 12 <---- 26 (0)
[0]: 13 <---- 17 (0)
[0]: 13 <---- 26 (-1)
[0]: 13 <---- 20 (-1)
[0]: 13 <---- 23 (-1)
[0]: 14 <---- 24 (-1)
[0]: 14 <---- 22 (0)
[0]: 14 <---- 25 (-1)
[0]: 14 <---- 15 (-1)
[0]: 15 <---- 1 (0)
[0]: 15 <---- 3 (0)
[0]: 16 <---- 3 (0)
[0]: 16 <---- 7 (0)
[0]: 17 <---- 5 (0)
[0]: 17 <---- 7 (0)
[0]: 18 <---- 1 (0)
[0]: 18 <---- 5 (0)
[0]: 19 <---- 2 (0)
[0]: 19 <---- 6 (0)
[0]: 20 <---- 6 (0)
[0]: 20 <---- 8 (0)
[0]: 21 <---- 4 (0)
[0]: 21 <---- 8 (0)
[0]: 22 <---- 2 (0)
[0]: 22 <---- 4 (0)
[0]: 23 <---- 5 (0)
[0]: 23 <---- 6 (0)
[0]: 24 <---- 2 (0)
[0]: 24 <---- 1 (0)
[0]: 25 <---- 3 (0)
[0]: 25 <---- 4 (0)
[0]: 26 <---- 8 (0)
[0]: 26 <---- 7 (0)
Vec_0xecf4d0_54 with 1 fields
  field 0 with 3 components
Process 0:
  (   0) dim 24 offset   0 0.276393 0.276393 0.00690983 0.723607 0.276393 0.00690983 0.276393 0.723607 0.00690983 0.723607 0.723607 0.00690983 0.276393 0.276393 0.0180902 0.723607 0.276393 0.0180902 0.276393 0.723607 0.0180902 0.723607 0.723607 0.0180902
  (   1) dim  3 offset  24 0. 0. 0.
  (   2) dim  3 offset  27 0. 0. 0.025
  (   3) dim  3 offset  30 0. 1. 0.
  (   4) dim  3 offset  33 0. 1. 0.025
  (   5) dim  3 offset  36 1. 0. 0.
  (   6) dim  3 offset  39 1. 0. 0.025
  (   7) dim  3 offset  42 1. 1. 0.
  (   8) dim  3 offset  45 1. 1. 0.025
  (   9) dim 12 offset  48 0.276393 0.276393 -6.93889e-19 0.276393 0.723607 0. 0.723607 0.276393 0. 0.723607 0.723607 -6.93889e-19
  (  10) dim 12 offset  60 0.276393 0.276393 0.025 0.723607 0.276393 0.025 0.276393 0.723607 0.025 0.723607 0.723607 0.025
  (  11) dim 12 offset  72 0.276393 -2.77556e-17 0.00690983 0.723607 0. 0.00690983 0.276393 -2.77556e-17 0.0180902 0.723607 0. 0.0180902
  (  12) dim 12 offset  84 0.723607 1. 0.00690983 0.276393 1. 0.00690983 0.723607 1. 0.0180902 0.276393 1. 0.0180902
  (  13) dim 12 offset  96 1. 0.276393 0.00690983 1. 0.723607 0.00690983 1. 0.276393 0.0180902 1. 0.723607 0.0180902
  (  14) dim 12 offset 108 0. 0.276393 0.00690983 0. 0.276393 0.0180902 0. 0.723607 0.00690983 0. 0.723607 0.0180902
  (  15) dim  6 offset 120 0. 0.276393 0. 0. 0.723607 0.
  (  16) dim  6 offset 126 0.276393 1. 6.93889e-19 0.723607 1. 0.
  (  17) dim  6 offset 132 1. 0.723607 0. 1. 0.276393 0.
  (  18) dim  6 offset 138 0.723607 0. 6.93889e-19 0.276393 0. 0.
  (  19) dim  6 offset 144 0.276393 0. 0.025 0.723607 0. 0.025
  (  20) dim  6 offset 150 1. 0.276393 0.025 1. 0.723607 0.025
  (  21) dim  6 offset 156 0.723607 1. 0.025 0.276393 1. 0.025
  (  22) dim  6 offset 162 0. 0.723607 0.025 0. 0.276393 0.025
  (  23) dim  6 offset 168 1. 0. 0.00690983 1. 0. 0.0180902
  (  24) dim  6 offset 174 0. 0. 0.0180902 0. 0. 0.00690983
  (  25) dim  6 offset 180 0. 1. 0.00690983 0. 1. 0.0180902
  (  26) dim  6 offset 186 1. 1. 0.0180902 1. 1. 0.00690983
Labels:
Label 'celltype':
[0]: 1 (0)
[0]: 2 (0)
[0]: 3 (0)
[0]: 4 (0)
[0]: 5 (0)
[0]: 6 (0)
[0]: 7 (0)
[0]: 8 (0)
[0]: 0 (7)
[0]: 9 (4)
[0]: 10 (4)
[0]: 11 (4)
[0]: 12 (4)
[0]: 13 (4)
[0]: 14 (4)
[0]: 15 (1)
[0]: 16 (1)
[0]: 17 (1)
[0]: 18 (1)
[0]: 19 (1)
[0]: 20 (1)
[0]: 21 (1)
[0]: 22 (1)
[0]: 23 (1)
[0]: 24 (1)
[0]: 25 (1)
[0]: 26 (1)
Label 'zone':
Label 'Face Sets':
[0]: 9 (1)
[0]: 10 (2)
[0]: 11 (3)
[0]: 12 (4)
[0]: 13 (5)
[0]: 14 (6)
plexCreate DMPlexLabelComplete 
DM Object: DM_0xe3e920_0 1 MPI process
  type: plex
DM_0xe3e920_0 in 3 dimensions:
Supports:
[0] Max support size: 3
[0]: 1 ----> 15
[0]: 1 ----> 18
[0]: 1 ----> 24
[0]: 2 ----> 19
[0]: 2 ----> 22
[0]: 2 ----> 24
[0]: 3 ----> 15
[0]: 3 ----> 16
[0]: 3 ----> 25
[0]: 4 ----> 21
[0]: 4 ----> 22
[0]: 4 ----> 25
[0]: 5 ----> 17
[0]: 5 ----> 18
[0]: 5 ----> 23
[0]: 6 ----> 19
[0]: 6 ----> 20
[0]: 6 ----> 23
[0]: 7 ----> 16
[0]: 7 ----> 17
[0]: 7 ----> 26
[0]: 8 ----> 20
[0]: 8 ----> 21
[0]: 8 ----> 26
[0]: 9 ----> 0
[0]: 10 ----> 0
[0]: 11 ----> 0
[0]: 12 ----> 0
[0]: 13 ----> 0
[0]: 14 ----> 0
[0]: 15 ----> 9
[0]: 15 ----> 14
[0]: 16 ----> 9
[0]: 16 ----> 12
[0]: 17 ----> 9
[0]: 17 ----> 13
[0]: 18 ----> 9
[0]: 18 ----> 11
[0]: 19 ----> 10
[0]: 19 ----> 11
[0]: 20 ----> 10
[0]: 20 ----> 13
[0]: 21 ----> 10
[0]: 21 ----> 12
[0]: 22 ----> 10
[0]: 22 ----> 14
[0]: 23 ----> 11
[0]: 23 ----> 13
[0]: 24 ----> 11
[0]: 24 ----> 14
[0]: 25 ----> 12
[0]: 25 ----> 14
[0]: 26 ----> 12
[0]: 26 ----> 13
Cones:
[0] Max cone size: 6
[0]: 0 <---- 9 (-2)
[0]: 0 <---- 10 (0)
[0]: 0 <---- 11 (0)
[0]: 0 <---- 12 (0)
[0]: 0 <---- 13 (0)
[0]: 0 <---- 14 (0)
[0]: 9 <---- 18 (0)
[0]: 9 <---- 17 (0)
[0]: 9 <---- 16 (-1)
[0]: 9 <---- 15 (-1)
[0]: 10 <---- 19 (0)
[0]: 10 <---- 20 (0)
[0]: 10 <---- 21 (-1)
[0]: 10 <---- 22 (-1)
[0]: 11 <---- 18 (0)
[0]: 11 <---- 23 (0)
[0]: 11 <---- 19 (-1)
[0]: 11 <---- 24 (0)
[0]: 12 <---- 16 (-1)
[0]: 12 <---- 25 (0)
[0]: 12 <---- 21 (0)
[0]: 12 <---- 26 (0)
[0]: 13 <---- 17 (0)
[0]: 13 <---- 26 (-1)
[0]: 13 <---- 20 (-1)
[0]: 13 <---- 23 (-1)
[0]: 14 <---- 24 (-1)
[0]: 14 <---- 22 (0)
[0]: 14 <---- 25 (-1)
[0]: 14 <---- 15 (-1)
[0]: 15 <---- 1 (0)
[0]: 15 <---- 3 (0)
[0]: 16 <---- 3 (0)
[0]: 16 <---- 7 (0)
[0]: 17 <---- 5 (0)
[0]: 17 <---- 7 (0)
[0]: 18 <---- 1 (0)
[0]: 18 <---- 5 (0)
[0]: 19 <---- 2 (0)
[0]: 19 <---- 6 (0)
[0]: 20 <---- 6 (0)
[0]: 20 <---- 8 (0)
[0]: 21 <---- 4 (0)
[0]: 21 <---- 8 (0)
[0]: 22 <---- 2 (0)
[0]: 22 <---- 4 (0)
[0]: 23 <---- 5 (0)
[0]: 23 <---- 6 (0)
[0]: 24 <---- 2 (0)
[0]: 24 <---- 1 (0)
[0]: 25 <---- 3 (0)
[0]: 25 <---- 4 (0)
[0]: 26 <---- 8 (0)
[0]: 26 <---- 7 (0)
Vec_0xecf4d0_54 with 1 fields
  field 0 with 3 components
Process 0:
  (   0) dim 24 offset   0 0.276393 0.276393 0.00690983 0.723607 0.276393 0.00690983 0.276393 0.723607 0.00690983 0.723607 0.723607 0.00690983 0.276393 0.276393 0.0180902 0.723607 0.276393 0.0180902 0.276393 0.723607 0.0180902 0.723607 0.723607 0.0180902
  (   1) dim  3 offset  24 0. 0. 0.
  (   2) dim  3 offset  27 0. 0. 0.025
  (   3) dim  3 offset  30 0. 1. 0.
  (   4) dim  3 offset  33 0. 1. 0.025
  (   5) dim  3 offset  36 1. 0. 0.
  (   6) dim  3 offset  39 1. 0. 0.025
  (   7) dim  3 offset  42 1. 1. 0.
  (   8) dim  3 offset  45 1. 1. 0.025
  (   9) dim 12 offset  48 0.276393 0.276393 -6.93889e-19 0.276393 0.723607 0. 0.723607 0.276393 0. 0.723607 0.723607 -6.93889e-19
  (  10) dim 12 offset  60 0.276393 0.276393 0.025 0.723607 0.276393 0.025 0.276393 0.723607 0.025 0.723607 0.723607 0.025
  (  11) dim 12 offset  72 0.276393 -2.77556e-17 0.00690983 0.723607 0. 0.00690983 0.276393 -2.77556e-17 0.0180902 0.723607 0. 0.0180902
  (  12) dim 12 offset  84 0.723607 1. 0.00690983 0.276393 1. 0.00690983 0.723607 1. 0.0180902 0.276393 1. 0.0180902
  (  13) dim 12 offset  96 1. 0.276393 0.00690983 1. 0.723607 0.00690983 1. 0.276393 0.0180902 1. 0.723607 0.0180902
  (  14) dim 12 offset 108 0. 0.276393 0.00690983 0. 0.276393 0.0180902 0. 0.723607 0.00690983 0. 0.723607 0.0180902
  (  15) dim  6 offset 120 0. 0.276393 0. 0. 0.723607 0.
  (  16) dim  6 offset 126 0.276393 1. 6.93889e-19 0.723607 1. 0.
  (  17) dim  6 offset 132 1. 0.723607 0. 1. 0.276393 0.
  (  18) dim  6 offset 138 0.723607 0. 6.93889e-19 0.276393 0. 0.
  (  19) dim  6 offset 144 0.276393 0. 0.025 0.723607 0. 0.025
  (  20) dim  6 offset 150 1. 0.276393 0.025 1. 0.723607 0.025
  (  21) dim  6 offset 156 0.723607 1. 0.025 0.276393 1. 0.025
  (  22) dim  6 offset 162 0. 0.723607 0.025 0. 0.276393 0.025
  (  23) dim  6 offset 168 1. 0. 0.00690983 1. 0. 0.0180902
  (  24) dim  6 offset 174 0. 0. 0.0180902 0. 0. 0.00690983
  (  25) dim  6 offset 180 0. 1. 0.00690983 0. 1. 0.0180902
  (  26) dim  6 offset 186 1. 1. 0.0180902 1. 1. 0.00690983
Labels:
Label 'celltype':
[0]: 1 (0)
[0]: 2 (0)
[0]: 3 (0)
[0]: 4 (0)
[0]: 5 (0)
[0]: 6 (0)
[0]: 7 (0)
[0]: 8 (0)
[0]: 0 (7)
[0]: 9 (4)
[0]: 10 (4)
[0]: 11 (4)
[0]: 12 (4)
[0]: 13 (4)
[0]: 14 (4)
[0]: 15 (1)
[0]: 16 (1)
[0]: 17 (1)
[0]: 18 (1)
[0]: 19 (1)
[0]: 20 (1)
[0]: 21 (1)
[0]: 22 (1)
[0]: 23 (1)
[0]: 24 (1)
[0]: 25 (1)
[0]: 26 (1)
Label 'zone':
Label 'Face Sets':
[0]: 9 (1)
[0]: 10 (2)
[0]: 11 (3)
[0]: 12 (4)
[0]: 13 (5)
[0]: 14 (6)
PetscSF Object: Isoperiodic Faces by matching centroids 1 MPI process
  type: basic
  [0] Number of roots=27, leaves=1, remote ranks=1
  [0] 9 <- (0,10)
  [0] Roots referenced by my leaves, by rank
  [0] 0: 1 edges
  [0]    9 <- 10
  MultiSF sort=rank-order
After DMSetFromOptions in CreateDM in setupdm.c : 
DM Object: DM_0xe3e920_0 1 MPI process
  type: plex
DM_0xe3e920_0 in 3 dimensions:
Supports:
[0] Max support size: 3
[0]: 1 ----> 15
[0]: 1 ----> 18
[0]: 1 ----> 24
[0]: 2 ----> 19
[0]: 2 ----> 22
[0]: 2 ----> 24
[0]: 3 ----> 15
[0]: 3 ----> 16
[0]: 3 ----> 25
[0]: 4 ----> 21
[0]: 4 ----> 22
[0]: 4 ----> 25
[0]: 5 ----> 17
[0]: 5 ----> 18
[0]: 5 ----> 23
[0]: 6 ----> 19
[0]: 6 ----> 20
[0]: 6 ----> 23
[0]: 7 ----> 16
[0]: 7 ----> 17
[0]: 7 ----> 26
[0]: 8 ----> 20
[0]: 8 ----> 21
[0]: 8 ----> 26
[0]: 9 ----> 0
[0]: 10 ----> 0
[0]: 11 ----> 0
[0]: 12 ----> 0
[0]: 13 ----> 0
[0]: 14 ----> 0
[0]: 15 ----> 9
[0]: 15 ----> 14
[0]: 16 ----> 9
[0]: 16 ----> 12
[0]: 17 ----> 9
[0]: 17 ----> 13
[0]: 18 ----> 9
[0]: 18 ----> 11
[0]: 19 ----> 10
[0]: 19 ----> 11
[0]: 20 ----> 10
[0]: 20 ----> 13
[0]: 21 ----> 10
[0]: 21 ----> 12
[0]: 22 ----> 10
[0]: 22 ----> 14
[0]: 23 ----> 11
[0]: 23 ----> 13
[0]: 24 ----> 11
[0]: 24 ----> 14
[0]: 25 ----> 12
[0]: 25 ----> 14
[0]: 26 ----> 12
[0]: 26 ----> 13
Cones:
[0] Max cone size: 6
[0]: 0 <---- 9 (-2)
[0]: 0 <---- 10 (0)
[0]: 0 <---- 11 (0)
[0]: 0 <---- 12 (0)
[0]: 0 <---- 13 (0)
[0]: 0 <---- 14 (0)
[0]: 9 <---- 18 (0)
[0]: 9 <---- 17 (0)
[0]: 9 <---- 16 (-1)
[0]: 9 <---- 15 (-1)
[0]: 10 <---- 19 (0)
[0]: 10 <---- 20 (0)
[0]: 10 <---- 21 (-1)
[0]: 10 <---- 22 (-1)
[0]: 11 <---- 18 (0)
[0]: 11 <---- 23 (0)
[0]: 11 <---- 19 (-1)
[0]: 11 <---- 24 (0)
[0]: 12 <---- 16 (-1)
[0]: 12 <---- 25 (0)
[0]: 12 <---- 21 (0)
[0]: 12 <---- 26 (0)
[0]: 13 <---- 17 (0)
[0]: 13 <---- 26 (-1)
[0]: 13 <---- 20 (-1)
[0]: 13 <---- 23 (-1)
[0]: 14 <---- 24 (-1)
[0]: 14 <---- 22 (0)
[0]: 14 <---- 25 (-1)
[0]: 14 <---- 15 (-1)
[0]: 15 <---- 1 (0)
[0]: 15 <---- 3 (0)
[0]: 16 <---- 3 (0)
[0]: 16 <---- 7 (0)
[0]: 17 <---- 5 (0)
[0]: 17 <---- 7 (0)
[0]: 18 <---- 1 (0)
[0]: 18 <---- 5 (0)
[0]: 19 <---- 2 (0)
[0]: 19 <---- 6 (0)
[0]: 20 <---- 6 (0)
[0]: 20 <---- 8 (0)
[0]: 21 <---- 4 (0)
[0]: 21 <---- 8 (0)
[0]: 22 <---- 2 (0)
[0]: 22 <---- 4 (0)
[0]: 23 <---- 5 (0)
[0]: 23 <---- 6 (0)
[0]: 24 <---- 2 (0)
[0]: 24 <---- 1 (0)
[0]: 25 <---- 3 (0)
[0]: 25 <---- 4 (0)
[0]: 26 <---- 8 (0)
[0]: 26 <---- 7 (0)
Vec_0xecf4d0_54 with 1 fields
  field 0 with 3 components
Process 0:
  (   0) dim 24 offset   0 0.276393 0.276393 0.00690983 0.723607 0.276393 0.00690983 0.276393 0.723607 0.00690983 0.723607 0.723607 0.00690983 0.276393 0.276393 0.0180902 0.723607 0.276393 0.0180902 0.276393 0.723607 0.0180902 0.723607 0.723607 0.0180902
  (   1) dim  3 offset  24 0. 0. 0.
  (   2) dim  3 offset  27 0. 0. 0.025
  (   3) dim  3 offset  30 0. 1. 0.
  (   4) dim  3 offset  33 0. 1. 0.025
  (   5) dim  3 offset  36 1. 0. 0.
  (   6) dim  3 offset  39 1. 0. 0.025
  (   7) dim  3 offset  42 1. 1. 0.
  (   8) dim  3 offset  45 1. 1. 0.025
  (   9) dim 12 offset  48 0.276393 0.276393 -6.93889e-19 0.276393 0.723607 0. 0.723607 0.276393 0. 0.723607 0.723607 -6.93889e-19
  (  10) dim 12 offset  60 0.276393 0.276393 0.025 0.723607 0.276393 0.025 0.276393 0.723607 0.025 0.723607 0.723607 0.025
  (  11) dim 12 offset  72 0.276393 -2.77556e-17 0.00690983 0.723607 0. 0.00690983 0.276393 -2.77556e-17 0.0180902 0.723607 0. 0.0180902
  (  12) dim 12 offset  84 0.723607 1. 0.00690983 0.276393 1. 0.00690983 0.723607 1. 0.0180902 0.276393 1. 0.0180902
  (  13) dim 12 offset  96 1. 0.276393 0.00690983 1. 0.723607 0.00690983 1. 0.276393 0.0180902 1. 0.723607 0.0180902
  (  14) dim 12 offset 108 0. 0.276393 0.00690983 0. 0.276393 0.0180902 0. 0.723607 0.00690983 0. 0.723607 0.0180902
  (  15) dim  6 offset 120 0. 0.276393 0. 0. 0.723607 0.
  (  16) dim  6 offset 126 0.276393 1. 6.93889e-19 0.723607 1. 0.
  (  17) dim  6 offset 132 1. 0.723607 0. 1. 0.276393 0.
  (  18) dim  6 offset 138 0.723607 0. 6.93889e-19 0.276393 0. 0.
  (  19) dim  6 offset 144 0.276393 0. 0.025 0.723607 0. 0.025
  (  20) dim  6 offset 150 1. 0.276393 0.025 1. 0.723607 0.025
  (  21) dim  6 offset 156 0.723607 1. 0.025 0.276393 1. 0.025
  (  22) dim  6 offset 162 0. 0.723607 0.025 0. 0.276393 0.025
  (  23) dim  6 offset 168 1. 0. 0.00690983 1. 0. 0.0180902
  (  24) dim  6 offset 174 0. 0. 0.0180902 0. 0. 0.00690983
  (  25) dim  6 offset 180 0. 1. 0.00690983 0. 1. 0.0180902
  (  26) dim  6 offset 186 1. 1. 0.0180902 1. 1. 0.00690983
Labels:
Label 'celltype':
[0]: 1 (0)
[0]: 2 (0)
[0]: 3 (0)
[0]: 4 (0)
[0]: 5 (0)
[0]: 6 (0)
[0]: 7 (0)
[0]: 8 (0)
[0]: 0 (7)
[0]: 9 (4)
[0]: 10 (4)
[0]: 11 (4)
[0]: 12 (4)
[0]: 13 (4)
[0]: 14 (4)
[0]: 15 (1)
[0]: 16 (1)
[0]: 17 (1)
[0]: 18 (1)
[0]: 19 (1)
[0]: 20 (1)
[0]: 21 (1)
[0]: 22 (1)
[0]: 23 (1)
[0]: 24 (1)
[0]: 25 (1)
[0]: 26 (1)
Label 'zone':
Label 'Face Sets':
[0]: 1 (1)
[0]: 3 (1)
[0]: 5 (1)
[0]: 7 (1)
[0]: 9 (1)
[0]: 15 (1)
[0]: 16 (1)
[0]: 17 (1)
[0]: 18 (1)
[0]: 2 (2)
[0]: 4 (2)
[0]: 6 (2)
[0]: 8 (2)
[0]: 10 (2)
[0]: 19 (2)
[0]: 20 (2)
[0]: 21 (2)
[0]: 22 (2)
[0]: 1 (3)
[0]: 2 (3)
[0]: 5 (3)
[0]: 6 (3)
[0]: 11 (3)
[0]: 18 (3)
[0]: 19 (3)
[0]: 23 (3)
[0]: 24 (3)
[0]: 3 (4)
[0]: 4 (4)
[0]: 7 (4)
[0]: 8 (4)
[0]: 12 (4)
[0]: 16 (4)
[0]: 21 (4)
[0]: 25 (4)
[0]: 26 (4)
[0]: 5 (5)
[0]: 6 (5)
[0]: 7 (5)
[0]: 8 (5)
[0]: 13 (5)
[0]: 17 (5)
[0]: 20 (5)
[0]: 23 (5)
[0]: 26 (5)
[0]: 1 (6)
[0]: 2 (6)
[0]: 3 (6)
[0]: 4 (6)
[0]: 14 (6)
[0]: 15 (6)
[0]: 22 (6)
[0]: 24 (6)
[0]: 25 (6)
PetscSF Object: Isoperiodic Faces by matching centroids 1 MPI process
  type: basic
  [0] Number of roots=27, leaves=1, remote ranks=1
  [0] 9 <- (0,10)
  [0] Roots referenced by my leaves, by rank
  [0] 0: 1 edges
  [0]    9 <- 10
  MultiSF sort=rank-order
After CreateDMnavierstokes.c : 
Before setupDM navierstokes.c : 
Just inside of SetUpDM in setupdm.c : 
DM Object: DM_0xe3e920_0 1 MPI process
  type: plex
DM_0xe3e920_0 in 3 dimensions:
Supports:
[0] Max support size: 3
[0]: 1 ----> 15
[0]: 1 ----> 18
[0]: 1 ----> 24
[0]: 2 ----> 19
[0]: 2 ----> 22
[0]: 2 ----> 24
[0]: 3 ----> 15
[0]: 3 ----> 16
[0]: 3 ----> 25
[0]: 4 ----> 21
[0]: 4 ----> 22
[0]: 4 ----> 25
[0]: 5 ----> 17
[0]: 5 ----> 18
[0]: 5 ----> 23
[0]: 6 ----> 19
[0]: 6 ----> 20
[0]: 6 ----> 23
[0]: 7 ----> 16
[0]: 7 ----> 17
[0]: 7 ----> 26
[0]: 8 ----> 20
[0]: 8 ----> 21
[0]: 8 ----> 26
[0]: 9 ----> 0
[0]: 10 ----> 0
[0]: 11 ----> 0
[0]: 12 ----> 0
[0]: 13 ----> 0
[0]: 14 ----> 0
[0]: 15 ----> 9
[0]: 15 ----> 14
[0]: 16 ----> 9
[0]: 16 ----> 12
[0]: 17 ----> 9
[0]: 17 ----> 13
[0]: 18 ----> 9
[0]: 18 ----> 11
[0]: 19 ----> 10
[0]: 19 ----> 11
[0]: 20 ----> 10
[0]: 20 ----> 13
[0]: 21 ----> 10
[0]: 21 ----> 12
[0]: 22 ----> 10
[0]: 22 ----> 14
[0]: 23 ----> 11
[0]: 23 ----> 13
[0]: 24 ----> 11
[0]: 24 ----> 14
[0]: 25 ----> 12
[0]: 25 ----> 14
[0]: 26 ----> 12
[0]: 26 ----> 13
Cones:
[0] Max cone size: 6
[0]: 0 <---- 9 (-2)
[0]: 0 <---- 10 (0)
[0]: 0 <---- 11 (0)
[0]: 0 <---- 12 (0)
[0]: 0 <---- 13 (0)
[0]: 0 <---- 14 (0)
[0]: 9 <---- 18 (0)
[0]: 9 <---- 17 (0)
[0]: 9 <---- 16 (-1)
[0]: 9 <---- 15 (-1)
[0]: 10 <---- 19 (0)
[0]: 10 <---- 20 (0)
[0]: 10 <---- 21 (-1)
[0]: 10 <---- 22 (-1)
[0]: 11 <---- 18 (0)
[0]: 11 <---- 23 (0)
[0]: 11 <---- 19 (-1)
[0]: 11 <---- 24 (0)
[0]: 12 <---- 16 (-1)
[0]: 12 <---- 25 (0)
[0]: 12 <---- 21 (0)
[0]: 12 <---- 26 (0)
[0]: 13 <---- 17 (0)
[0]: 13 <---- 26 (-1)
[0]: 13 <---- 20 (-1)
[0]: 13 <---- 23 (-1)
[0]: 14 <---- 24 (-1)
[0]: 14 <---- 22 (0)
[0]: 14 <---- 25 (-1)
[0]: 14 <---- 15 (-1)
[0]: 15 <---- 1 (0)
[0]: 15 <---- 3 (0)
[0]: 16 <---- 3 (0)
[0]: 16 <---- 7 (0)
[0]: 17 <---- 5 (0)
[0]: 17 <---- 7 (0)
[0]: 18 <---- 1 (0)
[0]: 18 <---- 5 (0)
[0]: 19 <---- 2 (0)
[0]: 19 <---- 6 (0)
[0]: 20 <---- 6 (0)
[0]: 20 <---- 8 (0)
[0]: 21 <---- 4 (0)
[0]: 21 <---- 8 (0)
[0]: 22 <---- 2 (0)
[0]: 22 <---- 4 (0)
[0]: 23 <---- 5 (0)
[0]: 23 <---- 6 (0)
[0]: 24 <---- 2 (0)
[0]: 24 <---- 1 (0)
[0]: 25 <---- 3 (0)
[0]: 25 <---- 4 (0)
[0]: 26 <---- 8 (0)
[0]: 26 <---- 7 (0)
Vec_0xecf4d0_54 with 1 fields
  field 0 with 3 components
Process 0:
  (   0) dim 24 offset   0 0.276393 0.276393 0.00690983 0.723607 0.276393 0.00690983 0.276393 0.723607 0.00690983 0.723607 0.723607 0.00690983 0.276393 0.276393 0.0180902 0.723607 0.276393 0.0180902 0.276393 0.723607 0.0180902 0.723607 0.723607 0.0180902
  (   1) dim  3 offset  24 0. 0. 0.
  (   2) dim  3 offset  27 0. 0. 0.025
  (   3) dim  3 offset  30 0. 1. 0.
  (   4) dim  3 offset  33 0. 1. 0.025
  (   5) dim  3 offset  36 1. 0. 0.
  (   6) dim  3 offset  39 1. 0. 0.025
  (   7) dim  3 offset  42 1. 1. 0.
  (   8) dim  3 offset  45 1. 1. 0.025
  (   9) dim 12 offset  48 0.276393 0.276393 -6.93889e-19 0.276393 0.723607 0. 0.723607 0.276393 0. 0.723607 0.723607 -6.93889e-19
  (  10) dim 12 offset  60 0.276393 0.276393 0.025 0.723607 0.276393 0.025 0.276393 0.723607 0.025 0.723607 0.723607 0.025
  (  11) dim 12 offset  72 0.276393 -2.77556e-17 0.00690983 0.723607 0. 0.00690983 0.276393 -2.77556e-17 0.0180902 0.723607 0. 0.0180902
  (  12) dim 12 offset  84 0.723607 1. 0.00690983 0.276393 1. 0.00690983 0.723607 1. 0.0180902 0.276393 1. 0.0180902
  (  13) dim 12 offset  96 1. 0.276393 0.00690983 1. 0.723607 0.00690983 1. 0.276393 0.0180902 1. 0.723607 0.0180902
  (  14) dim 12 offset 108 0. 0.276393 0.00690983 0. 0.276393 0.0180902 0. 0.723607 0.00690983 0. 0.723607 0.0180902
  (  15) dim  6 offset 120 0. 0.276393 0. 0. 0.723607 0.
  (  16) dim  6 offset 126 0.276393 1. 6.93889e-19 0.723607 1. 0.
  (  17) dim  6 offset 132 1. 0.723607 0. 1. 0.276393 0.
  (  18) dim  6 offset 138 0.723607 0. 6.93889e-19 0.276393 0. 0.
  (  19) dim  6 offset 144 0.276393 0. 0.025 0.723607 0. 0.025
  (  20) dim  6 offset 150 1. 0.276393 0.025 1. 0.723607 0.025
  (  21) dim  6 offset 156 0.723607 1. 0.025 0.276393 1. 0.025
  (  22) dim  6 offset 162 0. 0.723607 0.025 0. 0.276393 0.025
  (  23) dim  6 offset 168 1. 0. 0.00690983 1. 0. 0.0180902
  (  24) dim  6 offset 174 0. 0. 0.0180902 0. 0. 0.00690983
  (  25) dim  6 offset 180 0. 1. 0.00690983 0. 1. 0.0180902
  (  26) dim  6 offset 186 1. 1. 0.0180902 1. 1. 0.00690983
Labels:
Label 'celltype':
[0]: 1 (0)
[0]: 2 (0)
[0]: 3 (0)
[0]: 4 (0)
[0]: 5 (0)
[0]: 6 (0)
[0]: 7 (0)
[0]: 8 (0)
[0]: 0 (7)
[0]: 9 (4)
[0]: 10 (4)
[0]: 11 (4)
[0]: 12 (4)
[0]: 13 (4)
[0]: 14 (4)
[0]: 15 (1)
[0]: 16 (1)
[0]: 17 (1)
[0]: 18 (1)
[0]: 19 (1)
[0]: 20 (1)
[0]: 21 (1)
[0]: 22 (1)
[0]: 23 (1)
[0]: 24 (1)
[0]: 25 (1)
[0]: 26 (1)
Label 'zone':
Label 'Face Sets':
[0]: 1 (1)
[0]: 3 (1)
[0]: 5 (1)
[0]: 7 (1)
[0]: 9 (1)
[0]: 15 (1)
[0]: 16 (1)
[0]: 17 (1)
[0]: 18 (1)
[0]: 2 (2)
[0]: 4 (2)
[0]: 6 (2)
[0]: 8 (2)
[0]: 10 (2)
[0]: 19 (2)
[0]: 20 (2)
[0]: 21 (2)
[0]: 22 (2)
[0]: 1 (3)
[0]: 2 (3)
[0]: 5 (3)
[0]: 6 (3)
[0]: 11 (3)
[0]: 18 (3)
[0]: 19 (3)
[0]: 23 (3)
[0]: 24 (3)
[0]: 3 (4)
[0]: 4 (4)
[0]: 7 (4)
[0]: 8 (4)
[0]: 12 (4)
[0]: 16 (4)
[0]: 21 (4)
[0]: 25 (4)
[0]: 26 (4)
[0]: 5 (5)
[0]: 6 (5)
[0]: 7 (5)
[0]: 8 (5)
[0]: 13 (5)
[0]: 17 (5)
[0]: 20 (5)
[0]: 23 (5)
[0]: 26 (5)
[0]: 1 (6)
[0]: 2 (6)
[0]: 3 (6)
[0]: 4 (6)
[0]: 14 (6)
[0]: 15 (6)
[0]: 22 (6)
[0]: 24 (6)
[0]: 25 (6)
PetscSF Object: Isoperiodic Faces by matching centroids 1 MPI process
  type: basic
  [0] Number of roots=27, leaves=1, remote ranks=1
  [0] 9 <- (0,10)
  [0] Roots referenced by my leaves, by rank
  [0] 0: 1 edges
  [0]    9 <- 10
  MultiSF sort=rank-order
inside has_NL_vector condtional src/setupdm.c : 
Before DMSetupByOrderBegin in src/setupdm.c : 
DM Object: 1 MPI process
  type: plex
DM_0xe3e920_1 in 3 dimensions:
Supports:
[0] Max support size: 3
[0]: 1 ----> 15
[0]: 1 ----> 18
[0]: 1 ----> 24
[0]: 2 ----> 19
[0]: 2 ----> 22
[0]: 2 ----> 24
[0]: 3 ----> 15
[0]: 3 ----> 16
[0]: 3 ----> 25
[0]: 4 ----> 21
[0]: 4 ----> 22
[0]: 4 ----> 25
[0]: 5 ----> 17
[0]: 5 ----> 18
[0]: 5 ----> 23
[0]: 6 ----> 19
[0]: 6 ----> 20
[0]: 6 ----> 23
[0]: 7 ----> 16
[0]: 7 ----> 17
[0]: 7 ----> 26
[0]: 8 ----> 20
[0]: 8 ----> 21
[0]: 8 ----> 26
[0]: 9 ----> 0
[0]: 10 ----> 0
[0]: 11 ----> 0
[0]: 12 ----> 0
[0]: 13 ----> 0
[0]: 14 ----> 0
[0]: 15 ----> 9
[0]: 15 ----> 14
[0]: 16 ----> 9
[0]: 16 ----> 12
[0]: 17 ----> 9
[0]: 17 ----> 13
[0]: 18 ----> 9
[0]: 18 ----> 11
[0]: 19 ----> 10
[0]: 19 ----> 11
[0]: 20 ----> 10
[0]: 20 ----> 13
[0]: 21 ----> 10
[0]: 21 ----> 12
[0]: 22 ----> 10
[0]: 22 ----> 14
[0]: 23 ----> 11
[0]: 23 ----> 13
[0]: 24 ----> 11
[0]: 24 ----> 14
[0]: 25 ----> 12
[0]: 25 ----> 14
[0]: 26 ----> 12
[0]: 26 ----> 13
Cones:
[0] Max cone size: 6
[0]: 0 <---- 9 (-2)
[0]: 0 <---- 10 (0)
[0]: 0 <---- 11 (0)
[0]: 0 <---- 12 (0)
[0]: 0 <---- 13 (0)
[0]: 0 <---- 14 (0)
[0]: 9 <---- 18 (0)
[0]: 9 <---- 17 (0)
[0]: 9 <---- 16 (-1)
[0]: 9 <---- 15 (-1)
[0]: 10 <---- 19 (0)
[0]: 10 <---- 20 (0)
[0]: 10 <---- 21 (-1)
[0]: 10 <---- 22 (-1)
[0]: 11 <---- 18 (0)
[0]: 11 <---- 23 (0)
[0]: 11 <---- 19 (-1)
[0]: 11 <---- 24 (0)
[0]: 12 <---- 16 (-1)
[0]: 12 <---- 25 (0)
[0]: 12 <---- 21 (0)
[0]: 12 <---- 26 (0)
[0]: 13 <---- 17 (0)
[0]: 13 <---- 26 (-1)
[0]: 13 <---- 20 (-1)
[0]: 13 <---- 23 (-1)
[0]: 14 <---- 24 (-1)
[0]: 14 <---- 22 (0)
[0]: 14 <---- 25 (-1)
[0]: 14 <---- 15 (-1)
[0]: 15 <---- 1 (0)
[0]: 15 <---- 3 (0)
[0]: 16 <---- 3 (0)
[0]: 16 <---- 7 (0)
[0]: 17 <---- 5 (0)
[0]: 17 <---- 7 (0)
[0]: 18 <---- 1 (0)
[0]: 18 <---- 5 (0)
[0]: 19 <---- 2 (0)
[0]: 19 <---- 6 (0)
[0]: 20 <---- 6 (0)
[0]: 20 <---- 8 (0)
[0]: 21 <---- 4 (0)
[0]: 21 <---- 8 (0)
[0]: 22 <---- 2 (0)
[0]: 22 <---- 4 (0)
[0]: 23 <---- 5 (0)
[0]: 23 <---- 6 (0)
[0]: 24 <---- 2 (0)
[0]: 24 <---- 1 (0)
[0]: 25 <---- 3 (0)
[0]: 25 <---- 4 (0)
[0]: 26 <---- 8 (0)
[0]: 26 <---- 7 (0)
Vec_0xecf4d0_54 with 1 fields
  field 0 with 3 components
Process 0:
  (   0) dim 24 offset   0 0.276393 0.276393 0.00690983 0.723607 0.276393 0.00690983 0.276393 0.723607 0.00690983 0.723607 0.723607 0.00690983 0.276393 0.276393 0.0180902 0.723607 0.276393 0.0180902 0.276393 0.723607 0.0180902 0.723607 0.723607 0.0180902
  (   1) dim  3 offset  24 0. 0. 0.
  (   2) dim  3 offset  27 0. 0. 0.025
  (   3) dim  3 offset  30 0. 1. 0.
  (   4) dim  3 offset  33 0. 1. 0.025
  (   5) dim  3 offset  36 1. 0. 0.
  (   6) dim  3 offset  39 1. 0. 0.025
  (   7) dim  3 offset  42 1. 1. 0.
  (   8) dim  3 offset  45 1. 1. 0.025
  (   9) dim 12 offset  48 0.276393 0.276393 -6.93889e-19 0.276393 0.723607 0. 0.723607 0.276393 0. 0.723607 0.723607 -6.93889e-19
  (  10) dim 12 offset  60 0.276393 0.276393 0.025 0.723607 0.276393 0.025 0.276393 0.723607 0.025 0.723607 0.723607 0.025
  (  11) dim 12 offset  72 0.276393 -2.77556e-17 0.00690983 0.723607 0. 0.00690983 0.276393 -2.77556e-17 0.0180902 0.723607 0. 0.0180902
  (  12) dim 12 offset  84 0.723607 1. 0.00690983 0.276393 1. 0.00690983 0.723607 1. 0.0180902 0.276393 1. 0.0180902
  (  13) dim 12 offset  96 1. 0.276393 0.00690983 1. 0.723607 0.00690983 1. 0.276393 0.0180902 1. 0.723607 0.0180902
  (  14) dim 12 offset 108 0. 0.276393 0.00690983 0. 0.276393 0.0180902 0. 0.723607 0.00690983 0. 0.723607 0.0180902
  (  15) dim  6 offset 120 0. 0.276393 0. 0. 0.723607 0.
  (  16) dim  6 offset 126 0.276393 1. 6.93889e-19 0.723607 1. 0.
  (  17) dim  6 offset 132 1. 0.723607 0. 1. 0.276393 0.
  (  18) dim  6 offset 138 0.723607 0. 6.93889e-19 0.276393 0. 0.
  (  19) dim  6 offset 144 0.276393 0. 0.025 0.723607 0. 0.025
  (  20) dim  6 offset 150 1. 0.276393 0.025 1. 0.723607 0.025
  (  21) dim  6 offset 156 0.723607 1. 0.025 0.276393 1. 0.025
  (  22) dim  6 offset 162 0. 0.723607 0.025 0. 0.276393 0.025
  (  23) dim  6 offset 168 1. 0. 0.00690983 1. 0. 0.0180902
  (  24) dim  6 offset 174 0. 0. 0.0180902 0. 0. 0.00690983
  (  25) dim  6 offset 180 0. 1. 0.00690983 0. 1. 0.0180902
  (  26) dim  6 offset 186 1. 1. 0.0180902 1. 1. 0.00690983
Labels:
Label 'celltype':
[0]: 1 (0)
[0]: 2 (0)
[0]: 3 (0)
[0]: 4 (0)
[0]: 5 (0)
[0]: 6 (0)
[0]: 7 (0)
[0]: 8 (0)
[0]: 0 (7)
[0]: 9 (4)
[0]: 10 (4)
[0]: 11 (4)
[0]: 12 (4)
[0]: 13 (4)
[0]: 14 (4)
[0]: 15 (1)
[0]: 16 (1)
[0]: 17 (1)
[0]: 18 (1)
[0]: 19 (1)
[0]: 20 (1)
[0]: 21 (1)
[0]: 22 (1)
[0]: 23 (1)
[0]: 24 (1)
[0]: 25 (1)
[0]: 26 (1)
Label 'zone':
Label 'Face Sets':
[0]: 1 (1)
[0]: 3 (1)
[0]: 5 (1)
[0]: 7 (1)
[0]: 9 (1)
[0]: 15 (1)
[0]: 16 (1)
[0]: 17 (1)
[0]: 18 (1)
[0]: 2 (2)
[0]: 4 (2)
[0]: 6 (2)
[0]: 8 (2)
[0]: 10 (2)
[0]: 19 (2)
[0]: 20 (2)
[0]: 21 (2)
[0]: 22 (2)
[0]: 1 (3)
[0]: 2 (3)
[0]: 5 (3)
[0]: 6 (3)
[0]: 11 (3)
[0]: 18 (3)
[0]: 19 (3)
[0]: 23 (3)
[0]: 24 (3)
[0]: 3 (4)
[0]: 4 (4)
[0]: 7 (4)
[0]: 8 (4)
[0]: 12 (4)
[0]: 16 (4)
[0]: 21 (4)
[0]: 25 (4)
[0]: 26 (4)
[0]: 5 (5)
[0]: 6 (5)
[0]: 7 (5)
[0]: 8 (5)
[0]: 13 (5)
[0]: 17 (5)
[0]: 20 (5)
[0]: 23 (5)
[0]: 26 (5)
[0]: 1 (6)
[0]: 2 (6)
[0]: 3 (6)
[0]: 4 (6)
[0]: 14 (6)
[0]: 15 (6)
[0]: 22 (6)
[0]: 24 (6)
[0]: 25 (6)
PetscSF Object: Isoperiodic Faces by matching centroids 1 MPI process
  type: basic
  [0] Number of roots=27, leaves=1, remote ranks=1
  [0] 9 <- (0,10)
  [0] Roots referenced by my leaves, by rank
  [0] 0: 1 edges
  [0]    9 <- 10
  MultiSF sort=rank-order
Before bcwork in src/setupdm.c : 
DM Object: DM_0xe3e920_1 1 MPI process
  type: plex
DM_0xe3e920_1 in 3 dimensions:
Supports:
[0] Max support size: 3
[0]: 1 ----> 15
[0]: 1 ----> 18
[0]: 1 ----> 24
[0]: 2 ----> 19
[0]: 2 ----> 22
[0]: 2 ----> 24
[0]: 3 ----> 15
[0]: 3 ----> 16
[0]: 3 ----> 25
[0]: 4 ----> 21
[0]: 4 ----> 22
[0]: 4 ----> 25
[0]: 5 ----> 17
[0]: 5 ----> 18
[0]: 5 ----> 23
[0]: 6 ----> 19
[0]: 6 ----> 20
[0]: 6 ----> 23
[0]: 7 ----> 16
[0]: 7 ----> 17
[0]: 7 ----> 26
[0]: 8 ----> 20
[0]: 8 ----> 21
[0]: 8 ----> 26
[0]: 9 ----> 0
[0]: 10 ----> 0
[0]: 11 ----> 0
[0]: 12 ----> 0
[0]: 13 ----> 0
[0]: 14 ----> 0
[0]: 15 ----> 9
[0]: 15 ----> 14
[0]: 16 ----> 9
[0]: 16 ----> 12
[0]: 17 ----> 9
[0]: 17 ----> 13
[0]: 18 ----> 9
[0]: 18 ----> 11
[0]: 19 ----> 10
[0]: 19 ----> 11
[0]: 20 ----> 10
[0]: 20 ----> 13
[0]: 21 ----> 10
[0]: 21 ----> 12
[0]: 22 ----> 10
[0]: 22 ----> 14
[0]: 23 ----> 11
[0]: 23 ----> 13
[0]: 24 ----> 11
[0]: 24 ----> 14
[0]: 25 ----> 12
[0]: 25 ----> 14
[0]: 26 ----> 12
[0]: 26 ----> 13
Cones:
[0] Max cone size: 6
[0]: 0 <---- 9 (-2)
[0]: 0 <---- 10 (0)
[0]: 0 <---- 11 (0)
[0]: 0 <---- 12 (0)
[0]: 0 <---- 13 (0)
[0]: 0 <---- 14 (0)
[0]: 9 <---- 18 (0)
[0]: 9 <---- 17 (0)
[0]: 9 <---- 16 (-1)
[0]: 9 <---- 15 (-1)
[0]: 10 <---- 19 (0)
[0]: 10 <---- 20 (0)
[0]: 10 <---- 21 (-1)
[0]: 10 <---- 22 (-1)
[0]: 11 <---- 18 (0)
[0]: 11 <---- 23 (0)
[0]: 11 <---- 19 (-1)
[0]: 11 <---- 24 (0)
[0]: 12 <---- 16 (-1)
[0]: 12 <---- 25 (0)
[0]: 12 <---- 21 (0)
[0]: 12 <---- 26 (0)
[0]: 13 <---- 17 (0)
[0]: 13 <---- 26 (-1)
[0]: 13 <---- 20 (-1)
[0]: 13 <---- 23 (-1)
[0]: 14 <---- 24 (-1)
[0]: 14 <---- 22 (0)
[0]: 14 <---- 25 (-1)
[0]: 14 <---- 15 (-1)
[0]: 15 <---- 1 (0)
[0]: 15 <---- 3 (0)
[0]: 16 <---- 3 (0)
[0]: 16 <---- 7 (0)
[0]: 17 <---- 5 (0)
[0]: 17 <---- 7 (0)
[0]: 18 <---- 1 (0)
[0]: 18 <---- 5 (0)
[0]: 19 <---- 2 (0)
[0]: 19 <---- 6 (0)
[0]: 20 <---- 6 (0)
[0]: 20 <---- 8 (0)
[0]: 21 <---- 4 (0)
[0]: 21 <---- 8 (0)
[0]: 22 <---- 2 (0)
[0]: 22 <---- 4 (0)
[0]: 23 <---- 5 (0)
[0]: 23 <---- 6 (0)
[0]: 24 <---- 2 (0)
[0]: 24 <---- 1 (0)
[0]: 25 <---- 3 (0)
[0]: 25 <---- 4 (0)
[0]: 26 <---- 8 (0)
[0]: 26 <---- 7 (0)
coordinates with 1 fields
  field 0 with 3 components
Process 0:
  (   0) dim 24 offset   0 0.276393 0.276393 0.00690983 0.723607 0.276393 0.00690983 0.276393 0.723607 0.00690983 0.723607 0.723607 0.00690983 0.276393 0.276393 0.0180902 0.723607 0.276393 0.0180902 0.276393 0.723607 0.0180902 0.723607 0.723607 0.0180902
  (   1) dim  3 offset  24 0. 0. 0.
  (   2) dim  3 offset  27 0. 0. 0.025
  (   3) dim  3 offset  30 0. 1. 0.
  (   4) dim  3 offset  33 0. 1. 0.025
  (   5) dim  3 offset  36 1. 0. 0.
  (   6) dim  3 offset  39 1. 0. 0.025
  (   7) dim  3 offset  42 1. 1. 0.
  (   8) dim  3 offset  45 1. 1. 0.025
  (   9) dim 12 offset  48 0.276393 0.276393 0. 0.723607 0.276393 3.46945e-18 0.276393 0.723607 0. 0.723607 0.723607 0.
  (  10) dim 12 offset  60 0.276393 0.276393 0.025 0.723607 0.276393 0.025 0.276393 0.723607 0.025 0.723607 0.723607 0.025
  (  11) dim 12 offset  72 0.276393 -2.77556e-17 0.00690983 0.723607 0. 0.00690983 0.276393 -2.77556e-17 0.0180902 0.723607 0. 0.0180902
  (  12) dim 12 offset  84 0.723607 1. 0.00690983 0.276393 1. 0.00690983 0.723607 1. 0.0180902 0.276393 1. 0.0180902
  (  13) dim 12 offset  96 1. 0.276393 0.00690983 1. 0.723607 0.00690983 1. 0.276393 0.0180902 1. 0.723607 0.0180902
  (  14) dim 12 offset 108 0. 0.276393 0.00690983 0. 0.276393 0.0180902 0. 0.723607 0.00690983 0. 0.723607 0.0180902
  (  15) dim  6 offset 120 0. 0.723607 3.46945e-18 0. 0.276393 0.
  (  16) dim  6 offset 126 0.723607 1. 3.46945e-18 0.276393 1. 0.
  (  17) dim  6 offset 132 1. 0.276393 3.46945e-18 1. 0.723607 0.
  (  18) dim  6 offset 138 0.276393 0. 3.46945e-18 0.723607 0. 0.
  (  19) dim  6 offset 144 0.276393 0. 0.025 0.723607 0. 0.025
  (  20) dim  6 offset 150 1. 0.276393 0.025 1. 0.723607 0.025
  (  21) dim  6 offset 156 0.723607 1. 0.025 0.276393 1. 0.025
  (  22) dim  6 offset 162 0. 0.723607 0.025 0. 0.276393 0.025
  (  23) dim  6 offset 168 1. 0. 0.00690983 1. 0. 0.0180902
  (  24) dim  6 offset 174 0. 0. 0.0180902 0. 0. 0.00690983
  (  25) dim  6 offset 180 0. 1. 0.00690983 0. 1. 0.0180902
  (  26) dim  6 offset 186 1. 1. 0.0180902 1. 1. 0.00690983
Labels:
Label 'celltype':
[0]: 1 (0)
[0]: 2 (0)
[0]: 3 (0)
[0]: 4 (0)
[0]: 5 (0)
[0]: 6 (0)
[0]: 7 (0)
[0]: 8 (0)
[0]: 0 (7)
[0]: 9 (4)
[0]: 10 (4)
[0]: 11 (4)
[0]: 12 (4)
[0]: 13 (4)
[0]: 14 (4)
[0]: 15 (1)
[0]: 16 (1)
[0]: 17 (1)
[0]: 18 (1)
[0]: 19 (1)
[0]: 20 (1)
[0]: 21 (1)
[0]: 22 (1)
[0]: 23 (1)
[0]: 24 (1)
[0]: 25 (1)
[0]: 26 (1)
Label 'zone':
Label 'Face Sets':
[0]: 1 (1)
[0]: 3 (1)
[0]: 5 (1)
[0]: 7 (1)
[0]: 9 (1)
[0]: 15 (1)
[0]: 16 (1)
[0]: 17 (1)
[0]: 18 (1)
[0]: 2 (2)
[0]: 4 (2)
[0]: 6 (2)
[0]: 8 (2)
[0]: 10 (2)
[0]: 19 (2)
[0]: 20 (2)
[0]: 21 (2)
[0]: 22 (2)
[0]: 1 (3)
[0]: 2 (3)
[0]: 5 (3)
[0]: 6 (3)
[0]: 11 (3)
[0]: 18 (3)
[0]: 19 (3)
[0]: 23 (3)
[0]: 24 (3)
[0]: 3 (4)
[0]: 4 (4)
[0]: 7 (4)
[0]: 8 (4)
[0]: 12 (4)
[0]: 16 (4)
[0]: 21 (4)
[0]: 25 (4)
[0]: 26 (4)
[0]: 5 (5)
[0]: 6 (5)
[0]: 7 (5)
[0]: 8 (5)
[0]: 13 (5)
[0]: 17 (5)
[0]: 20 (5)
[0]: 23 (5)
[0]: 26 (5)
[0]: 1 (6)
[0]: 2 (6)
[0]: 3 (6)
[0]: 4 (6)
[0]: 14 (6)
[0]: 15 (6)
[0]: 22 (6)
[0]: 24 (6)
[0]: 25 (6)
PetscSF Object: Isoperiodic Faces by matching centroids 1 MPI process
  type: basic
  [0] Number of roots=27, leaves=1, remote ranks=1
  [0] 9 <- (0,10)
  [0] Roots referenced by my leaves, by rank
  [0] 0: 1 edges
  [0]    9 <- 10
  MultiSF sort=rank-order
Before DMSetupByOrderEnd_FEMin src/setupdm.c : 
DM Object: DM_0xe3e920_1 1 MPI process
  type: plex
DM_0xe3e920_1 in 3 dimensions:
Supports:
[0] Max support size: 3
[0]: 1 ----> 15
[0]: 1 ----> 18
[0]: 1 ----> 24
[0]: 2 ----> 19
[0]: 2 ----> 22
[0]: 2 ----> 24
[0]: 3 ----> 15
[0]: 3 ----> 16
[0]: 3 ----> 25
[0]: 4 ----> 21
[0]: 4 ----> 22
[0]: 4 ----> 25
[0]: 5 ----> 17
[0]: 5 ----> 18
[0]: 5 ----> 23
[0]: 6 ----> 19
[0]: 6 ----> 20
[0]: 6 ----> 23
[0]: 7 ----> 16
[0]: 7 ----> 17
[0]: 7 ----> 26
[0]: 8 ----> 20
[0]: 8 ----> 21
[0]: 8 ----> 26
[0]: 9 ----> 0
[0]: 10 ----> 0
[0]: 11 ----> 0
[0]: 12 ----> 0
[0]: 13 ----> 0
[0]: 14 ----> 0
[0]: 15 ----> 9
[0]: 15 ----> 14
[0]: 16 ----> 9
[0]: 16 ----> 12
[0]: 17 ----> 9
[0]: 17 ----> 13
[0]: 18 ----> 9
[0]: 18 ----> 11
[0]: 19 ----> 10
[0]: 19 ----> 11
[0]: 20 ----> 10
[0]: 20 ----> 13
[0]: 21 ----> 10
[0]: 21 ----> 12
[0]: 22 ----> 10
[0]: 22 ----> 14
[0]: 23 ----> 11
[0]: 23 ----> 13
[0]: 24 ----> 11
[0]: 24 ----> 14
[0]: 25 ----> 12
[0]: 25 ----> 14
[0]: 26 ----> 12
[0]: 26 ----> 13
Cones:
[0] Max cone size: 6
[0]: 0 <---- 9 (-2)
[0]: 0 <---- 10 (0)
[0]: 0 <---- 11 (0)
[0]: 0 <---- 12 (0)
[0]: 0 <---- 13 (0)
[0]: 0 <---- 14 (0)
[0]: 9 <---- 18 (0)
[0]: 9 <---- 17 (0)
[0]: 9 <---- 16 (-1)
[0]: 9 <---- 15 (-1)
[0]: 10 <---- 19 (0)
[0]: 10 <---- 20 (0)
[0]: 10 <---- 21 (-1)
[0]: 10 <---- 22 (-1)
[0]: 11 <---- 18 (0)
[0]: 11 <---- 23 (0)
[0]: 11 <---- 19 (-1)
[0]: 11 <---- 24 (0)
[0]: 12 <---- 16 (-1)
[0]: 12 <---- 25 (0)
[0]: 12 <---- 21 (0)
[0]: 12 <---- 26 (0)
[0]: 13 <---- 17 (0)
[0]: 13 <---- 26 (-1)
[0]: 13 <---- 20 (-1)
[0]: 13 <---- 23 (-1)
[0]: 14 <---- 24 (-1)
[0]: 14 <---- 22 (0)
[0]: 14 <---- 25 (-1)
[0]: 14 <---- 15 (-1)
[0]: 15 <---- 1 (0)
[0]: 15 <---- 3 (0)
[0]: 16 <---- 3 (0)
[0]: 16 <---- 7 (0)
[0]: 17 <---- 5 (0)
[0]: 17 <---- 7 (0)
[0]: 18 <---- 1 (0)
[0]: 18 <---- 5 (0)
[0]: 19 <---- 2 (0)
[0]: 19 <---- 6 (0)
[0]: 20 <---- 6 (0)
[0]: 20 <---- 8 (0)
[0]: 21 <---- 4 (0)
[0]: 21 <---- 8 (0)
[0]: 22 <---- 2 (0)
[0]: 22 <---- 4 (0)
[0]: 23 <---- 5 (0)
[0]: 23 <---- 6 (0)
[0]: 24 <---- 2 (0)
[0]: 24 <---- 1 (0)
[0]: 25 <---- 3 (0)
[0]: 25 <---- 4 (0)
[0]: 26 <---- 8 (0)
[0]: 26 <---- 7 (0)
coordinates with 1 fields
  field 0 with 3 components
Process 0:
  (   0) dim 24 offset   0 0.276393 0.276393 0.00690983 0.723607 0.276393 0.00690983 0.276393 0.723607 0.00690983 0.723607 0.723607 0.00690983 0.276393 0.276393 0.0180902 0.723607 0.276393 0.0180902 0.276393 0.723607 0.0180902 0.723607 0.723607 0.0180902
  (   1) dim  3 offset  24 0. 0. 0.
  (   2) dim  3 offset  27 0. 0. 0.025
  (   3) dim  3 offset  30 0. 1. 0.
  (   4) dim  3 offset  33 0. 1. 0.025
  (   5) dim  3 offset  36 1. 0. 0.
  (   6) dim  3 offset  39 1. 0. 0.025
  (   7) dim  3 offset  42 1. 1. 0.
  (   8) dim  3 offset  45 1. 1. 0.025
  (   9) dim 12 offset  48 0.276393 0.276393 0. 0.723607 0.276393 3.46945e-18 0.276393 0.723607 0. 0.723607 0.723607 0.
  (  10) dim 12 offset  60 0.276393 0.276393 0.025 0.723607 0.276393 0.025 0.276393 0.723607 0.025 0.723607 0.723607 0.025
  (  11) dim 12 offset  72 0.276393 -2.77556e-17 0.00690983 0.723607 0. 0.00690983 0.276393 -2.77556e-17 0.0180902 0.723607 0. 0.0180902
  (  12) dim 12 offset  84 0.723607 1. 0.00690983 0.276393 1. 0.00690983 0.723607 1. 0.0180902 0.276393 1. 0.0180902
  (  13) dim 12 offset  96 1. 0.276393 0.00690983 1. 0.723607 0.00690983 1. 0.276393 0.0180902 1. 0.723607 0.0180902
  (  14) dim 12 offset 108 0. 0.276393 0.00690983 0. 0.276393 0.0180902 0. 0.723607 0.00690983 0. 0.723607 0.0180902
  (  15) dim  6 offset 120 0. 0.723607 3.46945e-18 0. 0.276393 0.
  (  16) dim  6 offset 126 0.723607 1. 3.46945e-18 0.276393 1. 0.
  (  17) dim  6 offset 132 1. 0.276393 3.46945e-18 1. 0.723607 0.
  (  18) dim  6 offset 138 0.276393 0. 3.46945e-18 0.723607 0. 0.
  (  19) dim  6 offset 144 0.276393 0. 0.025 0.723607 0. 0.025
  (  20) dim  6 offset 150 1. 0.276393 0.025 1. 0.723607 0.025
  (  21) dim  6 offset 156 0.723607 1. 0.025 0.276393 1. 0.025
  (  22) dim  6 offset 162 0. 0.723607 0.025 0. 0.276393 0.025
  (  23) dim  6 offset 168 1. 0. 0.00690983 1. 0. 0.0180902
  (  24) dim  6 offset 174 0. 0. 0.0180902 0. 0. 0.00690983
  (  25) dim  6 offset 180 0. 1. 0.00690983 0. 1. 0.0180902
  (  26) dim  6 offset 186 1. 1. 0.0180902 1. 1. 0.00690983
Labels:
Label 'celltype':
[0]: 1 (0)
[0]: 2 (0)
[0]: 3 (0)
[0]: 4 (0)
[0]: 5 (0)
[0]: 6 (0)
[0]: 7 (0)
[0]: 8 (0)
[0]: 0 (7)
[0]: 9 (4)
[0]: 10 (4)
[0]: 11 (4)
[0]: 12 (4)
[0]: 13 (4)
[0]: 14 (4)
[0]: 15 (1)
[0]: 16 (1)
[0]: 17 (1)
[0]: 18 (1)
[0]: 19 (1)
[0]: 20 (1)
[0]: 21 (1)
[0]: 22 (1)
[0]: 23 (1)
[0]: 24 (1)
[0]: 25 (1)
[0]: 26 (1)
Label 'zone':
Label 'Face Sets':
[0]: 1 (1)
[0]: 3 (1)
[0]: 5 (1)
[0]: 7 (1)
[0]: 9 (1)
[0]: 15 (1)
[0]: 16 (1)
[0]: 17 (1)
[0]: 18 (1)
[0]: 2 (2)
[0]: 4 (2)
[0]: 6 (2)
[0]: 8 (2)
[0]: 10 (2)
[0]: 19 (2)
[0]: 20 (2)
[0]: 21 (2)
[0]: 22 (2)
[0]: 1 (3)
[0]: 2 (3)
[0]: 5 (3)
[0]: 6 (3)
[0]: 11 (3)
[0]: 18 (3)
[0]: 19 (3)
[0]: 23 (3)
[0]: 24 (3)
[0]: 3 (4)
[0]: 4 (4)
[0]: 7 (4)
[0]: 8 (4)
[0]: 12 (4)
[0]: 16 (4)
[0]: 21 (4)
[0]: 25 (4)
[0]: 26 (4)
[0]: 5 (5)
[0]: 6 (5)
[0]: 7 (5)
[0]: 8 (5)
[0]: 13 (5)
[0]: 17 (5)
[0]: 20 (5)
[0]: 23 (5)
[0]: 26 (5)
[0]: 1 (6)
[0]: 2 (6)
[0]: 3 (6)
[0]: 4 (6)
[0]: 14 (6)
[0]: 15 (6)
[0]: 22 (6)
[0]: 24 (6)
[0]: 25 (6)
PetscSF Object: Isoperiodic Faces by matching centroids 1 MPI process
  type: basic
  [0] Number of roots=27, leaves=1, remote ranks=1
  [0] 9 <- (0,10)
  [0] Roots referenced by my leaves, by rank
  [0] 0: 1 edges
  [0]    9 <- 10
  MultiSF sort=rank-order
Before DMProjectFieldLocal in src/setupdm.c : 
DM Object: DM_0xe3e920_1 1 MPI process
  type: plex
DM_0xe3e920_1 in 3 dimensions:
Supports:
[0] Max support size: 3
[0]: 1 ----> 15
[0]: 1 ----> 18
[0]: 1 ----> 24
[0]: 2 ----> 19
[0]: 2 ----> 22
[0]: 2 ----> 24
[0]: 3 ----> 15
[0]: 3 ----> 16
[0]: 3 ----> 25
[0]: 4 ----> 21
[0]: 4 ----> 22
[0]: 4 ----> 25
[0]: 5 ----> 17
[0]: 5 ----> 18
[0]: 5 ----> 23
[0]: 6 ----> 19
[0]: 6 ----> 20
[0]: 6 ----> 23
[0]: 7 ----> 16
[0]: 7 ----> 17
[0]: 7 ----> 26
[0]: 8 ----> 20
[0]: 8 ----> 21
[0]: 8 ----> 26
[0]: 9 ----> 0
[0]: 10 ----> 0
[0]: 11 ----> 0
[0]: 12 ----> 0
[0]: 13 ----> 0
[0]: 14 ----> 0
[0]: 15 ----> 9
[0]: 15 ----> 14
[0]: 16 ----> 9
[0]: 16 ----> 12
[0]: 17 ----> 9
[0]: 17 ----> 13
[0]: 18 ----> 9
[0]: 18 ----> 11
[0]: 19 ----> 10
[0]: 19 ----> 11
[0]: 20 ----> 10
[0]: 20 ----> 13
[0]: 21 ----> 10
[0]: 21 ----> 12
[0]: 22 ----> 10
[0]: 22 ----> 14
[0]: 23 ----> 11
[0]: 23 ----> 13
[0]: 24 ----> 11
[0]: 24 ----> 14
[0]: 25 ----> 12
[0]: 25 ----> 14
[0]: 26 ----> 12
[0]: 26 ----> 13
Cones:
[0] Max cone size: 6
[0]: 0 <---- 9 (-2)
[0]: 0 <---- 10 (0)
[0]: 0 <---- 11 (0)
[0]: 0 <---- 12 (0)
[0]: 0 <---- 13 (0)
[0]: 0 <---- 14 (0)
[0]: 9 <---- 18 (0)
[0]: 9 <---- 17 (0)
[0]: 9 <---- 16 (-1)
[0]: 9 <---- 15 (-1)
[0]: 10 <---- 19 (0)
[0]: 10 <---- 20 (0)
[0]: 10 <---- 21 (-1)
[0]: 10 <---- 22 (-1)
[0]: 11 <---- 18 (0)
[0]: 11 <---- 23 (0)
[0]: 11 <---- 19 (-1)
[0]: 11 <---- 24 (0)
[0]: 12 <---- 16 (-1)
[0]: 12 <---- 25 (0)
[0]: 12 <---- 21 (0)
[0]: 12 <---- 26 (0)
[0]: 13 <---- 17 (0)
[0]: 13 <---- 26 (-1)
[0]: 13 <---- 20 (-1)
[0]: 13 <---- 23 (-1)
[0]: 14 <---- 24 (-1)
[0]: 14 <---- 22 (0)
[0]: 14 <---- 25 (-1)
[0]: 14 <---- 15 (-1)
[0]: 15 <---- 1 (0)
[0]: 15 <---- 3 (0)
[0]: 16 <---- 3 (0)
[0]: 16 <---- 7 (0)
[0]: 17 <---- 5 (0)
[0]: 17 <---- 7 (0)
[0]: 18 <---- 1 (0)
[0]: 18 <---- 5 (0)
[0]: 19 <---- 2 (0)
[0]: 19 <---- 6 (0)
[0]: 20 <---- 6 (0)
[0]: 20 <---- 8 (0)
[0]: 21 <---- 4 (0)
[0]: 21 <---- 8 (0)
[0]: 22 <---- 2 (0)
[0]: 22 <---- 4 (0)
[0]: 23 <---- 5 (0)
[0]: 23 <---- 6 (0)
[0]: 24 <---- 2 (0)
[0]: 24 <---- 1 (0)
[0]: 25 <---- 3 (0)
[0]: 25 <---- 4 (0)
[0]: 26 <---- 8 (0)
[0]: 26 <---- 7 (0)
coordinates with 1 fields
  field 0 with 3 components
Process 0:
  (   0) dim 24 offset   0 0.276393 0.276393 0.00690983 0.723607 0.276393 0.00690983 0.276393 0.723607 0.00690983 0.723607 0.723607 0.00690983 0.276393 0.276393 0.0180902 0.723607 0.276393 0.0180902 0.276393 0.723607 0.0180902 0.723607 0.723607 0.0180902
  (   1) dim  3 offset  24 0. 0. 0.
  (   2) dim  3 offset  27 0. 0. 0.025
  (   3) dim  3 offset  30 0. 1. 0.
  (   4) dim  3 offset  33 0. 1. 0.025
  (   5) dim  3 offset  36 1. 0. 0.
  (   6) dim  3 offset  39 1. 0. 0.025
  (   7) dim  3 offset  42 1. 1. 0.
  (   8) dim  3 offset  45 1. 1. 0.025
  (   9) dim 12 offset  48 0.276393 0.276393 0. 0.723607 0.276393 3.46945e-18 0.276393 0.723607 0. 0.723607 0.723607 0.
  (  10) dim 12 offset  60 0.276393 0.276393 0.025 0.723607 0.276393 0.025 0.276393 0.723607 0.025 0.723607 0.723607 0.025
  (  11) dim 12 offset  72 0.276393 -2.77556e-17 0.00690983 0.723607 0. 0.00690983 0.276393 -2.77556e-17 0.0180902 0.723607 0. 0.0180902
  (  12) dim 12 offset  84 0.723607 1. 0.00690983 0.276393 1. 0.00690983 0.723607 1. 0.0180902 0.276393 1. 0.0180902
  (  13) dim 12 offset  96 1. 0.276393 0.00690983 1. 0.723607 0.00690983 1. 0.276393 0.0180902 1. 0.723607 0.0180902
  (  14) dim 12 offset 108 0. 0.276393 0.00690983 0. 0.276393 0.0180902 0. 0.723607 0.00690983 0. 0.723607 0.0180902
  (  15) dim  6 offset 120 0. 0.723607 3.46945e-18 0. 0.276393 0.
  (  16) dim  6 offset 126 0.723607 1. 3.46945e-18 0.276393 1. 0.
  (  17) dim  6 offset 132 1. 0.276393 3.46945e-18 1. 0.723607 0.
  (  18) dim  6 offset 138 0.276393 0. 3.46945e-18 0.723607 0. 0.
  (  19) dim  6 offset 144 0.276393 0. 0.025 0.723607 0. 0.025
  (  20) dim  6 offset 150 1. 0.276393 0.025 1. 0.723607 0.025
  (  21) dim  6 offset 156 0.723607 1. 0.025 0.276393 1. 0.025
  (  22) dim  6 offset 162 0. 0.723607 0.025 0. 0.276393 0.025
  (  23) dim  6 offset 168 1. 0. 0.00690983 1. 0. 0.0180902
  (  24) dim  6 offset 174 0. 0. 0.0180902 0. 0. 0.00690983
  (  25) dim  6 offset 180 0. 1. 0.00690983 0. 1. 0.0180902
  (  26) dim  6 offset 186 1. 1. 0.0180902 1. 1. 0.00690983
Labels:
Label 'celltype':
[0]: 1 (0)
[0]: 2 (0)
[0]: 3 (0)
[0]: 4 (0)
[0]: 5 (0)
[0]: 6 (0)
[0]: 7 (0)
[0]: 8 (0)
[0]: 0 (7)
[0]: 9 (4)
[0]: 10 (4)
[0]: 11 (4)
[0]: 12 (4)
[0]: 13 (4)
[0]: 14 (4)
[0]: 15 (1)
[0]: 16 (1)
[0]: 17 (1)
[0]: 18 (1)
[0]: 19 (1)
[0]: 20 (1)
[0]: 21 (1)
[0]: 22 (1)
[0]: 23 (1)
[0]: 24 (1)
[0]: 25 (1)
[0]: 26 (1)
Label 'zone':
Label 'Face Sets':
[0]: 1 (1)
[0]: 3 (1)
[0]: 5 (1)
[0]: 7 (1)
[0]: 9 (1)
[0]: 15 (1)
[0]: 16 (1)
[0]: 17 (1)
[0]: 18 (1)
[0]: 2 (2)
[0]: 4 (2)
[0]: 6 (2)
[0]: 8 (2)
[0]: 10 (2)
[0]: 19 (2)
[0]: 20 (2)
[0]: 21 (2)
[0]: 22 (2)
[0]: 1 (3)
[0]: 2 (3)
[0]: 5 (3)
[0]: 6 (3)
[0]: 11 (3)
[0]: 18 (3)
[0]: 19 (3)
[0]: 23 (3)
[0]: 24 (3)
[0]: 3 (4)
[0]: 4 (4)
[0]: 7 (4)
[0]: 8 (4)
[0]: 12 (4)
[0]: 16 (4)
[0]: 21 (4)
[0]: 25 (4)
[0]: 26 (4)
[0]: 5 (5)
[0]: 6 (5)
[0]: 7 (5)
[0]: 8 (5)
[0]: 13 (5)
[0]: 17 (5)
[0]: 20 (5)
[0]: 23 (5)
[0]: 26 (5)
[0]: 1 (6)
[0]: 2 (6)
[0]: 3 (6)
[0]: 4 (6)
[0]: 14 (6)
[0]: 15 (6)
[0]: 22 (6)
[0]: 24 (6)
[0]: 25 (6)
PetscSF Object: Isoperiodic Faces by matching centroids 1 MPI process
  type: basic
  [0] Number of roots=27, leaves=1, remote ranks=1
  [0] 9 <- (0,10)
  [0] Roots referenced by my leaves, by rank
  [0] 0: 1 edges
  [0]    9 <- 10
  MultiSF sort=rank-order
After DMProjectFieldLocal in src/setupdm.c : 
DM Object: DM_0xe3e920_1 1 MPI process
  type: plex
DM_0xe3e920_1 in 3 dimensions:
Supports:
[0] Max support size: 3
[0]: 1 ----> 15
[0]: 1 ----> 18
[0]: 1 ----> 24
[0]: 2 ----> 19
[0]: 2 ----> 22
[0]: 2 ----> 24
[0]: 3 ----> 15
[0]: 3 ----> 16
[0]: 3 ----> 25
[0]: 4 ----> 21
[0]: 4 ----> 22
[0]: 4 ----> 25
[0]: 5 ----> 17
[0]: 5 ----> 18
[0]: 5 ----> 23
[0]: 6 ----> 19
[0]: 6 ----> 20
[0]: 6 ----> 23
[0]: 7 ----> 16
[0]: 7 ----> 17
[0]: 7 ----> 26
[0]: 8 ----> 20
[0]: 8 ----> 21
[0]: 8 ----> 26
[0]: 9 ----> 0
[0]: 10 ----> 0
[0]: 11 ----> 0
[0]: 12 ----> 0
[0]: 13 ----> 0
[0]: 14 ----> 0
[0]: 15 ----> 9
[0]: 15 ----> 14
[0]: 16 ----> 9
[0]: 16 ----> 12
[0]: 17 ----> 9
[0]: 17 ----> 13
[0]: 18 ----> 9
[0]: 18 ----> 11
[0]: 19 ----> 10
[0]: 19 ----> 11
[0]: 20 ----> 10
[0]: 20 ----> 13
[0]: 21 ----> 10
[0]: 21 ----> 12
[0]: 22 ----> 10
[0]: 22 ----> 14
[0]: 23 ----> 11
[0]: 23 ----> 13
[0]: 24 ----> 11
[0]: 24 ----> 14
[0]: 25 ----> 12
[0]: 25 ----> 14
[0]: 26 ----> 12
[0]: 26 ----> 13
Cones:
[0] Max cone size: 6
[0]: 0 <---- 9 (-2)
[0]: 0 <---- 10 (0)
[0]: 0 <---- 11 (0)
[0]: 0 <---- 12 (0)
[0]: 0 <---- 13 (0)
[0]: 0 <---- 14 (0)
[0]: 9 <---- 18 (0)
[0]: 9 <---- 17 (0)
[0]: 9 <---- 16 (-1)
[0]: 9 <---- 15 (-1)
[0]: 10 <---- 19 (0)
[0]: 10 <---- 20 (0)
[0]: 10 <---- 21 (-1)
[0]: 10 <---- 22 (-1)
[0]: 11 <---- 18 (0)
[0]: 11 <---- 23 (0)
[0]: 11 <---- 19 (-1)
[0]: 11 <---- 24 (0)
[0]: 12 <---- 16 (-1)
[0]: 12 <---- 25 (0)
[0]: 12 <---- 21 (0)
[0]: 12 <---- 26 (0)
[0]: 13 <---- 17 (0)
[0]: 13 <---- 26 (-1)
[0]: 13 <---- 20 (-1)
[0]: 13 <---- 23 (-1)
[0]: 14 <---- 24 (-1)
[0]: 14 <---- 22 (0)
[0]: 14 <---- 25 (-1)
[0]: 14 <---- 15 (-1)
[0]: 15 <---- 1 (0)
[0]: 15 <---- 3 (0)
[0]: 16 <---- 3 (0)
[0]: 16 <---- 7 (0)
[0]: 17 <---- 5 (0)
[0]: 17 <---- 7 (0)
[0]: 18 <---- 1 (0)
[0]: 18 <---- 5 (0)
[0]: 19 <---- 2 (0)
[0]: 19 <---- 6 (0)
[0]: 20 <---- 6 (0)
[0]: 20 <---- 8 (0)
[0]: 21 <---- 4 (0)
[0]: 21 <---- 8 (0)
[0]: 22 <---- 2 (0)
[0]: 22 <---- 4 (0)
[0]: 23 <---- 5 (0)
[0]: 23 <---- 6 (0)
[0]: 24 <---- 2 (0)
[0]: 24 <---- 1 (0)
[0]: 25 <---- 3 (0)
[0]: 25 <---- 4 (0)
[0]: 26 <---- 8 (0)
[0]: 26 <---- 7 (0)
coordinates with 1 fields
  field 0 with 3 components
Process 0:
  (   0) dim 24 offset   0 0.276393 0.276393 0.00690983 0.723607 0.276393 0.00690983 0.276393 0.723607 0.00690983 0.723607 0.723607 0.00690983 0.276393 0.276393 0.0180902 0.723607 0.276393 0.0180902 0.276393 0.723607 0.0180902 0.723607 0.723607 0.0180902
  (   1) dim  3 offset  24 0. 0. 0.
  (   2) dim  3 offset  27 0. 0. 0.025
  (   3) dim  3 offset  30 0. 1. 0.
  (   4) dim  3 offset  33 0. 1. 0.025
  (   5) dim  3 offset  36 1. 0. 0.
  (   6) dim  3 offset  39 1. 0. 0.025
  (   7) dim  3 offset  42 1. 1. 0.
  (   8) dim  3 offset  45 1. 1. 0.025
  (   9) dim 12 offset  48 0.276393 0.276393 0. 0.723607 0.276393 3.46945e-18 0.276393 0.723607 0. 0.723607 0.723607 0.
  (  10) dim 12 offset  60 0.276393 0.276393 0.025 0.723607 0.276393 0.025 0.276393 0.723607 0.025 0.723607 0.723607 0.025
  (  11) dim 12 offset  72 0.276393 -2.77556e-17 0.00690983 0.723607 0. 0.00690983 0.276393 -2.77556e-17 0.0180902 0.723607 0. 0.0180902
  (  12) dim 12 offset  84 0.723607 1. 0.00690983 0.276393 1. 0.00690983 0.723607 1. 0.0180902 0.276393 1. 0.0180902
  (  13) dim 12 offset  96 1. 0.276393 0.00690983 1. 0.723607 0.00690983 1. 0.276393 0.0180902 1. 0.723607 0.0180902
  (  14) dim 12 offset 108 0. 0.276393 0.00690983 0. 0.276393 0.0180902 0. 0.723607 0.00690983 0. 0.723607 0.0180902
  (  15) dim  6 offset 120 0. 0.723607 3.46945e-18 0. 0.276393 0.
  (  16) dim  6 offset 126 0.723607 1. 3.46945e-18 0.276393 1. 0.
  (  17) dim  6 offset 132 1. 0.276393 3.46945e-18 1. 0.723607 0.
  (  18) dim  6 offset 138 0.276393 0. 3.46945e-18 0.723607 0. 0.
  (  19) dim  6 offset 144 0.276393 0. 0.025 0.723607 0. 0.025
  (  20) dim  6 offset 150 1. 0.276393 0.025 1. 0.723607 0.025
  (  21) dim  6 offset 156 0.723607 1. 0.025 0.276393 1. 0.025
  (  22) dim  6 offset 162 0. 0.723607 0.025 0. 0.276393 0.025
  (  23) dim  6 offset 168 1. 0. 0.00690983 1. 0. 0.0180902
  (  24) dim  6 offset 174 0. 0. 0.0180902 0. 0. 0.00690983
  (  25) dim  6 offset 180 0. 1. 0.00690983 0. 1. 0.0180902
  (  26) dim  6 offset 186 1. 1. 0.0180902 1. 1. 0.00690983
Labels:
Label 'celltype':
[0]: 1 (0)
[0]: 2 (0)
[0]: 3 (0)
[0]: 4 (0)
[0]: 5 (0)
[0]: 6 (0)
[0]: 7 (0)
[0]: 8 (0)
[0]: 0 (7)
[0]: 9 (4)
[0]: 10 (4)
[0]: 11 (4)
[0]: 12 (4)
[0]: 13 (4)
[0]: 14 (4)
[0]: 15 (1)
[0]: 16 (1)
[0]: 17 (1)
[0]: 18 (1)
[0]: 19 (1)
[0]: 20 (1)
[0]: 21 (1)
[0]: 22 (1)
[0]: 23 (1)
[0]: 24 (1)
[0]: 25 (1)
[0]: 26 (1)
Label 'zone':
Label 'Face Sets':
[0]: 1 (1)
[0]: 3 (1)
[0]: 5 (1)
[0]: 7 (1)
[0]: 9 (1)
[0]: 15 (1)
[0]: 16 (1)
[0]: 17 (1)
[0]: 18 (1)
[0]: 2 (2)
[0]: 4 (2)
[0]: 6 (2)
[0]: 8 (2)
[0]: 10 (2)
[0]: 19 (2)
[0]: 20 (2)
[0]: 21 (2)
[0]: 22 (2)
[0]: 1 (3)
[0]: 2 (3)
[0]: 5 (3)
[0]: 6 (3)
[0]: 11 (3)
[0]: 18 (3)
[0]: 19 (3)
[0]: 23 (3)
[0]: 24 (3)
[0]: 3 (4)
[0]: 4 (4)
[0]: 7 (4)
[0]: 8 (4)
[0]: 12 (4)
[0]: 16 (4)
[0]: 21 (4)
[0]: 25 (4)
[0]: 26 (4)
[0]: 5 (5)
[0]: 6 (5)
[0]: 7 (5)
[0]: 8 (5)
[0]: 13 (5)
[0]: 17 (5)
[0]: 20 (5)
[0]: 23 (5)
[0]: 26 (5)
[0]: 1 (6)
[0]: 2 (6)
[0]: 3 (6)
[0]: 4 (6)
[0]: 14 (6)
[0]: 15 (6)
[0]: 22 (6)
[0]: 24 (6)
[0]: 25 (6)
PetscSF Object: Isoperiodic Faces by matching centroids 1 MPI process
  type: basic
  [0] Number of roots=27, leaves=1, remote ranks=1
  [0] 9 <- (0,10)
  [0] Roots referenced by my leaves, by rank
  [0] 0: 1 edges
  [0]    9 <- 10
  MultiSF sort=rank-order
bottom of SetUpDM in src/setupdm.c : 
DM Object: DM_0xe3e920_1 1 MPI process
  type: plex
DM_0xe3e920_1 in 3 dimensions:
Supports:
[0] Max support size: 3
[0]: 1 ----> 15
[0]: 1 ----> 18
[0]: 1 ----> 24
[0]: 2 ----> 19
[0]: 2 ----> 22
[0]: 2 ----> 24
[0]: 3 ----> 15
[0]: 3 ----> 16
[0]: 3 ----> 25
[0]: 4 ----> 21
[0]: 4 ----> 22
[0]: 4 ----> 25
[0]: 5 ----> 17
[0]: 5 ----> 18
[0]: 5 ----> 23
[0]: 6 ----> 19
[0]: 6 ----> 20
[0]: 6 ----> 23
[0]: 7 ----> 16
[0]: 7 ----> 17
[0]: 7 ----> 26
[0]: 8 ----> 20
[0]: 8 ----> 21
[0]: 8 ----> 26
[0]: 9 ----> 0
[0]: 10 ----> 0
[0]: 11 ----> 0
[0]: 12 ----> 0
[0]: 13 ----> 0
[0]: 14 ----> 0
[0]: 15 ----> 9
[0]: 15 ----> 14
[0]: 16 ----> 9
[0]: 16 ----> 12
[0]: 17 ----> 9
[0]: 17 ----> 13
[0]: 18 ----> 9
[0]: 18 ----> 11
[0]: 19 ----> 10
[0]: 19 ----> 11
[0]: 20 ----> 10
[0]: 20 ----> 13
[0]: 21 ----> 10
[0]: 21 ----> 12
[0]: 22 ----> 10
[0]: 22 ----> 14
[0]: 23 ----> 11
[0]: 23 ----> 13
[0]: 24 ----> 11
[0]: 24 ----> 14
[0]: 25 ----> 12
[0]: 25 ----> 14
[0]: 26 ----> 12
[0]: 26 ----> 13
Cones:
[0] Max cone size: 6
[0]: 0 <---- 9 (-2)
[0]: 0 <---- 10 (0)
[0]: 0 <---- 11 (0)
[0]: 0 <---- 12 (0)
[0]: 0 <---- 13 (0)
[0]: 0 <---- 14 (0)
[0]: 9 <---- 18 (0)
[0]: 9 <---- 17 (0)
[0]: 9 <---- 16 (-1)
[0]: 9 <---- 15 (-1)
[0]: 10 <---- 19 (0)
[0]: 10 <---- 20 (0)
[0]: 10 <---- 21 (-1)
[0]: 10 <---- 22 (-1)
[0]: 11 <---- 18 (0)
[0]: 11 <---- 23 (0)
[0]: 11 <---- 19 (-1)
[0]: 11 <---- 24 (0)
[0]: 12 <---- 16 (-1)
[0]: 12 <---- 25 (0)
[0]: 12 <---- 21 (0)
[0]: 12 <---- 26 (0)
[0]: 13 <---- 17 (0)
[0]: 13 <---- 26 (-1)
[0]: 13 <---- 20 (-1)
[0]: 13 <---- 23 (-1)
[0]: 14 <---- 24 (-1)
[0]: 14 <---- 22 (0)
[0]: 14 <---- 25 (-1)
[0]: 14 <---- 15 (-1)
[0]: 15 <---- 1 (0)
[0]: 15 <---- 3 (0)
[0]: 16 <---- 3 (0)
[0]: 16 <---- 7 (0)
[0]: 17 <---- 5 (0)
[0]: 17 <---- 7 (0)
[0]: 18 <---- 1 (0)
[0]: 18 <---- 5 (0)
[0]: 19 <---- 2 (0)
[0]: 19 <---- 6 (0)
[0]: 20 <---- 6 (0)
[0]: 20 <---- 8 (0)
[0]: 21 <---- 4 (0)
[0]: 21 <---- 8 (0)
[0]: 22 <---- 2 (0)
[0]: 22 <---- 4 (0)
[0]: 23 <---- 5 (0)
[0]: 23 <---- 6 (0)
[0]: 24 <---- 2 (0)
[0]: 24 <---- 1 (0)
[0]: 25 <---- 3 (0)
[0]: 25 <---- 4 (0)
[0]: 26 <---- 8 (0)
[0]: 26 <---- 7 (0)
coordinates with 1 fields
  field 0 with 3 components
Process 0:
  (   0) dim 24 offset   0 0.276393 0.276393 0.00690983 0.723607 0.276393 0.00690983 0.276393 0.723607 0.00690983 0.723607 0.723607 0.00690983 0.276393 0.276393 0.0180902 0.723607 0.276393 0.0180902 0.276393 0.723607 0.0180902 0.723607 0.723607 0.0180902
  (   1) dim  3 offset  24 0. 0. 0.
  (   2) dim  3 offset  27 0. 0. 0.025
  (   3) dim  3 offset  30 0. 1. 0.
  (   4) dim  3 offset  33 0. 1. 0.025
  (   5) dim  3 offset  36 1. 0. 0.
  (   6) dim  3 offset  39 1. 0. 0.025
  (   7) dim  3 offset  42 1. 1. 0.
  (   8) dim  3 offset  45 1. 1. 0.025
  (   9) dim 12 offset  48 0.276393 0.276393 0. 0.723607 0.276393 3.46945e-18 0.276393 0.723607 0. 0.723607 0.723607 0.
  (  10) dim 12 offset  60 0.276393 0.276393 0.025 0.723607 0.276393 0.025 0.276393 0.723607 0.025 0.723607 0.723607 0.025
  (  11) dim 12 offset  72 0.276393 -2.77556e-17 0.00690983 0.723607 0. 0.00690983 0.276393 -2.77556e-17 0.0180902 0.723607 0. 0.0180902
  (  12) dim 12 offset  84 0.723607 1. 0.00690983 0.276393 1. 0.00690983 0.723607 1. 0.0180902 0.276393 1. 0.0180902
  (  13) dim 12 offset  96 1. 0.276393 0.00690983 1. 0.723607 0.00690983 1. 0.276393 0.0180902 1. 0.723607 0.0180902
  (  14) dim 12 offset 108 0. 0.276393 0.00690983 0. 0.276393 0.0180902 0. 0.723607 0.00690983 0. 0.723607 0.0180902
  (  15) dim  6 offset 120 0. 0.723607 3.46945e-18 0. 0.276393 0.
  (  16) dim  6 offset 126 0.723607 1. 3.46945e-18 0.276393 1. 0.
  (  17) dim  6 offset 132 1. 0.276393 3.46945e-18 1. 0.723607 0.
  (  18) dim  6 offset 138 0.276393 0. 3.46945e-18 0.723607 0. 0.
  (  19) dim  6 offset 144 0.276393 0. 0.025 0.723607 0. 0.025
  (  20) dim  6 offset 150 1. 0.276393 0.025 1. 0.723607 0.025
  (  21) dim  6 offset 156 0.723607 1. 0.025 0.276393 1. 0.025
  (  22) dim  6 offset 162 0. 0.723607 0.025 0. 0.276393 0.025
  (  23) dim  6 offset 168 1. 0. 0.00690983 1. 0. 0.0180902
  (  24) dim  6 offset 174 0. 0. 0.0180902 0. 0. 0.00690983
  (  25) dim  6 offset 180 0. 1. 0.00690983 0. 1. 0.0180902
  (  26) dim  6 offset 186 1. 1. 0.0180902 1. 1. 0.00690983
Labels:
Label 'celltype':
[0]: 1 (0)
[0]: 2 (0)
[0]: 3 (0)
[0]: 4 (0)
[0]: 5 (0)
[0]: 6 (0)
[0]: 7 (0)
[0]: 8 (0)
[0]: 0 (7)
[0]: 9 (4)
[0]: 10 (4)
[0]: 11 (4)
[0]: 12 (4)
[0]: 13 (4)
[0]: 14 (4)
[0]: 15 (1)
[0]: 16 (1)
[0]: 17 (1)
[0]: 18 (1)
[0]: 19 (1)
[0]: 20 (1)
[0]: 21 (1)
[0]: 22 (1)
[0]: 23 (1)
[0]: 24 (1)
[0]: 25 (1)
[0]: 26 (1)
Label 'zone':
Label 'Face Sets':
[0]: 1 (1)
[0]: 3 (1)
[0]: 5 (1)
[0]: 7 (1)
[0]: 9 (1)
[0]: 15 (1)
[0]: 16 (1)
[0]: 17 (1)
[0]: 18 (1)
[0]: 2 (2)
[0]: 4 (2)
[0]: 6 (2)
[0]: 8 (2)
[0]: 10 (2)
[0]: 19 (2)
[0]: 20 (2)
[0]: 21 (2)
[0]: 22 (2)
[0]: 1 (3)
[0]: 2 (3)
[0]: 5 (3)
[0]: 6 (3)
[0]: 11 (3)
[0]: 18 (3)
[0]: 19 (3)
[0]: 23 (3)
[0]: 24 (3)
[0]: 3 (4)
[0]: 4 (4)
[0]: 7 (4)
[0]: 8 (4)
[0]: 12 (4)
[0]: 16 (4)
[0]: 21 (4)
[0]: 25 (4)
[0]: 26 (4)
[0]: 5 (5)
[0]: 6 (5)
[0]: 7 (5)
[0]: 8 (5)
[0]: 13 (5)
[0]: 17 (5)
[0]: 20 (5)
[0]: 23 (5)
[0]: 26 (5)
[0]: 1 (6)
[0]: 2 (6)
[0]: 3 (6)
[0]: 4 (6)
[0]: 14 (6)
[0]: 15 (6)
[0]: 22 (6)
[0]: 24 (6)
[0]: 25 (6)
PetscSF Object: Isoperiodic Faces by matching centroids 1 MPI process
  type: basic
  [0] Number of roots=27, leaves=1, remote ranks=1
  [0] 9 <- (0,10)
  [0] Roots referenced by my leaves, by rank
  [0] 0: 1 edges
  [0]    9 <- 10
  MultiSF sort=rank-order
After setupDM navierstokes.c : 
DM Object: DM_0xe3e920_1 1 MPI process
  type: plex
DM_0xe3e920_1 in 3 dimensions:
Supports:
[0] Max support size: 3
[0]: 1 ----> 15
[0]: 1 ----> 18
[0]: 1 ----> 24
[0]: 2 ----> 19
[0]: 2 ----> 22
[0]: 2 ----> 24
[0]: 3 ----> 15
[0]: 3 ----> 16
[0]: 3 ----> 25
[0]: 4 ----> 21
[0]: 4 ----> 22
[0]: 4 ----> 25
[0]: 5 ----> 17
[0]: 5 ----> 18
[0]: 5 ----> 23
[0]: 6 ----> 19
[0]: 6 ----> 20
[0]: 6 ----> 23
[0]: 7 ----> 16
[0]: 7 ----> 17
[0]: 7 ----> 26
[0]: 8 ----> 20
[0]: 8 ----> 21
[0]: 8 ----> 26
[0]: 9 ----> 0
[0]: 10 ----> 0
[0]: 11 ----> 0
[0]: 12 ----> 0
[0]: 13 ----> 0
[0]: 14 ----> 0
[0]: 15 ----> 9
[0]: 15 ----> 14
[0]: 16 ----> 9
[0]: 16 ----> 12
[0]: 17 ----> 9
[0]: 17 ----> 13
[0]: 18 ----> 9
[0]: 18 ----> 11
[0]: 19 ----> 10
[0]: 19 ----> 11
[0]: 20 ----> 10
[0]: 20 ----> 13
[0]: 21 ----> 10
[0]: 21 ----> 12
[0]: 22 ----> 10
[0]: 22 ----> 14
[0]: 23 ----> 11
[0]: 23 ----> 13
[0]: 24 ----> 11
[0]: 24 ----> 14
[0]: 25 ----> 12
[0]: 25 ----> 14
[0]: 26 ----> 12
[0]: 26 ----> 13
Cones:
[0] Max cone size: 6
[0]: 0 <---- 9 (-2)
[0]: 0 <---- 10 (0)
[0]: 0 <---- 11 (0)
[0]: 0 <---- 12 (0)
[0]: 0 <---- 13 (0)
[0]: 0 <---- 14 (0)
[0]: 9 <---- 18 (0)
[0]: 9 <---- 17 (0)
[0]: 9 <---- 16 (-1)
[0]: 9 <---- 15 (-1)
[0]: 10 <---- 19 (0)
[0]: 10 <---- 20 (0)
[0]: 10 <---- 21 (-1)
[0]: 10 <---- 22 (-1)
[0]: 11 <---- 18 (0)
[0]: 11 <---- 23 (0)
[0]: 11 <---- 19 (-1)
[0]: 11 <---- 24 (0)
[0]: 12 <---- 16 (-1)
[0]: 12 <---- 25 (0)
[0]: 12 <---- 21 (0)
[0]: 12 <---- 26 (0)
[0]: 13 <---- 17 (0)
[0]: 13 <---- 26 (-1)
[0]: 13 <---- 20 (-1)
[0]: 13 <---- 23 (-1)
[0]: 14 <---- 24 (-1)
[0]: 14 <---- 22 (0)
[0]: 14 <---- 25 (-1)
[0]: 14 <---- 15 (-1)
[0]: 15 <---- 1 (0)
[0]: 15 <---- 3 (0)
[0]: 16 <---- 3 (0)
[0]: 16 <---- 7 (0)
[0]: 17 <---- 5 (0)
[0]: 17 <---- 7 (0)
[0]: 18 <---- 1 (0)
[0]: 18 <---- 5 (0)
[0]: 19 <---- 2 (0)
[0]: 19 <---- 6 (0)
[0]: 20 <---- 6 (0)
[0]: 20 <---- 8 (0)
[0]: 21 <---- 4 (0)
[0]: 21 <---- 8 (0)
[0]: 22 <---- 2 (0)
[0]: 22 <---- 4 (0)
[0]: 23 <---- 5 (0)
[0]: 23 <---- 6 (0)
[0]: 24 <---- 2 (0)
[0]: 24 <---- 1 (0)
[0]: 25 <---- 3 (0)
[0]: 25 <---- 4 (0)
[0]: 26 <---- 8 (0)
[0]: 26 <---- 7 (0)
coordinates with 1 fields
  field 0 with 3 components
Process 0:
  (   0) dim 24 offset   0 0.276393 0.276393 0.00690983 0.723607 0.276393 0.00690983 0.276393 0.723607 0.00690983 0.723607 0.723607 0.00690983 0.276393 0.276393 0.0180902 0.723607 0.276393 0.0180902 0.276393 0.723607 0.0180902 0.723607 0.723607 0.0180902
  (   1) dim  3 offset  24 0. 0. 0.
  (   2) dim  3 offset  27 0. 0. 0.025
  (   3) dim  3 offset  30 0. 1. 0.
  (   4) dim  3 offset  33 0. 1. 0.025
  (   5) dim  3 offset  36 1. 0. 0.
  (   6) dim  3 offset  39 1. 0. 0.025
  (   7) dim  3 offset  42 1. 1. 0.
  (   8) dim  3 offset  45 1. 1. 0.025
  (   9) dim 12 offset  48 0.276393 0.276393 0. 0.723607 0.276393 3.46945e-18 0.276393 0.723607 0. 0.723607 0.723607 0.
  (  10) dim 12 offset  60 0.276393 0.276393 0.025 0.723607 0.276393 0.025 0.276393 0.723607 0.025 0.723607 0.723607 0.025
  (  11) dim 12 offset  72 0.276393 -2.77556e-17 0.00690983 0.723607 0. 0.00690983 0.276393 -2.77556e-17 0.0180902 0.723607 0. 0.0180902
  (  12) dim 12 offset  84 0.723607 1. 0.00690983 0.276393 1. 0.00690983 0.723607 1. 0.0180902 0.276393 1. 0.0180902
  (  13) dim 12 offset  96 1. 0.276393 0.00690983 1. 0.723607 0.00690983 1. 0.276393 0.0180902 1. 0.723607 0.0180902
  (  14) dim 12 offset 108 0. 0.276393 0.00690983 0. 0.276393 0.0180902 0. 0.723607 0.00690983 0. 0.723607 0.0180902
  (  15) dim  6 offset 120 0. 0.723607 3.46945e-18 0. 0.276393 0.
  (  16) dim  6 offset 126 0.723607 1. 3.46945e-18 0.276393 1. 0.
  (  17) dim  6 offset 132 1. 0.276393 3.46945e-18 1. 0.723607 0.
  (  18) dim  6 offset 138 0.276393 0. 3.46945e-18 0.723607 0. 0.
  (  19) dim  6 offset 144 0.276393 0. 0.025 0.723607 0. 0.025
  (  20) dim  6 offset 150 1. 0.276393 0.025 1. 0.723607 0.025
  (  21) dim  6 offset 156 0.723607 1. 0.025 0.276393 1. 0.025
  (  22) dim  6 offset 162 0. 0.723607 0.025 0. 0.276393 0.025
  (  23) dim  6 offset 168 1. 0. 0.00690983 1. 0. 0.0180902
  (  24) dim  6 offset 174 0. 0. 0.0180902 0. 0. 0.00690983
  (  25) dim  6 offset 180 0. 1. 0.00690983 0. 1. 0.0180902
  (  26) dim  6 offset 186 1. 1. 0.0180902 1. 1. 0.00690983
Labels:
Label 'celltype':
[0]: 1 (0)
[0]: 2 (0)
[0]: 3 (0)
[0]: 4 (0)
[0]: 5 (0)
[0]: 6 (0)
[0]: 7 (0)
[0]: 8 (0)
[0]: 0 (7)
[0]: 9 (4)
[0]: 10 (4)
[0]: 11 (4)
[0]: 12 (4)
[0]: 13 (4)
[0]: 14 (4)
[0]: 15 (1)
[0]: 16 (1)
[0]: 17 (1)
[0]: 18 (1)
[0]: 19 (1)
[0]: 20 (1)
[0]: 21 (1)
[0]: 22 (1)
[0]: 23 (1)
[0]: 24 (1)
[0]: 25 (1)
[0]: 26 (1)
Label 'zone':
Label 'Face Sets':
[0]: 1 (1)
[0]: 3 (1)
[0]: 5 (1)
[0]: 7 (1)
[0]: 9 (1)
[0]: 15 (1)
[0]: 16 (1)
[0]: 17 (1)
[0]: 18 (1)
[0]: 2 (2)
[0]: 4 (2)
[0]: 6 (2)
[0]: 8 (2)
[0]: 10 (2)
[0]: 19 (2)
[0]: 20 (2)
[0]: 21 (2)
[0]: 22 (2)
[0]: 1 (3)
[0]: 2 (3)
[0]: 5 (3)
[0]: 6 (3)
[0]: 11 (3)
[0]: 18 (3)
[0]: 19 (3)
[0]: 23 (3)
[0]: 24 (3)
[0]: 3 (4)
[0]: 4 (4)
[0]: 7 (4)
[0]: 8 (4)
[0]: 12 (4)
[0]: 16 (4)
[0]: 21 (4)
[0]: 25 (4)
[0]: 26 (4)
[0]: 5 (5)
[0]: 6 (5)
[0]: 7 (5)
[0]: 8 (5)
[0]: 13 (5)
[0]: 17 (5)
[0]: 20 (5)
[0]: 23 (5)
[0]: 26 (5)
[0]: 1 (6)
[0]: 2 (6)
[0]: 3 (6)
[0]: 4 (6)
[0]: 14 (6)
[0]: 15 (6)
[0]: 22 (6)
[0]: 24 (6)
[0]: 25 (6)
PetscSF Object: Isoperiodic Faces by matching centroids 1 MPI process
  type: basic
  [0] Number of roots=27, leaves=1, remote ranks=1
  [0] 9 <- (0,10)
  [0] Roots referenced by my leaves, by rank
  [0] 0: 1 edges
  [0]    9 <- 10
  MultiSF sort=rank-order
Before setuplibCEED navierstokes.c : 
Named local vector IC reached conditional for Q vector navierstokes.c : InitialCondition
Named local vector IC reached load to Q vector navierstokes.c : InitialCondition

-- Navier-Stokes solver - libCEED + PETSc --
  MPI:
    Host Name                          : viz003
    Total ranks                        : 1
  Problem:
    Problem Name                       : gaussian_wave
    Stabilization                      : SUPG
  libCEED:
    libCEED Backend                    : /cpu/self/avx/blocked
    libCEED Backend MemType            : host
  PETSc:
    Box Faces                          : 3,3,3
    A MatType                          : shell
    P MatType                          : aij
    DM VecType                         : standard
    Time Stepping Scheme               : implicit
  Mesh:
    Number of 1D Basis Nodes (P)       : 4
    Number of 1D Quadrature Points (Q) : 4
    Global DoFs                        : 240
    DoFs per node                      : 5
    Global 5-DoF nodes                 : 48
  Partition:                             (min,max,median,max/median)
    Global Vector 5-DoF nodes          : 48, 48, 48, 1.000000
    Local Vector 5-DoF nodes           : 64, 64, 64, 1.000000
Before TSSolve navierstokes.c : 
    0 SNES Function norm 8.177388642255e+01
      Linear solve converged due to CONVERGED_RTOL iterations 82
    1 SNES Function norm 4.122992824066e+01
    Nonlinear solve converged due to CONVERGED_FNORM_RELATIVE iterations 1
5 TS dt 0.002 time 0.01
    0 SNES Function norm 8.177388642255e+01
      Linear solve converged due to CONVERGED_RTOL iterations 82
    1 SNES Function norm 4.122999936621e+01
      Linear solve did not converge due to DIVERGED_ITS iterations 10000
    Nonlinear solve did not converge due to DIVERGED_LINEAR_SOLVE iterations 1
5 TS dt 0.002 time 0.01
Time taken for solution (sec): 18.303
Time integrator CONVERGED_ITS on time step 5 with final time 0.01
****************************************************************************************************************************************************************
***                                WIDEN YOUR WINDOW TO 160 CHARACTERS.  Use 'enscript -r -fCourier9' to print this document                                 ***
****************************************************************************************************************************************************************

------------------------------------------------------------------ PETSc Performance Summary: ------------------------------------------------------------------



      ##########################################################
      #                                                        #
      #                       WARNING!!!                       #
      #                                                        #
      #   This code was compiled with a debugging option.      #
      #   To get timing results run ./configure                #
      #   using --with-debugging=no, the performance will      #
      #   be generally two or three times faster.              #
      #                                                        #
      ##########################################################


../navierstokes on a Viz003debug named viz003 with 1 process, by kjansen on Tue Aug 27 08:50:19 2024
Using Petsc Development GIT revision: v3.20.4-1848-ge30157ff951  GIT Date: 2024-08-13 15:03:51 -0600

                         Max       Max/Min     Avg       Total
Time (sec):           2.972e+01     1.000   2.972e+01
Objects:              0.000e+00     0.000   0.000e+00
Flops:                8.584e+08     1.000   8.584e+08  8.584e+08
Flops/sec:            2.888e+07     1.000   2.888e+07  2.888e+07
Memory (bytes):       3.743e+07     1.000   3.743e+07  3.743e+07
MPI Msg Count:        0.000e+00     0.000   0.000e+00  0.000e+00
MPI Msg Len (bytes):  8.000e+00     1.000   0.000e+00  8.000e+00
MPI Reductions:       2.000e+00     1.000

Flop counting convention: 1 flop = 1 real number operation of type (multiply/divide/add/subtract)
                            e.g., VecAXPY() for real vectors of length N --> 2N flops
                            and VecAXPY() for complex vectors of length N --> 8N flops

Summary of Stages:   ----- Time ------  ----- Flop ------  --- Messages ---  -- Message Lengths --  -- Reductions --
                        Avg     %Total     Avg     %Total    Count   %Total     Avg         %Total    Count   %Total
 0:      Main Stage: 1.1182e+01  37.6%  2.5203e+07   2.9%  0.000e+00   0.0%  0.000e+00      100.0%  2.000e+00 100.0%
 1:    Fluids Solve: 1.8303e+01  61.6%  8.2617e+08  96.2%  0.000e+00   0.0%  0.000e+00        0.0%  0.000e+00   0.0%
 2: MATCEED Assembly Setup: 3.0814e-02   0.1%  0.0000e+00   0.0%  0.000e+00   0.0%  0.000e+00        0.0%  0.000e+00   0.0%

------------------------------------------------------------------------------------------------------------------------
See the 'Profiling' chapter of the users' manual for details on interpreting output.
Phase summary info:
   Count: number of times phase was executed
   Time and Flop: Max - maximum over all processors
                  Ratio - ratio of maximum to minimum over all processors
   Mess: number of messages sent
   AvgLen: average message length (bytes)
   Reduct: number of global reductions
   Global: entire computation
   Stage: stages of a computation. Set stages with PetscLogStagePush() and PetscLogStagePop().
      %T - percent time in this phase         %F - percent flop in this phase
      %M - percent messages in this phase     %L - percent message lengths in this phase
      %R - percent reductions in this phase
   Total Mflop/s: 10e-6 * (sum of flop over all processors)/(max time over all processors)
------------------------------------------------------------------------------------------------------------------------


      ##########################################################
      #                                                        #
      #                       WARNING!!!                       #
      #                                                        #
      #   This code was compiled with a debugging option.      #
      #   To get timing results run ./configure                #
      #   using --with-debugging=no, the performance will      #
      #   be generally two or three times faster.              #
      #                                                        #
      ##########################################################


Event                Count      Time (sec)     Flop                              --- Global ---  --- Stage ----  Total
                   Max Ratio  Max     Ratio   Max  Ratio  Mess   AvgLen  Reduct  %T %F %M %L %R  %T %F %M %L %R Mflop/s
------------------------------------------------------------------------------------------------------------------------

--- Event Stage 0: Main Stage

PetscBarrier           2 1.0 3.8960e-06 1.0 0.00e+00 0.0 0.0e+00 0.0e+00 0.0e+00  0  0  0  0  0   0  0  0  0  0     0
BuildTwoSided         11 1.0 7.9736e-05 1.0 0.00e+00 0.0 0.0e+00 0.0e+00 0.0e+00  0  0  0  0  0   0  0  0  0  0     0
CeedOpApply            1 1.0 1.9240e-04 1.0 0.00e+00 0.0 0.0e+00 0.0e+00 0.0e+00  0  0  0  0  0   0  0  0  0  0     0
DMCreateMat            1 1.0 1.7273e-04 1.0 0.00e+00 0.0 0.0e+00 0.0e+00 0.0e+00  0  0  0  0  0   0  0  0  0  0     0
DMPlexBuFrCeLi         1 1.0 6.1779e-04 1.0 0.00e+00 0.0 0.0e+00 0.0e+00 0.0e+00  0  0  0  0  0   0  0  0  0  0     0
DMPlexCrFromFile       1 1.0 3.8468e+00 1.0 1.05e+07 1.0 0.0e+00 0.0e+00 0.0e+00 13  1  0  0  0  34 42  0  0  0     3
DMPlexCrFromOpts       1 1.0 3.8472e+00 1.0 1.05e+07 1.0 0.0e+00 0.0e+00 0.0e+00 13  1  0  0  0  34 42  0  0  0     3
DMPlexInterp          61 1.0 2.7352e-02 1.0 0.00e+00 0.0 0.0e+00 0.0e+00 0.0e+00  0  0  0  0  0   0  0  0  0  0     0
DMPlexStratify        88 1.0 1.3207e-01 1.0 0.00e+00 0.0 0.0e+00 0.0e+00 0.0e+00  0  0  0  0  0   1  0  0  0  0     0
DMPlexSymmetrize      88 1.0 7.3848e-04 1.0 0.00e+00 0.0 0.0e+00 0.0e+00 0.0e+00  0  0  0  0  0   0  0  0  0  0     0
DMPlexGetLocOff       10 1.0 9.5286e-04 1.0 0.00e+00 0.0 0.0e+00 0.0e+00 0.0e+00  0  0  0  0  0   0  0  0  0  0     0
SFSetGraph            13 1.0 6.7721e-05 1.0 0.00e+00 0.0 0.0e+00 0.0e+00 0.0e+00  0  0  0  0  0   0  0  0  0  0     0
SFSetUp               11 1.0 5.3781e-04 1.0 0.00e+00 0.0 0.0e+00 0.0e+00 0.0e+00  0  0  0  0  0   0  0  0  0  0     0
SFBcastBegin          16 1.0 2.9017e-04 1.0 0.00e+00 0.0 0.0e+00 0.0e+00 0.0e+00  0  0  0  0  0   0  0  0  0  0     0
SFBcastEnd            16 1.0 6.2629e-05 1.0 0.00e+00 0.0 0.0e+00 0.0e+00 0.0e+00  0  0  0  0  0   0  0  0  0  0     0
SFReduceBegin          4 1.0 9.7671e-05 1.0 0.00e+00 0.0 0.0e+00 0.0e+00 0.0e+00  0  0  0  0  0   0  0  0  0  0     0
SFReduceEnd            4 1.0 1.1858e-05 1.0 0.00e+00 0.0 0.0e+00 0.0e+00 0.0e+00  0  0  0  0  0   0  0  0  0  0     0
SFPack                21 1.0 1.9395e-05 1.0 0.00e+00 0.0 0.0e+00 0.0e+00 0.0e+00  0  0  0  0  0   0  0  0  0  0     0
DualSpaceSetUp        10 1.0 6.8985e-01 1.0 9.42e+03 1.0 0.0e+00 0.0e+00 0.0e+00  2  0  0  0  0   6  0  0  0  0     0
FESetUp               12 1.0 9.8188e+00 1.0 0.00e+00 0.0 0.0e+00 0.0e+00 0.0e+00 33  0  0  0  0  88  0  0  0  0     0
VecView                1 1.0 1.1465e-04 1.0 0.00e+00 0.0 0.0e+00 0.0e+00 0.0e+00  0  0  0  0  0   0  0  0  0  0     0
VecCopy                4 1.0 2.5810e-05 1.0 0.00e+00 0.0 0.0e+00 0.0e+00 0.0e+00  0  0  0  0  0   0  0  0  0  0     0
VecSet                 3 1.0 9.2140e-06 1.0 0.00e+00 0.0 0.0e+00 0.0e+00 0.0e+00  0  0  0  0  0   0  0  0  0  0     0
VecAXPY                1 1.0 6.5860e-06 1.0 6.40e+02 1.0 0.0e+00 0.0e+00 0.0e+00  0  0  0  0  0   0  0  0  0  0    97
VecScatterBegin        1 1.0 3.5651e-05 1.0 0.00e+00 0.0 0.0e+00 0.0e+00 0.0e+00  0  0  0  0  0   0  0  0  0  0     0
VecScatterEnd          1 1.0 1.2785e-05 1.0 0.00e+00 0.0 0.0e+00 0.0e+00 0.0e+00  0  0  0  0  0   0  0  0  0  0     0
MatMult                1 1.0 8.7900e-06 1.0 3.20e+02 1.0 0.0e+00 0.0e+00 0.0e+00  0  0  0  0  0   0  0  0  0  0    36
MatAssemblyBegin     156 1.0 2.7946e-04 1.0 0.00e+00 0.0 0.0e+00 0.0e+00 0.0e+00  0  0  0  0  0   0  0  0  0  0     0
MatAssemblyEnd       156 1.0 1.3370e-03 1.0 0.00e+00 0.0 0.0e+00 0.0e+00 0.0e+00  0  0  0  0  0   0  0  0  0  0     0
MatSetPreallCOO       74 1.0 2.8746e-03 1.0 0.00e+00 0.0 0.0e+00 0.0e+00 0.0e+00  0  0  0  0  0   0  0  0  0  0     0
MatSetValuesCOO       74 1.0 1.7833e-03 1.0 0.00e+00 0.0 0.0e+00 0.0e+00 0.0e+00  0  0  0  0  0   0  0  0  0  0     0

--- Event Stage 1: Fluids Solve

PetscBarrier           1 1.0 1.6480e-06 1.0 0.00e+00 0.0 0.0e+00 0.0e+00 0.0e+00  0  0  0  0  0   0  0  0  0  0     0
CeedOpApply            3 1.0 5.0343e-03 1.0 0.00e+00 0.0 0.0e+00 0.0e+00 0.0e+00  0  0  0  0  0   0  0  0  0  0     0
SFBcastBegin        9761 1.0 7.3504e-02 1.0 0.00e+00 0.0 0.0e+00 0.0e+00 0.0e+00  0  0  0  0  0   0  0  0  0  0     0
SFBcastEnd          9761 1.0 1.9908e-02 1.0 0.00e+00 0.0 0.0e+00 0.0e+00 0.0e+00  0  0  0  0  0   0  0  0  0  0     0
SFReduceBegin       9757 1.0 7.4111e-02 1.0 0.00e+00 0.0 0.0e+00 0.0e+00 0.0e+00  0  0  0  0  0   0  0  0  0  0     0
SFReduceEnd         9757 1.0 1.8825e-02 1.0 0.00e+00 0.0 0.0e+00 0.0e+00 0.0e+00  0  0  0  0  0   0  0  0  0  0     0
SFPack             19518 1.0 1.4044e-02 1.0 0.00e+00 0.0 0.0e+00 0.0e+00 0.0e+00  0  0  0  0  0   0  0  0  0  0     0
VecView                1 1.0 3.1514e-02 1.0 9.60e+02 1.0 0.0e+00 0.0e+00 0.0e+00  0  0  0  0  0   0  0  0  0  0     0
VecDot                 1 1.0 2.5470e-06 1.0 4.79e+02 1.0 0.0e+00 0.0e+00 0.0e+00  0  0  0  0  0   0  0  0  0  0   188
VecMDot            10082 1.0 6.7986e-02 1.0 7.47e+07 1.0 0.0e+00 0.0e+00 0.0e+00  0  9  0  0  0   0  9  0  0  0  1099
VecNorm            10758 1.0 2.0002e-02 1.0 5.15e+06 1.0 0.0e+00 0.0e+00 0.0e+00  0  1  0  0  0   0  1  0  0  0   258
VecScale           11089 1.0 2.0205e-02 1.0 2.66e+06 1.0 0.0e+00 0.0e+00 0.0e+00  0  0  0  0  0   0  0  0  0  0   132
VecCopy             2014 1.0 4.4054e-03 1.0 0.00e+00 0.0 0.0e+00 0.0e+00 0.0e+00  0  0  0  0  0   0  0  0  0  0     0
VecSet             20185 1.0 4.5639e-02 1.0 0.00e+00 0.0 0.0e+00 0.0e+00 0.0e+00  0  0  0  0  0   0  0  0  0  0     0
VecAXPY             1337 1.0 2.5991e-03 1.0 6.42e+05 1.0 0.0e+00 0.0e+00 0.0e+00  0  0  0  0  0   0  0  0  0  0   247
VecAXPBYCZ             3 1.0 9.1710e-06 1.0 2.16e+03 1.0 0.0e+00 0.0e+00 0.0e+00  0  0  0  0  0   0  0  0  0  0   236
VecWAXPY               2 1.0 6.0120e-06 1.0 7.20e+02 1.0 0.0e+00 0.0e+00 0.0e+00  0  0  0  0  0   0  0  0  0  0   120
VecMAXPY           10754 1.0 1.0367e-01 1.0 8.44e+07 1.0 0.0e+00 0.0e+00 0.0e+00  0 10  0  0  0   1 10  0  0  0   814
VecPointwiseMult       1 1.0 4.0950e-06 1.0 3.20e+02 1.0 0.0e+00 0.0e+00 0.0e+00  0  0  0  0  0   0  0  0  0  0    78
VecReduceArith         2 1.0 3.1070e-06 1.0 9.58e+02 1.0 0.0e+00 0.0e+00 0.0e+00  0  0  0  0  0   0  0  0  0  0   308
VecReduceComm          1 1.0 1.3180e-06 1.0 0.00e+00 0.0 0.0e+00 0.0e+00 0.0e+00  0  0  0  0  0   0  0  0  0  0     0
MatMult             9754 1.0 1.7465e+01 1.0 6.59e+08 1.0 0.0e+00 0.0e+00 0.0e+00 59 77  0  0  0  95 80  0  0  0    38
MATCEED Mult        9754 1.0 1.7406e+01 1.0 6.59e+08 1.0 0.0e+00 0.0e+00 0.0e+00 59 77  0  0  0  95 80  0  0  0    38
TSStep                 1 1.0 1.8271e+01 1.0 8.26e+08 1.0 0.0e+00 0.0e+00 0.0e+00 61 96  0  0  0 100 100  0  0  0    45
TSFunctionEval         3 1.0 5.2464e-03 1.0 0.00e+00 0.0 0.0e+00 0.0e+00 0.0e+00  0  0  0  0  0   0  0  0  0  0     0
KSPSetUp               2 1.0 4.2080e-06 1.0 0.00e+00 0.0 0.0e+00 0.0e+00 0.0e+00  0  0  0  0  0   0  0  0  0  0     0
KSPSolve               2 1.0 1.8264e+01 1.0 8.26e+08 1.0 0.0e+00 0.0e+00 0.0e+00 61 96  0  0  0 100 100  0  0  0    45
KSPGMRESOrthog     10082 1.0 3.4204e-01 1.0 1.50e+08 1.0 0.0e+00 0.0e+00 0.0e+00  1 17  0  0  0   2 18  0  0  0   437
SNESSolve              1 1.0 1.8271e+01 1.0 8.26e+08 1.0 0.0e+00 0.0e+00 0.0e+00 61 96  0  0  0 100 100  0  0  0    45
SNESFunctionEval       3 1.0 5.2887e-03 1.0 2.16e+03 1.0 0.0e+00 0.0e+00 0.0e+00  0  0  0  0  0   0  0  0  0  0     0
SNESLineSearch         1 1.0 5.4085e-03 1.0 7.26e+04 1.0 0.0e+00 0.0e+00 0.0e+00  0  0  0  0  0   0  0  0  0  0    13
PCApply             9755 1.0 2.0286e-01 1.0 0.00e+00 0.0 0.0e+00 0.0e+00 0.0e+00  1  0  0  0  0   1  0  0  0  0     0

--- Event Stage 2: MATCEED Assembly Setup

MatSetPreallCOO        1 1.0 2.8325e-02 1.0 0.00e+00 0.0 0.0e+00 0.0e+00 0.0e+00  0  0  0  0  0  92  0  0  0  0     0
------------------------------------------------------------------------------------------------------------------------

Object Type          Creations   Destructions. Reports information only for process 0.

--- Event Stage 0: Main Stage

           Container   162            163
    Distributed Mesh   200            200
            DM Label   466            465
          Quadrature  3266           3266
           Index Set  2142           2138
   IS L to G Mapping   609            609
             Section   593            591
    Section Symmetry     4              3
   Star Forest Graph   498            496
     Discrete System   288            267
           Weak Form   288            267
    GraphPartitioner    89             89
        Linear Space    24             24
          Dual Space   112            112
            FE Space    12             12
              Vector   125            174
              Matrix   444            445
              Viewer     3              3
       Field over DM     1              1
             TSAdapt     1              1
                  TS     1              1
                DMTS     1              1
                SNES     1              1
              DMSNES     3              3
      SNESLineSearch     1              1
       Krylov Solver     1              1
     DMKSP interface     0              1
      Preconditioner     1              1

--- Event Stage 1: Fluids Solve

              Vector    50              1
              Matrix     1              0
     DMKSP interface     1              0

--- Event Stage 2: MATCEED Assembly Setup

           Container     1              0
========================================================================================================================
Average time to get PetscTime(): 6.11e-08
#PETSc Option Table entries:
-amat_type shell # (source: file)
-amplitude 2 # (source: file)
-bc_freestream 4,6,3,5 # (source: file)
-degree 3 # (source: command line)
-dm_blocking_type field_node # (source: code)
-dm_localize 0 # (source: code)
-dm_plex_box_label # (source: command line)
-dm_plex_filename flowCoarseBy3-0.cgns # (source: command line)
-dm_setupCoord TRUE # (source: command line)
-dm_setupFace TRUE # (source: command line)
-dm_sparse_localize 0 # (source: code)
-dm_view ascii::ascii_info_detail # (source: command line)
-DtoPvec 0,0,-0.025 # (source: command line)
-epicenter 0.33,0.75,0 # (source: file)
-freestream_velocity 2,2,0 # (source: file)
-implicit true # (source: file)
-ksp_converged_reason # (source: file)
-ksp_rtol 1e-2 # (source: file)
-ksp_type lgmres # (source: file)
-log_view # (source: file)
-log_view_gpu_time # (source: file)
-mu 0 # (source: file)
-named_local_vector_migrate InitialCondition # (source: command line)
-output_add_stepnum2bin true # (source: file)
-output_dir ./output_files # (source: file)
-pc_type vpbjacobi # (source: file)
-pmat_pbdiagonal true # (source: file)
-preload true # (source: file)
-problem gaussian_wave # (source: file)
-reference_pressure 71.75 # (source: file)
-reference_temperature 0.25 # (source: file)
-sectionAfterInterpolate # (source: command line)
-snes_converged_reason # (source: file)
-snes_lag_jacobian 9 # (source: file)
-snes_lag_jacobian_persists # (source: file)
-snes_monitor # (source: file)
-snes_rtol 1e-4 # (source: file)
-stab supg # (source: file)
-state_var primitive # (source: file)
-ts_adapt_type none # (source: file)
-ts_dt 2e-3 # (source: file)
-ts_max_steps 10 # (source: command line)
-ts_monitor # (source: file)
-ts_monitor_solution cgns:flowIn-%d.cgns # (source: file)
-ts_monitor_solution_interval 50 # (source: file)
-ts_type beuler # (source: file)
-use_gpu_aware_mpi 0 # (source: file)
-viewer_cgns_batch_size 10 # (source: file)
-width 0.05 # (source: file)
#End of PETSc Option Table entries
Compiled without FORTRAN kernels
Compiled with 64-bit PetscInt
Compiled with full precision matrices (default)
sizeof(short) 2 sizeof(int) 4 sizeof(long) 8 sizeof(void*) 8 sizeof(PetscScalar) 8 sizeof(PetscInt) 8
Configure options: --with-debugging=1 --with-64-bit-indices --with-cc=mpicc --with-cxx=mpicxx --with-fc=0 --COPTFLAGS="-O0 -g" --CXXOPTFLAGS="-O0 -g" --FOPTFLAGS="-O0 -g" --download-hdf5 --download-cgns --download-metis --download-parmetis --PETSC_ARCH=Viz003debug
-----------------------------------------
Libraries compiled on 2024-08-23 04:52:02 on viz003 
Machine characteristics: Linux-3.16.0-4-amd64-x86_64-with-debian-8.11
Using PETSc directory: /projects/tools/petsc/petsc_kjansenFork/petsc-kjansen-fork
Using PETSc arch: Viz003debug
-----------------------------------------

Using C compiler: mpicc  -fPIC -Wall -Wwrite-strings -Wno-unknown-pragmas -Wno-lto-type-mismatch -fstack-protector -fvisibility=hidden -Wall -Wwrite-strings -Wno-unknown-pragmas -Wno-lto-type-mismatch -fstack-protector -fvisibility=hidden -O0 -g  
-----------------------------------------

Using include paths: -I/projects/tools/petsc/petsc_kjansenFork/petsc-kjansen-fork/include -I/projects/tools/petsc/petsc_kjansenFork/petsc-kjansen-fork/Viz003debug/include
-----------------------------------------

Using C linker: mpicc
Using libraries: -Wl,-rpath,/projects/tools/petsc/petsc_kjansenFork/petsc-kjansen-fork/Viz003debug/lib -L/projects/tools/petsc/petsc_kjansenFork/petsc-kjansen-fork/Viz003debug/lib -lpetsc -Wl,-rpath,/projects/tools/petsc/petsc_kjansenFork/petsc-kjansen-fork/Viz003debug/lib -L/projects/tools/petsc/petsc_kjansenFork/petsc-kjansen-fork/Viz003debug/lib -llapack -lblas -lparmetis -lmetis -lcgns -lhdf5_hl -lhdf5 -lm -lX11 -lstdc++ -lquadmath -ldl
-----------------------------------------



      ##########################################################
      #                                                        #
      #                       WARNING!!!                       #
      #                                                        #
      #   This code was compiled with a debugging option.      #
      #   To get timing results run ./configure                #
      #   using --with-debugging=no, the performance will      #
      #   be generally two or three times faster.              #
      #                                                        #
      ##########################################################


