Vec Object: 1 MPI processes
  type: seq
1.15789
-0.00123222
-0.00123222
0.0313529
249273.
1.15789
0.00123222
-0.00123222
0.0313529
249273.
1.15789
-0.00123222
0.00123222
0.0313529
249273.
1.15789
0.00123222
0.00123222
0.0313529
249273.
1.15208
-0.0245561
-0.0245561
0.0577992
248348.
1.15208
0.0245561
-0.0245561
0.0577992
248348.
1.15208
-0.0245561
0.0245561
0.0577992
248348.
1.15208
0.0245561
0.0245561
0.0577992
248348.
1.21924
-0.0337826
-0.0337826
-0.0677499
247236.
1.21924
0.0337826
-0.0337826
-0.0677499
247236.
1.21924
-0.0337826
0.0337826
-0.0677499
247236.
1.21924
0.0337826
0.0337826
-0.0677499
247236.
1.21234
0.0584759
0.0584759
-0.0996607
246206.
1.21234
-0.0584759
0.0584759
-0.0996607
246206.
1.21234
0.0584759
-0.0584759
-0.0996607
246206.
1.21234
-0.0584759
-0.0584759
-0.0996607
246206.
1.16139
249810.
1.16139
249810.
1.16139
249810.
1.16139
249810.
1.14848
0.285246
247781.
1.14848
0.285246
247781.
1.14848
0.285246
247781.
1.14848
0.285246
247781.
1.13459
245422.
1.13459
245422.
1.13459
245422.
1.13459
245422.
1.15787
-0.00208377
0.0293542
249266.
1.15787
0.00208377
0.0293542
249266.
1.15206
-0.0160867
0.115131
248346.
1.15206
0.0160867
0.115131
248346.
1.15787
-0.00208377
0.0293542
249266.
1.15787
0.00208377
0.0293542
249266.
1.15206
-0.0160867
0.115131
248346.
1.15206
0.0160867
0.115131
248346.
1.16606
-0.0238497
0.345837
247153.
1.16606
0.0238497
0.345837
247153.
1.15976
0.0410018
0.264448
246103.
1.15976
-0.0410018
0.264448
246103.
1.16606
-0.0238497
0.345837
247153.
1.16606
0.0238497
0.345837
247153.
1.15976
0.0410018
0.264448
246103.
1.15976
-0.0410018
0.264448
246103.
1.15787
-0.00208377
0.0293542
249266.
1.15787
0.00208377
0.0293542
249266.
1.15206
-0.0160867
0.115131
248346.
1.15206
0.0160867
0.115131
248346.
1.15787
-0.00208377
0.0293542
249266.
1.15787
0.00208377
0.0293542
249266.
1.15206
-0.0160867
0.115131
248346.
1.15206
0.0160867
0.115131
248346.
1.16606
-0.0238497
0.345837
247153.
1.16606
0.0238497
0.345837
247153.
1.15976
0.0410018
0.264448
246103.
1.15976
-0.0410018
0.264448
246103.
1.16606
-0.0238497
0.345837
247153.
1.16606
0.0238497
0.345837
247153.
1.15976
0.0410018
0.264448
246103.
1.15976
-0.0410018
0.264448
246103.
1.16142
0.00431451
0.00431451
249817.
1.16142
-0.00431451
0.00431451
249817.
1.16142
0.00431451
-0.00431451
249817.
1.16142
-0.00431451
-0.00431451
249817.
1.1702
-0.0641856
-0.0641856
0.0262389
247810.
1.1702
0.0641856
-0.0641856
0.0262389
247810.
1.1702
-0.0641856
0.0641856
0.0262389
247810.
1.1702
0.0641856
0.0641856
0.0262389
247810.
1.15571
0.130871
0.130871
245452.
1.15571
-0.130871
0.130871
245452.
1.15571
0.130871
-0.130871
245452.
1.15571
-0.130871
-0.130871
245452.
1.1614
0.00370007
249815.
1.1614
-0.00370007
249815.
1.1614
0.00370007
249815.
1.1614
-0.00370007
249815.
1.15019
-0.0440489
0.221327
247782.
1.15019
0.0440489
0.221327
247782.
1.15019
-0.0440489
0.221327
247782.
1.15019
0.0440489
0.221327
247782.
1.13629
0.0853752
245419.
1.13629
-0.0853752
245419.
1.13629
0.0853752
245419.
1.13629
-0.0853752
245419.
1.1614
0.00370007
249815.
1.1614
-0.00370007
249815.
1.1614
0.00370007
249815.
1.1614
-0.00370007
249815.
1.15019
-0.0440489
0.221327
247782.
1.15019
0.0440489
0.221327
247782.
1.15019
-0.0440489
0.221327
247782.
1.15019
0.0440489
0.221327
247782.
1.13629
0.0853752
245419.
1.13629
-0.0853752
245419.
1.13629
0.0853752
245419.
1.13629
-0.0853752
245419.
1.15785
0.0339238
249260.
1.15206
0.144611
248347.
1.14635
0.501005
247123.
1.14012
0.396124
246067.
1.15785
0.0339238
249260.
1.15206
0.144611
248347.
1.14635
0.501005
247123.
1.14012
0.396124
246067.
1.15785
0.0339238
249260.
1.15206
0.144611
248347.
1.14635
0.501005
247123.
1.14012
0.396124
246067.
1.15785
0.0339238
249260.
1.15206
0.144611
248347.
1.14635
0.501005
247123.
1.14012
0.396124
246067.
