Vec Object: 1 MPI processes
  type: seq
1.158
0.000889302
0.000889302
0.0667302
249303.
1.158
-0.000889301
0.000889302
0.0667302
249303.
1.158
0.0008893
-0.000889305
0.0667302
249303.
1.158
-0.000889302
-0.000889302
0.0667302
249303.
1.15206
-0.0197164
-0.0197164
0.0755495
248345.
1.15206
0.0197164
-0.0197164
0.0755495
248345.
1.15206
-0.0197164
0.0197164
0.0755495
248345.
1.15206
0.0197164
0.0197164
0.0755495
248345.
1.21918
-0.0369195
-0.0369195
-0.0981664
247214.
1.21918
0.0369195
-0.0369195
-0.0981664
247214.
1.21918
-0.0369195
0.0369195
-0.0981664
247214.
1.21918
0.0369195
0.0369195
-0.0981664
247214.
1.2123
0.0541632
0.0541632
-0.112599
246200.
1.2123
-0.0541632
0.0541632
-0.112599
246200.
1.2123
0.0541632
-0.0541632
-0.112599
246200.
1.2123
-0.0541632
-0.0541632
-0.112599
246200.
1.1616
249872.
1.1616
249872.
1.1616
249872.
1.1616
249872.
1.14833
0.247304
247737.
1.14833
0.247304
247737.
1.14833
0.247304
247737.
1.14833
0.247304
247737.
1.13465
245442.
1.13465
245442.
1.13465
245442.
1.13465
245442.
1.15799
-0.000615605
0.0617893
249303.
1.15799
0.000615603
0.0617893
249303.
1.15204
-0.011083
0.11953
248341.
1.15204
0.011083
0.11953
248341.
1.15799
-0.000615602
0.0617893
249303.
1.15799
0.0006156
0.0617893
249303.
1.15204
-0.011083
0.11953
248341.
1.15204
0.011083
0.11953
248341.
1.16596
-0.0273747
0.310055
247124.
1.16596
0.0273747
0.310055
247124.
1.15976
0.0379264
0.255945
246099.
1.15976
-0.0379264
0.255945
246099.
1.16596
-0.0273748
0.310055
247124.
1.16596
0.0273748
0.310055
247124.
1.15976
0.0379264
0.255945
246099.
1.15976
-0.0379264
0.255945
246099.
1.15799
-0.000615608
0.0617893
249303.
1.15799
0.000615608
0.0617893
249303.
1.15204
-0.011083
0.11953
248341.
1.15204
0.011083
0.11953
248341.
1.15799
-0.000615599
0.0617893
249303.
1.15799
0.000615599
0.0617893
249303.
1.15204
-0.011083
0.11953
248341.
1.15204
0.011083
0.11953
248341.
1.16596
-0.0273747
0.310055
247124.
1.16596
0.0273747
0.310055
247124.
1.15976
0.0379264
0.255945
246099.
1.15976
-0.0379264
0.255945
246099.
1.16596
-0.0273748
0.310055
247124.
1.16596
0.0273748
0.310055
247124.
1.15976
0.0379264
0.255945
246099.
1.15976
-0.0379264
0.255945
246099.
1.16155
0.00142275
0.00142275
249862.
1.16155
-0.00142276
0.00142275
249862.
1.16155
0.00142275
-0.00142275
249862.
1.16155
-0.00142275
-0.00142275
249862.
1.17011
-0.0610908
-0.0610908
0.0011195
247790.
1.17011
0.0610908
-0.0610908
0.0011195
247790.
1.17011
-0.0610908
0.0610908
0.00111949
247790.
1.17011
0.0610908
0.0610908
0.00111949
247790.
1.15576
0.132136
0.132136
245450.
1.15576
-0.132136
0.132136
245450.
1.15576
0.132136
-0.132136
245450.
1.15576
-0.132136
-0.132136
245450.
1.16158
0.00346216
249867.
1.16158
-0.00346216
249867.
1.16158
0.00346215
249867.
1.16158
-0.00346215
249867.
1.1501
-0.0413136
0.189872
247752.
1.1501
0.0413136
0.189872
247752.
1.1501
-0.0413136
0.189872
247752.
1.1501
0.0413136
0.189872
247752.
1.13629
0.0847265
245426.
1.13629
-0.0847265
245426.
1.13629
0.0847265
245426.
1.13629
-0.0847265
245426.
1.16158
0.00346216
249867.
1.16158
-0.00346216
249867.
1.16158
0.00346216
249867.
1.16158
-0.00346215
249867.
1.1501
-0.0413136
0.189872
247752.
1.1501
0.0413136
0.189872
247752.
1.1501
-0.0413136
0.189872
247752.
1.1501
0.0413136
0.189872
247752.
1.13629
0.0847265
245426.
1.13629
-0.0847265
245426.
1.13629
0.0847265
245426.
1.13629
-0.0847265
245426.
1.15799
0.0612323
249304.
1.15203
0.14249
248337.
1.14623
0.471359
247087.
1.14013
0.391744
246067.
1.15799
0.0612323
249304.
1.15203
0.14249
248337.
1.14623
0.471359
247087.
1.14013
0.391744
246067.
1.15799
0.0612323
249304.
1.15203
0.14249
248337.
1.14623
0.471359
247087.
1.14013
0.391744
246067.
1.15799
0.0612323
249304.
1.15203
0.14249
248337.
1.14623
0.471359
247087.
1.14013
0.391744
246067.
